50332
50326
50323
50306
50253
50245
50225
50174
50208
50290
50365
50360
50371
50370
50372
50371
50360
50345
50292
50325
50341
50420
50490
50489
50458
50435
50432
50388
50320
50341
50343
50322
50329
50244
50225
50220
50151
50125
50139
50191
50191
50251
50266
50217
50181
50133
50175
50180
50197
50166
50189
50113
50158
50214
50191
50188
50149
50176
50185
50215
50165
50196
50182
50214
50256
50285
50286
50271
50282
50319
50358
50369
50370
50406
50404
50333
50386
50393
50376
50384
50398
50384
50432
50440
50422
50372
50391
50440
50374
50418
50344
50390
50371
50299
50206
50215
50309
50346
50333
50317
50325
50312
50366
50395
50373
50350
50341
50314
50308
50272
50343
50368
50435
50469
50457
50421
50408
50414
50381
50436
50380
50336
50312
50345
50380
50428
50466
50489
50447
50400
50399
50419
50459
50433
50359
50321
50353
50299
50265
50210
50288
50359
50346
50288
50317
50312
50285
50373
50399
50362
50292
50306
50270
50275
50316
50270
50245
50201
50241
50230
50215
50305
50301
50310
50334
50357
50267
50273
50231
50229
50239
50280
50234
50208
50125
50080
50040
50064
50077
50052
50022
49994
49977
50009
50029
49990
50035
49949
49890
49869
49883
49919
49982
49996
49967
49981
50023
50044
50038
49972
49994
49977
49963
50038
50070
50070
50033
50095
50180
50122
50135
50106
50144
50117
50057
50078
50044
50080
50091
50176
50141
50194
50214
50237
50249
50223
50213
50219
50219
50276
50285
50210
50241
50293
50282
50237
50255
50214
50178
50241
50279
50272
50250
50275
50286
50339
50370
50420
50391
50389
50348
50398
50400
50364
50419
50478
50497
50466
50459
50511
50532
50531
50552
50566
50575
50575
50578
50579
50545
50517
50558
50491
50504
50546
50586
50674
50671
50677
50691
50643
50660
50706
50704
50691
50684
50691
50697
50733
50684
50682
50647
50633
50643
50645
50662
50725
50766
50748
50729
50710
50676
50641
50711
50770
50759
50822
50859
50922
50885
50894
50983
50988
50904
50869
50837
50873
50895
50875
50828
50842
50796
50801
50797
50725
50726
50780
50837
50800
50753
50711
50672
50599
50611
50545
50562
50637
50634
50670
50678
50670
50638
50642
50711
50702
50679
50590
50601
50615
50536
50479
50413
50336
50272
50252
50211
50186
50210
50233
50200
50188
50230
50255
50329
50329
50352
50369
50323
50354
50351
50384
50414
50466
50533
50517
50501
50479
50486
50465
50420
50419
50438
50438
50452
50499
50413
50332
50400
50453
50439
50481
50442
50475
50494
50484
50467
50463
50478
50537
50539
50609
50639
50573
50571
50631
50583
50580
50578
50628
50696
50694
50663
50656
50562
50534
50517
50542
50552
50585
50604
50690
50623
50656
50649
50559
50514
50491
50517
50534
50488
50480
50462
50466
50442
50475
50443
50430
50427
50440
50405
50405
50387
50302
50265
50223
50224
50206
50140
50166
50176
50172
50215
50212
50253
50251
50247
50292
50365
50363
50344
50395
50394
50348
50344
50314
50354
50347
50385
50390
50375
50371
50321
50307
50277
50236
50301
50288
50306
50320
50265
50243
50231
50234
50222
50231
50221
50232
50188
50174
50139
50123
50061
50107
50069
50105
50062
50087
50044
50034
50084
50139
50123
50115
50146
50162
50154
50184
50108
50178
50206
50166
50180
50116
50053
49967
49974
50005
50041
50039
50040
49991
49917
49925
49878
49859
49865
49888
49897
49960
49903
49934
49982
49932
49956
49886
49885
49921
49896
49890
49825
49838
49842
49768
49701
49683
49692
49691
49683
49643
49596
49549
49583
49623
49626
49696
49651
49695
49739
49684
49710
49622
49659
49596
49653
49640
49683
49707
49678
49710
49695
49661
49723
49714
49707
49718
49660
49650
49626
49610
49568
49580
49578
49626
49652
49626
49646
49622
49558
49597
49543
49498
49478
49443
49503
49534
49531
49559
49552
49549
49519
49507
49477
49545
49531
49547
49482
49528
49498
49519
49479
49454
49432
49422
49405
49466
49416
49398
49471
49469
49417
49472
49513
49472
49472
49423
49398
49467
49525
49473
49461
49442
49463
49458
49439
49447
49473
49475
49552
49526
49552
49550
49515
49477
49499
49487
49431
49416
49433
49380
49408
49377
49322
49344
49349
49255
49254
49278
49325
49321
49266
49211
49216
49236
49275
49321
49353
49385
49380
49386
49378
49387
49366
49349
49304
49329
49293
49342
49346
49405
49382
49386
49438
49353
49318
49293
49269
49331
49320
49269
49211
49246
49262
49345
49419
49375
49312
49306
49315
49254
49233
49235
49317
49318
49344
49411
49324
49395
49392
49409
49472
49470
49512
49477
49508
49440
49400
49337
49294
49313
49268
49199
49268
49247
49205
49208
49241
49199
49195
49166
49116
49111
49166
49160
49132
49094
49027
48951
48931
48902
48856
48865
48880
48922
48916
48925
48895
48866
48869
48807
48785
48829
48782
48814
48756
48728
48704
48741
48732
48731
48654
48707
48724
48694
48605
48605
48641
48589
48610
48517
48514
48556
48607
48641
48649
48694
48697
48658
48741
48717
48662
48639
48625
48652
48648
48609
48567
48494
48553
48491
48533
48483
48473
48452
48418
48418
48431
48386
48432
48452
48431
48449
48435
48430
48483
48467
48452
48446
48353
48393
48390
48431
48488
48516
48499
48524
48546
48542
48547
48569
48573
48537
48590
48578
48542
48599
48672
48676
48614
48632
48650
48684
48677
48599
48588
48591
48640
48631
48611
48607
48624
48584
48560
48622
48650
48592
48602
48554
48556
48592
48588
48561
48577
48560
48534
48620
48540
48566
48504
48538
48548
48544
48506
48484
48501
48558
48533
48499
48504
48552
48589
48639
48723
48745
48712
48643
48721
48731
48674
48625
48670
48672
48708
48721
48699
48719
48717
48714
48688
48705
48656
48687
48712
48717
48668
48683
48702
48698
48619
48566
48558
48523
48460
48432
48441
48382
48370
48313
48268
48248
48277
48218
48188
48171
48197
48160
48174
48154
48092
48056
48076
48067
48088
48075
48049
48101
48114
48182
48232
48153
48089
48092
48101
48148
48113
48112
48057
48060
48100
48129
48146
48125
48140
48065
48018
48029
48008
48031
48099
48121
48134
48155
48185
48123
48064
48067
48110
48108
48105
48030
48044
48042
48061
47977
47965
47979
47934
47839
47854
47867
47838
47827
47842
47852
47817
47798
47816
47742
47805
47772
47836
47811
47836
47807
47838
47782
47815
47765
47797
47784
47780
47794
47834
47909
47938
48036
48066
47997
47965
48013
47921
47917
