600971362
258125333
682343575
339497546
763715788
420869759
78023730
502241972
159395943
583614185
240768156
664986398
322140369
746358611
403512582
60666553
484884795
142038766
566257008
223410979
647629221
304783192
729001434
386155405
43309376
467527618
124681589
548899831
206053802
630272044
287426015
711644257
368798228
25952199
450170441
107324412
531542654
188696625
612914867
270068838
694287080
351441051
8595022
432813264
89967235
514185477
171339448
595557690
252711661
676929903
334083874
758302116
415456087
72610058
496828300
153982271
578200513
235354484
659572726
316726697
740944939
398098910
55252881
479471123
136625094
560843336
217997307
642215549
299369520
723587762
380741733
37895704
462113946
119267917
543486159
200640130
624858372
282012343
706230585
363384556
20538527
444756769
101910740
526128982
183282953
607501195
264655166
688873408
346027379
3181350
427399592
84553563
508771805
165925776
590144018
247297989
671516231
328670202
752888444
410042415
67196386
491414628
148568599
572786841
229940812
654159054
311313025
735531267
392685238
49839209
474057451
131211422
555429664
212583635
636801877
293955848
718174090
375328061
32482032
456700274
113854245
538072487
195226458
619444700
276598671
700816913
357970884
15124855
439343097
96497068
520715310
177869281
602087523
259241494
683459736
340613707
764831949
421985920
79139891
503358133
160512104
584730346
241884317
666102559
323256530
747474772
404628743
61782714
486000956
143154927
567373169
224527140
648745382
305899353
730117595
387271566
44425537
468643779
125797750
550015992
207169963
631388205
288542176
712760418
369914389
27068360
451286602
108440573
532658815
189812786
614031028
271184999
695403241
352557212
9711183
433929425
91083396
515301638
172455609
596673851
253827822
678046064
335200035
759418277
416572248
73726219
497944461
155098432
579316674
236470645
660688887
317842858
742061100
399215071
56369042
480587284
137741255
561959497
219113468
643331710
300485681
724703923
381857894
39011865
463230107
120384078
544602320
201756291
625974533
283128504
707346746
364500717
21654688
445872930
103026901
527245143
184399114
608617356
265771327
689989569
347143540
4297511
428515753
85669724
509887966
167041937
591260179
248414150
672632392
329786363
754004605
411158576
68312547
492530789
149684760
573903002
231056973
655275215
312429186
736647428
393801399
50955370
475173612
132327583
556545825
213699796
637918038
295072009
719290251
376444222
33598193
457816435
114970406
539188648
196342619
620560861
277714832
701933074
359087045
16241016
440459258
97613229
521831471
178985442
603203684
260357655
684575897
341729868
765948110
423102081
80256052
504474294
161628265
585846507
243000478
667218720
324372691
748590933
405744904
62898875
487117117
144271088
568489330
225643301
649861543
307015514
731233756
388387727
45541698
469759940
126913911
551132153
208286124
632504366
289658337
713876579
371030550
28184521
452402763
109556734
533774976
190928947
615147189
272301160
696519402
353673373
10827344
435045586
92199557
516417799
173571770
597790012
254943983
679162225
336316196
760534438
417688409
74842380
499060622
156214593
580432835
237586806
661805048
318959019
743177261
400331232
57485203
481703445
138857416
563075658
220229629
644447871
301601842
725820084
382974055
40128026
464346268
121500239
545718481
202872452
627090694
284244665
708462907
365616878
22770849
446989091
104143062
528361304
185515275
609733517
266887488
691105730
348259701
5413672
429631914
86785885
511004127
168158098
592376340
249530311
673748553
330902524
755120766
412274737
69428708
493646950
150800921
575019163
232173134
656391376
313545347
737763589
394917560
52071531
476289773
133443744
557661986
214815957
639034199
296188170
720406412
377560383
34714354
458932596
116086567
540304809
197458780
621677022
278830993
703049235
360203206
17357177
441575419
98729390
522947632
180101603
604319845
261473816
685692058
0
