4 6 7 22 25 26 27 31 32 33 34 35 38 46 48 52 53 57 62 64 67 73 75 76 82 83 100 
4 14 19 21 27 28 33 37 47 48 57 62 64 67 68 72 76 78 79 82 88 91 93 97 
Debug1: 2 4
Debug1: 7 12
Debug1: 9 9
Debug1: 11 4
Debug1: 12 23
Debug1: 14 20
Debug1: 15 1
Debug1: 21 17
Debug1: 23 21
Debug1: 25 15
Debug2: 1 10
Debug2: 1 7
Debug2: 3 18
Debug2: 3 1
Debug2: 4 18
Debug2: 4 1
Debug2: 5 22
Debug2: 5 14
Debug2: 6 5
Debug2: 6 9
Debug2: 8 8
Debug2: 8 11
Debug2: 10 21
Debug2: 10 13
Debug2: 11 14
Debug2: 11 22
Debug2: 13 20
Debug2: 13 3
Debug2: 16 2
Debug2: 16 19
Debug2: 17 20
Debug2: 17 3
Debug2: 18 21
Debug2: 18 24
Debug2: 19 9
Debug2: 19 5
Debug2: 19 16
Debug2: 19 6
Debug2: 20 21
Debug2: 20 24
Debug2: 22 21
Debug2: 22 13
Debug2: 24 11
Debug2: 24 8
Debug2: 25 6
Debug2: 25 16
Debug2: 26 7
Debug2: 26 10
Debug2: 27 2
Debug2: 27 19
50
0
50
-60
0
50
0
-46
-14
0
