175043239
345360806
307120990
566079052
518530593
13522282
795497759
631176601
963901390
869711133
516460228
928479845
824060038
47328717
982892629
810014643
139089715
110319160
210560138
144979034
440326183
605866010
747813977
540006233
779436634
993179954
516532217
371182592
353192259
947578945
854644700
902240650
927474268
87796665
498316981
587670370
951148324
695712906
819971703
833482341
664763003
736157204
821976985
812734783
811817424
980742182
160598865
246899021
368451642
84329947
574953915
53029592
467813500
745410023
764987409
972214450
401690679
526406810
342831989
444081870
82271908
745309409
843118238
343730152
587174975
739052624
600233303
472318815
248566062
264479583
793005267
97889324
880864911
543940762
933658967
262308156
900115007
126046425
363620360
581681795
481532751
652982988
748414551
438920204
263598971
141831017
155571343
109786305
872954032
893837334
649562323
100833105
121006817
185799854
420817426
95197894
537070861
110102906
928953612
527506356
761672866
918017057
817016460
740250765
396525324
133236186
740713522
735445114
988994458
353311633
853329101
69748426
638295736
568762408
570294224
454949876
696655283
349450011
858257723
5572817
328229343
927354170
399189781
169096556
89588561
536011834
446224422
540141471
56798290
99948166
689710156
799632861
698946545
446712811
992912243
326612932
547056704
694554881
392941845
794186321
201512474
244545425
759563466
122079946
219106622
60469189
112869597
179333043
847452757
548897055
159323836
789066151
67263402
523066427
450148189
469988966
591132076
176471715
779199806
513684794
640834412
439282754
47859359
115764470
588000838
865499801
635960167
562737359
350854173
198445467
278027297
647473245
229193658
94457585
561876878
104014204
749165671
230191344
317614915
58919160
431242232
157435957
614287121
143259647
824672769
243738189
743959443
493783977
539129375
567070267
947733156
505457908
511697656
540312256
22926706
973839939
251558213
131750318
255391829
675776855
468344952
570961559
553104734
628678673
893063831
54109977
700744051
781685147
736606272
934009691
131094116
714706931
606994153
750139008
271200780
139131360
253688417
962823797
358488344
325732032
502814408
710529922
524728354
413868306
336720884
756861023
44156886
155952521
610858600
981796941
350686068
642146272
207625872
586699074
145867396
652954945
601256674
903085376
263704499
4102013
24761048
575506949
2042617
208717135
706094198
577128534
2477921
466141111
636575747
759832988
991855606
140518290
306400842
567673236
323314450
267509756
826295566
428276408
26187802
634747112
531299321
54939700
842200945
246562988
784945806
662676105
817272602
925242571
779361618
184090551
622721596
167950608
965083056
135174700
883341323
325628793
4179174
577120039
190660762
30914641
644847715
651613078
717616470
495695657
213044325
870193409
463922842
324396908
444601910
586589117
8066255
760246156
337797168
491810351
22107517
644517356
745818318
987839986
843280468
821255500
88083017
225775963
814573985
319775891
916810873
550511389
722200160
948854050
594806595
317278247
943246749
108020611
476664852
604037890
164821682
287904003
577169340
475376210
422768248
682993138
546798668
950400256
342061670
101681125
489962549
149161727
851244377
618583151
941917426
97962112
639507740
27155469
368697772
645010254
376352456
906103449
619187041
711880367
17147985
914411730
613472475
734092861
729757037
699069714
954940250
808498949
753143050
875753725
832205944
79678307
212375213
947310772
774522711
753653912
275648620
778632272
252469786
219985403
152698278
432506977
355082968
494722525
931125932
834465552
35239766
824303266
323879918
7999659
834996606
919402294
634084060
247319360
214459862
469202949
364443303
278498284
906681044
523303111
727717070
470720354
80554566
522515031
272950547
54622929
237156869
993091738
117836363
242603971
582564143
77636701
248050371
601054292
505396295
939080360
370370531
481063016
110795070
609909177
908157740
953443341
588085476
164317327
40364101
27021756
726627866
274992048
590183018
948837080
226198070
928072520
369465594
99632593
421215822
114607091
726509390
836247615
319305173
603205865
726538382
575371648
453762355
468078885
770909951
571834786
343320905
361123561
714040287
899494882
290606548
163340507
181021498
35663381
167237821
543188057
733865419
579406947
245714087
993126232
60825442
339157893
980206890
104454836
128429035
671192284
834869473
760831803
538091609
429930160
117399516
538304418
323264210
63142964
137627625
521130531
834875636
914660901
740049924
961267093
375807585
577127978
401098256
410849526
363094726
975727588
669035619
622347695
254387682
348165355
429198546
327864202
361717574
219520573
97946147
816740381
997574111
59541711
447449919
611465400
63356585
423098901
420922736
300878310
610477692
268857895
250705790
630742329
200659087
743552666
690303708
21825055
237075196
704823842
461955287
11958230
624687352
430146099
892437828
867186813
230324813
587037037
623178256
304507362
392740006
454323316
602957759
722392141
121707664
693810091
965058777
84878901
306095149
294565945
532629074
892534275
517078573
249280161
880772468
867799430
641101916
491464681
410442117
778978716
661235403
92969429
836007028
406054039
392408265
959040426
787496506
215994641
115846307
752432450
151370353
888777407
976843019
570663803
380989142
111634019
328729468
458459190
716200559
334083128
796961822
70875774
45907488
913121350
728040649
786104015
704727961
249747421
147680811
103211959
688733158
290873699
641625443
822211023
574820404
98333254
302593067
119759030
840536179
122063805
961030767
63369015
660340583
386086479
585504577
260574870
120036624
206021852
963966208
172520360
983161103
52294722
511791955
347820955
698861435
65443163
615478908
49674097
955478799
895617679
120869386
215779010
100807452
618093232
336241803
245614249
402446515
28356925
944942248
16371627
231536482
287199511
503905132
320827564
961685856
780855697
166192163
478392387
894868453
609597690
743508658
304217943
555893783
825690040
480451892
783435279
337746756
649129585
290845656
466531624
399867052
386256003
758756018
475308211
837280441
177178629
152670801
946983618
537865188
432506157
425848741
871687077
217503154
191278649
787320406
103270039
187382615
914284486
832473789
773997385
824729806
672170411
733177222
766310387
638123681
310590603
339892277
394462443
803042341
510307297
606818680
30679728
411948975
231860931
199458889
773149581
379256364
841300516
936114359
298841213
454759722
49046196
914340120
61106995
151119598
281548161
154283391
99610503
485939553
901912776
550766333
706830258
135351838
939056584
242023034
513126617
466260133
154614949
376607222
765210227
75158818
392738291
388426929
863907864
421787483
150683627
293412813
111422169
106934989
656690331
405377011
957269530
816243386
894316200
709389755
560917740
21980824
682628909
110394261
70774841
917325060
695328090
411500674
206955820
934990066
597637057
228902374
406834464
263161629
460128237
694499782
656710009
802698767
973223146
99836229
876335146
577011205
570993499
700345564
798368791
472462830
674361131
186458425
159803621
739303653
229407885
987823301
911840683
96730252
572776711
78083002
57845231
869054386
699759501
793642690
276159860
650379179
229034358
128539250
443424170
399914619
516173147
866375044
510309925
852962136
458118542
667451338
983940606
988513223
152943956
879816033
511941452
109089514
426945510
882865418
974175355
818325635
479198665
105672821
831620598
504637214
832869450
798286124
532971334
650074656
840261252
519020677
515604857
251648587
152023214
180300393
505222055
526172243
705852788
225737869
603823593
378431312
22401080
307998984
578746538
969450395
517846443
936681762
54744944
331374551
258685303
223772386
488409070
237076313
907009847
80866030
704358992
457293234
941295786
808128000
139107705
869278895
953587109
636834256
206071368
179103902
273309053
907633438
344785818
393966982
364975824
724925468
293013421
179919368
746782658
80675406
589900881
55531340
260044033
619858267
602765971
784110813
524422062
419757712
699848872
856164034
324277021
801459796
937033219
751595365
714447008
684653236
203164769
238683693
533918344
724541678
864880171
372975195
505192908
217876992
104619152
810789680
66373350
291212243
901673779
762174772
415924416
818128888
512004370
562903970
871478388
507980774
727346904
347781281
785931485
122971949
725859758
816606795
431143537
600447392
581369771
651546043
70205480
265087127
824554906
324200266
634549434
255551273
802345291
837946931
433652306
672431040
581912455
357716722
887577243
588451559
698744282
639334705
904437837
148325394
766715728
560564184
872587954
570014870
720455840
369625081
632696617
360359635
692404172
813315158
603390023
669033284
135328150
445307545
568786388
550326942
403720402
101180937
152431858
40610985
197429888
397097977
879703260
856271393
28549364
22197255
659899661
693064132
857339179
799473065
612813103
55783496
358686650
491858049
190872209
476063251
751868301
332801724
329021604
726102196
138717258
640323257
577315870
454184110
531100463
628697623
743689008
915516624
15106973
152715682
710744816
436215941
529111973
25575219
287827613
469652914
72351945
361208075
454005263
90675574
733911433
221459479
941359487
300981743
724095707
838560502
488059911
133368009
230615946
104134813
791514357
978858907
222699019
919953296
434114550
30931372
200139222
388718506
369819285
632336996
745785649
376783971
118074817
778713994
601312880
384256458
846846028
690768329
138547695
477507791
318355315
389084833
594719166
262472046
512212330
890530473
655373830
954532973
973010848
526940243
825690188
426382098
403047828
234186457
368831894
76818105
282396981
637861028
532470927
336048370
268334119
335638337
413701506
481326830
833140251
650492036
705620596
52595640
662439919
321515506
499963195
151310702
464192775
108364159
360791073
435672998
77826569
599628373
552109769
591164618
984765431
496118908
339169419
780319935
675560505
34503706
647954887
529951970
874649682
130984941
550574121
960899209
811116953
232948786
362995676
568293433
690728222
849801354
65607557
940023035
124353103
290867699
119749488
992768127
779138327
163151069
159267117
427455224
496883274
352566547
436001465
841849168
437442781
826658396
154797792
378109677
634667583
969982156
893468247
294573756
561331561
46529622
942939637
293801935
530666225
197957109
231158373
890488973
935614982
923263928
719883194
235415881
86075985
620388339
87339186
268580701
326826600
778243140
596573182
330945563
326188331
539163385
124674686
182274758
595880155
874801533
776838063
609037270
966222186
921810944
594385211
427727050
416385048
460974252
291277031
172215647
374715804
245152311
793168104
989761012
451836982
911729285
309161876
856129931
93558137
852485894
252392028
423946915
434555834
538177009
876047564
711607002
648630361
280748196
714252867
558744818
444810135
224435216
538723960
114066849
100063644
922337767
467031021
166128877
512607942
62895011
587304660
8594504
945934570
453964297
833269114
822825142
89662105
783962735
297281789
765656955
70990316
205665548
677322642
787100009
739574241
172142281
772488186
89124366
850466048
118376364
627854738
163097386
679924690
57659238
450601061
539583781
916118519
709812014
725659089
910427247
880640490
416313184
431427159
927277390
513861427
844620280
815961121
752047651
700158546
879598761
730632556
858328692
283311923
77559704
134533561
537197881
652337011
990245597
542817279
732883289
683191410
40206549
522530510
327627780
41767588
455040010
725653727
210271034
208254229
192884367
342103939
50348948
270413251
587183253
670538270
657052990
532996280
360672967
272879053
210235640
309858514
569386542
924257246
301092545
895913104
756715731
850102006
61966219
635322142
216905129
94992132
182140283
571508327
596627246
158648038
497374633
862267152
477808319
991262661
193102556
169012441
535221936
994762212
457375508
645024247
4885283
182009156
864934409
489394560
355480329
233376860
317330267
803241648
445379545
473133461
753208595
149116727
520904486
532393525
48890797
565770151
249304857
948257924
144259004
935819928
718050314
219107006
373344190
330716070
648528342
452125272
155023153
363016012
564700405
601904811
992787423
123848753
969419410
987372736
393274341
403750729
135529421
150206341
200810117
53764541
486369233
44407153
696993824
114803224
795554787
651007443
939000708
94986269
632871511
289076142
259873963
140816575
417847009
754083091
106149790
490180362
201783786
636721302
825913208
595796156
831129090
806113948
580689019
204022051
833501822
229996133
776016929
256183241
827150724
202406215
528173099
797172596
926982147
17270995
711623125
725094392
340682074
618675257
265353281
234644613
170903167
542111827
568945218
157887048
501323956
204987992
367772883
824191136
750515531
823315303
259850078
375774103
356121797
714231336
25474267
537001816
284652912
961102243
87734712
221216984
297084753
440657100
121330542
161340970
784834998
173861393
121896853
898647117
662378512
959208474
943950671
857720556
169053679
665899273
384211179
891804997
98677397
575988440
606927908
809889685
94028103
227012968
791683265
243241674
605306122
470450270
461365188
106319620
817319435
734144951
256644691
616461229
66558984
414624154
565043825
64887612
131488131
709799588
547196296
883029487
917179485
759023114
569749923
401880369
100317806
399867052
161773078
887348862
23473785
781022266
345797414
233065793
9587683
615730661
982793432
667174635
840949076
178467913
452995064
594504676
637095967
539462314
797541222
808605812
902258285
191692212
368873556
650360354
913253948
11845849
324949308
53629345
692198170
696717121
519309236
802283400
273110483
620667922
454456256
761867126
938162350
344156116
785869423
715965441
980587937
633880184
67541725
203966354
792349188
548680508
954720666
749479507
424720653
49600431
955654535
904560767
17508934
364866070
171894364
370161703
813686680
35949359
201767420
534554427
811947423
573254880
355333808
242521181
274898005
15753514
749709066
852465862
108524094
725825793
644218478
495324934
332045781
258600527
684921336
346961367
900126013
822197875
373081073
818137325
620350384
723710980
553752314
871367253
417668865
167963132
477670507
547326746
752818582
915271660
529955457
576723823
525214158
70925825
122677140
439748944
653241060
378144352
157575745
755581727
487181952
981303602
360047842
356533335
149892288
43612776
55487965
262187324
442210367
311509020
190903849
784824748
819203450
238841069
722612726
600052306
367418329
817894486
976025037
575032936
99292128
573508858
329161587
198252938
275124318
867474966
146587191
86031205
143260628
131154354
547495583
136111267
89896465
139707249
401672545
955480217
142486789
502760889
439457553
229900670
80628326
544406585
860984254
413233920
104774244
901357366
88547861
699649566
786802584
102565038
547796966
779707001
361013246
368751711
99483715
236668510
38792620
278992366
320388151
714323208
126456312
140108303
670233794
450369032
804439839
417028359
173378075
563698327
687435587
328908210
122770621
860996796
950621869
768567576
562140736
575741910
690090977
668029925
843494751
11817507
555262763
43560592
542334777
363371906
761970304
809912979
82821826
518932648
344005545
508896280
214125457
131270387
475086881
774341961
115177129
885414769
735191571
962970124
731822293
868490731
873163060
848095961
845445784
810665297
278992623
649208868
4839527
877096929
387563852
839648544
79095390
317096129
239213804
216917698
279876933
297206633
928300496
377847030
945690188
693022893
964708272
854639736
302076220
739391935
890545519
477788836
197939300
405506237
510879867
461783426
390826131
98904345
797646295
591168804
333593112
20282879
258359107
827033762
943324662
887858189
943386449
1584418
233391289
827428568
822105232
412146274
547251798
829914019
376427284
710430179
810847735
242153257
413805204
691581826
407679664
213264681
902209009
380850109
583746703
629707020
267826731
464201780
574053362
603194787
984508364
721597509
251145818
615362809
450694912
759433855
580066204
458376627
545765180
175961872
208836396
121006337
206663687
68614970
544786057
300601495
145189289
354927391
903353076
630715488
61826609
164341000
480294369
70989648
816194023
622859753
678275225
878031033
591029223
330303518
109671099
86230086
239769909
975375878
758634452
458435147
644346023
576173886
374378641
605146729
566241113
274230702
365012607
7796784
980865428
836173778
599328641
603503738
438867126
755272727
508866498
686218464
230239613
963652160
702710795
23997713
227264296
819764191
978114869
426380889
299769271
505382058
233351220
458409707
531894750
836879590
613185618
21025121
458426506
971737349
332767562
329252239
931456757
882265862
5210593
551692892
328726094
956029274
259891206
708613777
488615086
803660837
419326736
216942973
760117789
369019827
728967376
743935533
268451249
961744950
877962368
919008697
662532656
756588502
14748346
614406931
407909959
973993176
805568576
757487283
9220012
791647768
258195884
476242573
947963045
720549451
709501767
787458042
393635468
835597398
884388129
403338774
711763092
474906347
728109987
327257475
525209032
332400636
139052739
900626703
764351432
943493260
504020551
564740748
666983097
861579371
775515723
282911579
318404666
214712818
386359537
808204485
373649114
38101729
923111866
644444654
274598463
691507504
190142719
228202337
675426869
990560020
932151004
521855080
873596011
198131019
242817952
787891127
873122554
829399535
114910271
908784057
694483363
349996077
359894889
574009555
225111252
799884784
757027952
982748780
157543333
549909757
101846921
157181309
328496017
303185362
315562137
816392838
478130979
125091367
629339228
2967922
35716761
543881190
538786491
943546118
130725748
910510922
365668664
217720479
977500743
242557936
718500562
901072489
68264561
25463652
267000607
335119581
534307095
372104629
573072697
102036635
275984718
513400093
471256753
546477017
330906756
351442601
165560786
273333235
831842419
35972683
42151850
493871278
301312453
232055866
986515415
549338998
905640304
278407216
149958672
160099185
242005795
785013711
186389144
389297303
364908955
481780299
982041971
169563214
162280531
682208823
400044313
831826514
601901036
411851978
466376477
20118204
298661689
294470334
790213967
294131714
574312510
365014846
864201750
965324075
577626784
836267930
894825394
303001381
141782128
14561485
756481126
857965083
340482246
586385422
475504970
561575600
746244452
3921553
862976298
507265919
270376452
220569136
889752808
314573916
614119719
424811136
835209122
110894012
251833143
507494248
208042759
725813536
850268533
81142410
388196551
645350730
809675021
329439836
545984110
315614128
9450922
785353255
231498406
421060581
180329947
866360728
415115703
576961678
492415367
313728538
821470521
475639190
35032760
433140788
121806985
719260467
691009527
464920782
363123968
845381874
483275932
849525993
66336918
256657133
269197079
823506218
529522556
763596914
529599216
117246822
831017936
50977527
295346336
686114912
576641000
35763023
452384002
525149702
897135549
983470380
563565876
198611030
578414601
860263113
451126993
767953445
912113266
339976575
29394525
986655363
222413265
367513473
100578386
72605196
882120985
761224497
339725904
604738971
511426067
794049517
938318472
322818909
354044356
676018845
619947701
60707552
929496814
528348837
911476061
787997371
194286818
549278895
408685881
263481596
888558763
653390950
210123393
245686137
158497666
991079553
940319073
526116686
957704289
585149865
658345850
602239282
574451353
765570305
205825159
669985985
405426120
302355892
659728866
205212832
33694936
204403543
436773646
736782401
453409360
506079900
826782955
269719303
637382050
257489503
397308028
852040826
931253434
433952011
153928015
322588673
265530990
328571678
972526623
688035845
277262779
615324154
620898389
110798925
242274074
727017585
24646371
895940980
946931754
362218293
14539071
48786113
23759650
2591182
40196862
981110544
106680623
379432181
691239109
504083021
510137746
108779561
570950779
759887244
740375525
730613696
476028600
584669742
928275804
546711244
776648610
214248504
652981596
863929155
408310881
822779854
593816039
390812827
593781677
765957098
47478584
85020193
906747407
502550714
379931811
596450749
822694830
871236311
251287917
693857020
852815557
932552338
19663153
433697451
556813886
495805320
273145704
641536352
927034162
738234932
449142795
410783850
816335946
815706736
760024832
381168681
368179282
205462431
870085757
390696006
452233769
483134254
154873167
30519791
521193600
947436135
745293540
510615721
388239791
423161976
942250509
506054121
396667714
738781202
923613204
48922225
768946837
389381391
115250021
308818513
915558761
684915269
875017373
699262512
552659125
410859439
328826627
21089233
610441250
143461066
770560227
31326000
956506667
341830089
976993788
774235014
649035501
420746237
700782549
310805672
90478988
823238513
106610533
429060069
71054731
472890786
350986927
937523551
259876015
660088127
121325731
806553431
340467290
505545798
258636736
240897606
55851267
502428771
617086832
161598873
601206767
916079205
923795273
134889739
651612890
1584418
644782582
221278027
273371467
812176647
91096631
177717586
247832065
384314876
888938511
179890943
528422064
184072395
899240800
730955090
430190811
819561806
311066144
965630500
547376038
25460767
384398329
509097201
689126894
54599574
354572335
74916851
972732070
97493018
406455815
443806760
708202728
445129630
727599006
323700084
98121603
839993118
219219508
186201911
498680456
313939911
739035054
429070423
658263418
503564122
505457037
702784851
59822228
772590014
658927203
141175548
520013043
483035798
490079564
835339658
360784642
397130766
31912029
961718754
26029052
839115026
826648695
196932527
388612949
936608002
901162793
41654246
441384121
767224090
382116961
783162955
680155284
719258877
697154677
432425831
701283224
66681265
96766599
521608790
334415788
16741635
281292338
207653529
576159801
121405792
862832670
560728200
151193450
450957062
95884607
253266666
648262084
232935891
916263710
218942087
465671300
938160771
778953841
164791565
425765607
476194292
275404927
21655752
414741176
156799007
735246758
736918438
237315939
236444939
293658211
635635206
208637693
986091365
614445276
208125859
450922120
342850704
650280374
228603400
51466353
998017252
586126590
652784502
536275375
891754599
710900916
15956122
88227032
728787837
130304549
48050235
975416993
227556280
302383161
200582049
685179819
569329119
120838394
286593845
371554403
154184545
635861870
246150665
516786111
406329114
379503645
558198545
982600827
482546688
90450683
365455929
269136252
148234096
808882529
968368102
899844284
670389269
302753311
409483445
75267925
827987257
867237811
22490697
805748803
634087078
211225751
83515079
511686887
78120352
426220247
320914753
62416153
392534949
486433695
443964307
462023040
535984733
244661954
907927353
287838804
543140271
434272574
81422650
28790871
445596131
277798643
632965372
199403813
175836613
628949382
231854746
2784001
702870879
869594083
846458758
660581627
706292685
2643374
529107004
526172717
135360102
910073355
128535041
538295444
990467201
48354793
485686736
126872574
85682547
586788737
295505529
935475345
291952238
340335630
758006373
510769245
721228548
657757476
469906325
169073818
936569665
935654699
615508403
754392348
564741185
216500959
516045458
572086921
844801759
615743471
309627277
808758047
620809092
821597637
982392998
214458357
828032075
371353858
644614730
370192228
516864625
321206356
169718333
502162736
645342212
998053848
438569751
307586917
607791488
436806163
631705905
30776769
989745364
268141828
713007723
417317482
444182731
719054297
691198792
654554563
389797643
716250525
50546577
311441557
756380011
499083778
83102318
485125235
882831236
792245821
719188691
394325399
88101118
850977982
195332747
335082076
188363861
698403766
194878949
551724060
425978468
874849223
53185478
686749227
650240060
353074715
220003918
306926424
700695026
806743123
824264466
250775178
264498150
528143281
32267117
131983151
237784516
609730670
536877102
761527198
420973679
480711315
711186134
798136244
147841595
116795707
816239320
523384075
721933851
796076510
822471826
123423901
11447377
946537860
40709128
35008124
167385110
253106764
21319673
422533906
304367813
715876616
143516964
211883963
566954306
355221090
87204289
690129047
64281341
128129111
626280744
446127822
18140519
298479522
238480234
603905737
315770440
186716952
518838668
424968171
139033403
424080699
133820202
981492964
805057620
144481191
87505909
432064704
968095595
978454088
236505821
302033142
73643040
317956024
655248561
640277995
530952880
835406695
709202396
861344707
146116137
589772360
519710043
2091547
504505587
52429352
94946363
20441769
833143291
511846986
544445772
526929602
917131767
505755634
310647535
221722287
223776515
119525104
857704377
560957677
620607854
1035729
957275766
146858014
154775308
632271025
292736072
962195896
673298109
579671088
167542569
425854270
312068430
549045965
967652880
920610073
679257323
526964560
56566609
623116235
38428416
90107822
473218395
971716717
984348676
821327791
632352615
73387465
554271805
426089595
686412897
915253529
826230234
888979697
907635609
745923483
258737712
432448919
30946259
225457278
105214960
531555117
939822229
127376293
893497521
717470755
988057914
61817605
948862686
771742389
83706083
162989403
902771878
659499480
940569533
731056740
963636354
758478579
275286447
258796310
606633870
472043699
258564798
418266079
731324603
150057645
129332799
453767008
722978946
87733522
6892745
656645136
746782658
624609479
186077267
44801747
838097568
514365664
791932608
447060383
632268931
358647773
589678035
791594412
870351269
361670158
252791818
772350156
880983408
175248404
515045485
139255716
187452188
216565647
272232992
19158555
745086919
342749751
527171246
48222287
96739126
902020522
630341456
77858792
404166509
412001894
264256973
805083948
108952088
839429088
781177664
908852605
410382252
635230544
538001240
934706273
375633419
688213843
348013628
333962040
859045092
132960510
256986856
385111436
530622598
60042826
30794340
837171009
893963812
595423932
946363735
696427862
584747426
417837058
428119973
874149993
773176991
10038400
58750328
86821046
4808117
529072477
684036832
501387319
865406695
184344953
65381241
389083319
150283173
344885335
537412462
888762055
158290801
582346860
233759580
953725587
468609864
235548737
897718123
777062957
244690351
548734543
978407161
303805582
409451126
56693281
748297891
87664131
726833501
467012954
606352802
949515919
746653455
856795963
895234332
156548271
526034667
740842527
726616796
417582817
628799018
872513162
244759951
646899272
28612769
743616116
829596528
105025086
398289478
788081226
344759878
957245341
685592459
848626595
55162883
63278327
811697762
296639528
379179056
140758557
733838433
992194271
81023104
419674946
569711846
909728609
139846348
691465584
860328449
748865325
326599026
440859264
499096692
611633558
92121697
107596335
402063688
297963517
80800998
514118957
887231398
909443635
222742409
859864797
798328201
709022672
479903919
821159760
226386481
707949795
208658848
335763223
444169734
107999958
771756255
180014103
76872243
816383092
840559038
870564063
46427407
605221912
972382636
561569401
229190658
349494882
559298904
579517893
645695932
651634446
592035122
303028760
874968655
871503562
667107316
535914142
454426195
988946132
227321069
648005237
159866318
745137330
242032599
636755501
140151249
368492011
67314597
212839752
910238009
551927652
175350381
315037569
574540024
925530290
165322484
401932203
488385383
443710066
788792093
481687080
843774852
629433808
50624210
5407474
484503995
311929226
284330853
387805585
747836184
638908707
172594110
212310179
9062
561521276
707482225
598770419
225671977
641491419
865341477
380055108
869801982
35230425
694198235
328359737
484842492
12386746
480351869
151312232
396949397
602055906
249035791
125655478
907315750
29644633
699965292
727284844
810923779
791215151
436659003
547092823
815131153
112844785
412680170
941477084
110469897
251823740
53186963
181571334
886169743
528367979
795536190
576164621
555685782
215290415
748656306
183085117
908322742
923026093
576264685
93834665
643371928
680868758
358993632
685121427
555726410
829247667
663754672
77349319
213811437
748086054
240555622
374226087
229191310
791694007
37134936
854941631
498254403
13856966
994396128
384601636
759274381
107492155
742337830
762800962
900599517
780212549
117797153
559717578
832535330
321295479
527505692
122647346
342715239
752828023
896191088
755990896
558783282
988365408
912817041
377063489
368483926
924376568
989206371
890460972
904415934
178217523
34157860
206264240
107395885
743428997
615943707
916468988
641191213
548927841
187857504
425471563
901164519
523068738
113987883
885661187
924226387
598051097
474490066
86694798
325717581
771728539
759402319
75490329
125911560
108095456
495944155
236770506
564498326
531594792
470297371
968220513
462082685
924536991
64552234
856016718
114538132
10903902
172873131
127988753
197585524
606409819
67306745
646856379
392905774
244654905
288586009
719309404
955298563
122194848
372542404
283369619
213610834
382312236
479110100
351313399
306327275
663419283
681186138
170447487
313707307
368976474
150633156
869230385
667112919
723612885
681862780
707725779
88450135
72704496
710717105
893625235
898049411
814404940
526420678
318450418
140717762
42888411
45152754
594953150
268260510
127014076
437074012
658763421
714255551
760682601
858507376
292543634
675176999
735939611
709389755
346294703
181133901
550124854
707936435
357731676
739711807
727715134
984287833
368651310
809758099
396523009
183205385
823453030
564753600
598431827
686496090
385630653
507420950
749337491
186141781
736663825
121967197
484762958
120184696
594043761
269232164
890271667
358335310
124049018
650903130
748750306
506658323
872871597
312106165
786043463
274779939
613573245
158032132
777871928
243827717
920343778
48269862
428393004
878376981
120278012
671456275
96275312
63809785
740040204
469814683
182133115
711099571
708029547
209874669
333259764
439278570
697122729
181254445
140985664
823940571
789351138
273581406
438435226
254834943
684929233
197917592
129282398
579167320
903570340
589188170
946294721
729486162
318138112
940267512
325863547
96300454
971277681
380406945
897619692
195293527
493523774
471525834
458015861
224256062
870593847
84926362
368856590
474738299
7162302
802500647
134892677
883406396
300722844
833186420
772847405
257543110
902307265
205773209
651901387
437509573
670278300
852578967
381205918
134270369
391086545
747285799
209737261
347617465
30358556
614569407
466877258
970957980
39123874
749579229
435908354
233250107
501743173
89303810
584843833
243217540
703606483
70948492
191885552
802511697
132619020
249828650
166327356
461104900
327123499
134272200
912780899
747267629
91448152
398953473
767213736
926870165
928578372
184035638
257617016
417287026
977055587
635325209
862126338
219562476
26254934
51284448
360944182
352370386
891633925
738727
892672703
408092312
561351056
379005448
257465341
760933708
216343724
790995264
559683300
83508687
222801422
476690805
821927207
484431083
658124514
563675624
201741421
388272406
676490593
364250543
561949685
396937566
470419247
49714874
785408843
453863965
467976725
235804390
342360796
260441867
779564916
625614364
96109591
112741499
697000227
670973346
279655557
659128626
77582679
157641864
61262313
491170821
747296549
799195579
520235041
857885885
517756788
574804024
239139493
704498439
543855341
687125713
597297506
628178911
432906139
816886080
552663593
205783105
699854104
291712509
184250173
190236813
391744010
831425182
664698368
54408595
110837956
575105080
820382949
388080607
98897334
614892012
576671414
547540035
817338258
100758889
537170050
871262516
309463630
914692720
906871052
252921802
527192633
607719833
623035258
420625134
469741624
665850003
521486980
523573974
361773695
23435190
165013133
94457585
401399283
661797734
130803176
922557820
34802550
973923985
595206892
784362966
685133421
377281518
783616635
726900226
692228675
106974497
334397427
875829022
137418564
253874169
316050993
589509345
844877896
654967980
592111264
49429687
256781936
639542112
275624676
299767099
58565636
764810901
493813969
251373502
965263177
285619704
920925103
173094382
117250535
741654250
734775691
550253872
914939441
708688336
77291519
212982693
638680915
754061082
105312283
774584514
567352427
605553074
484873458
447211072
51006102
759371042
559659848
279400091
949563267
761092881
920038573
862980248
266643962
492364709
64215895
766152406
524616113
694980877
359900424
378696653
601028779
541111487
735931652
464888890
336829232
418726107
974166254
820255528
438003755
495196139
701050079
453698931
469590375
906233359
133566018
138618231
858020720
98992730
387362240
356134475
606763461
664121478
740330233
32839356
621686151
440464222
256526143
37080046
929759626
248399254
884066094
58971574
923464795
300272983
146920190
163630951
925988738
713815960
796785536
385130809
380832840
36575413
80195903
422294791
518580871
835796976
99739923
820231652
745737904
353631125
246602966
712924940
685270448
588790620
138854647
601410473
143192586
716226948
605080076
924631906
205576148
47766223
540535518
176597303
75339273
766835542
867119405
293764206
329628938
550535344
323099377
941951909
475855623
523772033
544921697
571642477
243098095
367661160
251422894
705838028
366994494
48243321
552751719
768222215
941453655
202000195
129886196
561324814
243154469
903675929
757149841
569824777
15131858
263079467
941015050
77349950
780048288
344974568
35500966
162272955
906090225
74442554
540708792
515455379
751206632
550631128
905761391
404184661
628073831
404552203
433246852
777927838
873448693
930713286
262801437
514087843
283069984
306186317
383501095
694694486
237177058
478224145
100797345
293651630
482205815
698235237
700756704
664210623
791175510
138227252
821788500
269670363
572336704
334866474
914489589
508403078
232395207
540943113
340107545
142798489
418054394
701044477
82680504
214968695
784900854
214410331
636428133
699900665
526505499
897554816
885270221
233842441
772605209
908367019
957739363
538847020
871498820
990488182
699511211
722600612
728631963
622491138
699641505
777334050
254207420
736324364
358433565
785415638
339458956
23080142
359790244
834450577
951554711
471602670
315223004
754908660
415713490
783017895
630134322
858539702
666948168
839199977
486969842
520880292
78480569
441974430
771450512
6188123
974078991
598061782
870988685
625796994
42841853
3245564
596065313
386322652
451531166
462357525
147373013
713850133
210924338
328354815
397507750
561899148
240830498
144760518
288547057
348860413
355023688
428237936
184597287
803835940
346353300
331301305
406054039
261406126
528179679
866793719
276928955
68692193
218722391
469074049
267431517
337822598
718080000
675615082
532118376
813232490
662245601
807811886
578675252
110196953
613188925
422859484
84434761
887345238
738989176
841544123
509901047
688468714
327835507
791386969
872414896
993693130
19821101
614251845
249941814
707789374
787551274
193243409
363767072
775150150
774800943
126880451
542334929
590953083
419595398
76475294
719260467
901534984
994853141
94185140
433952011
819338
758180675
434061820
492212346
506514755
652411472
647239934
673454080
594149834
910256908
59785416
396662093
123067296
703891540
330278644
451638833
705524856
971245105
359433730
12086033
214582542
160725515
445194749
660908327
147301150
336729141
525354016
13426516
511942693
2136833
705592972
459658089
296526960
138973767
943086499
463276471
532021262
707649473
578219484
28243682
133517059
100735840
729553639
599794769
453635926
208840221
88801160
131268088
887437217
899493643
502764737
67552742
389962788
665948712
596076052
626526491
459606551
956469405
906029317
402544479
951855629
908468328
970609680
625435183
845855803
254967743
35822276
677280193
982373971
591803665
996185246
283421771
474160794
49132179
876414322
359910725
295114184
235164229
372132694
79857145
892243194
975907658
68700879
704692482
648531823
754684133
847895399
940744558
938193846
802796865
698288638
420576225
800007773
143871160
291584191
305604231
896517575
74348813
104170876
770085640
636375011
416836529
650883432
645311687
451202750
512393351
735309645
790386402
34606487
540278282
514109813
877054776
566224081
582170755
292595285
377082384
747267629
481933893
989889411
298281596
733888500
558305911
61386090
172874784
974227022
773527840
698830507
339371183
187841859
228379380
531870024
634118733
230504846
583062711
646725678
287654942
664397833
46043517
628092595
99359136
39234059
485930592
93739862
880833979
545704259
243748533
910740930
531642520
647492582
22296166
747278394
416750402
808648703
401798650
757007800
255131773
318564667
323593878
988207847
221640910
421748183
73036007
250927261
59801262
231687154
821953032
238628885
314844548
494914185
465004750
643864058
137331954
506939660
164859351
31301245
37176403
829093357
238504832
249113811
295668695
666269901
348122337
583280978
182909676
641494631
997009506
346394256
83170414
73518483
327679194
540519605
216117829
227626525
260642142
24432414
480250553
950383542
894940181
702591149
615273436
775888302
794290368
59065091
891676230
119320806
875307952
530596039
268004012
410762537
338181443
273652712
213029202
988126794
418123146
90485619
914960729
903351147
811126456
83104511
432461801
663826806
662245952
223271603
643351424
650069409
793609149
507638714
895717556
3821023
947933636
190260596
5026422
345378299
839077381
187993747
957249795
804690354
594284667
731402135
653460119
148528023
728247109
842565703
350089781
764676672
210399675
406587827
43411870
268564813
943121301
601107324
758929530
579893741
530339196
346521717
539758261
732923343
883964723
858729519
200824144
318280339
710510737
470581830
257940771
569743910
467946960
964337929
244680137
140034910
728005952
302750745
467813500
736359139
542113877
204106484
994499628
799905697
511133678
334273597
441620679
874130576
802356428
861572335
759615464
288345668
386772239
259972513
871687077
632268931
931943892
167522724
146437111
485759262
391413761
895271535
194920061
609091047
155462783
64203567
279513850
169424818
6267188
570996197
489404764
510444518
846260264
793022290
99777212
939366948
498429613
828067859
938318472
52185611
307343016
283082145
683613590
257138904
83099042
277360371
735751660
66685054
436441134
18923003
919186486
875033330
35867589
763414397
248591556
267539003
58411635
323904663
477969625
354402333
674510173
586873378
747349750
164773051
835502525
956567839
107318127
182403874
969807998
350048509
76005045
195419093
907231469
174986886
658631748
840958991
342431912
791732573
557840362
732351589
817737884
489043699
291212243
400298132
663059162
915155151
392055734
362758354
743033221
384180783
546363514
175037589
668790921
30249061
696277772
296132748
282966548
195765296
319264560
896184322
691828965
858813575
454221834
36546340
322596005
237298256
344190459
150147637
21655587
848829171
435257629
636885915
925733252
483840892
445531536
805584514
539529569
787456574
273038423
712797969
925868258
984231547
597299986
560154505
236337961
56018697
389971376
753415906
556249026
100954987
104097696
805678972
690484486
202566007
432731066
269268847
968363968
730675186
744612600
762739315
64951141
649077861
706673285
39516088
888329448
325963841
33464865
362415773
100841295
753443641
219772292
174690315
704147064
854590370
448694063
70354047
346988886
414037919
266820417
690232242
257252095
259438956
19216916
998188894
222436511
32873512
834454227
591645921
337870171
473760751
598960183
683100097
87763794
465173597
604593382
213506502
521032842
926380506
824129242
541513951
640088375
512119824
976735877
892745887
798341432
627340613
259939941
851229248
878406562
750365985
452738556
667009133
257095089
988305153
948292457
370002333
937762050
336719997
692811104
986639161
318266192
849219751
1115841
365132937
956350447
344953571
42370403
741372073
168891045
157000222
478745337
122805128
358475502
428049519
914463615
188555069
170022148
398796437
962291676
104496761
387896307
926142427
82707414
784169299
110035846
328600103
224612322
839005516
471536100
476818428
545567099
432611732
898025491
220349441
617927467
280243462
647294588
505768514
531572163
213663365
90258576
634316131
882353767
862254931
485705973
299850139
417202806
144895034
415280593
939954334
403212221
237106926
56631343
500024454
119987218
104044150
328479668
855362751
37867642
749951608
428164002
554424023
273856994
376559688
790248353
645584106
542990942
954887143
887801752
950714385
708970639
604925173
487056188
799174750
546764067
905795583
88323830
925087710
614319565
121117305
290628294
207995563
425389771
977115087
754546262
233038636
697108361
8788876
846375498
171184354
359506421
87061606
751811796
12461191
562903970
130461007
925907932
776142528
462510694
893755404
231048688
292665208
932843478
671432227
687526548
424336954
706306681
756685589
843121709
977809031
126086347
299978892
458688990
814573985
879629096
25082476
794315419
380682318
581710485
720092239
580254364
279332980
101531428
431734299
868646439
623398180
773066586
422676273
29594160
736466621
53661080
946491152
741026494
976310531
519365170
201939958
343434089
693263009
486574496
632453542
572172209
418626923
621250755
173238383
460599870
551730501
648417089
677859996
597236184
165366262
645655134
74699530
29545672
806750760
638856851
856548808
319601763
140496019
867929458
35603366
330983606
117978958
343022055
827784189
407583109
980618446
188570658
103554882
677114923
283976944
913010002
338758322
624135998
829163656
848366248
460732317
799779532
946093903
947261183
455136514
839034810
653868786
789197705
16749203
577121199
598467397
533893980
590214763
380182578
59972073
591490513
801541097
165400014
833339860
171287692
380867796
259374383
470010730
476754117
124688424
294637162
758729832
309086370
906976659
811462884
109918481
724205219
86151125
380872446
200480749
531738433
562124653
951171990
160106854
550633781
65578845
318269884
47602489
527576674
56944824
367533352
820289508
840634630
577554693
26052939
438473018
177835270
813544242
493227384
56792950
155910889
5889069
710591217
241729394
317157400
659282870
671586788
293637200
557540277
507655192
950023551
931321318
328579188
847531795
363902459
931133806
459183588
154195674
326137216
731297123
86066010
82287476
179014236
12081170
354980285
573508858
620031052
733782786
482402807
599963393
394665399
860110734
743303578
293459476
358712439
637646890
491538640
90016497
514119703
753053090
908360118
214444273
229527270
24272477
884663644
283903703
134480661
446279110
494365436
352077243
519256135
931851883
112600546
322037941
546413236
967633799
444122893
808560530
834038993
479316434
61913053
977943957
174654638
998160867
35200916
329799481
633955164
647491660
773678986
412325830
398986694
348826091
136032378
762715222
170140772
961969625
108781454
155521704
405913903
888758741
969611023
242974298
735403008
820382949
520275861
8093324
35484756
503104102
1122860
187618192
541810752
279789919
496824764
805264621
421194539
634602748
627387685
970588034
57762132
146964341
886355317
839388908
420418924
927093796
347915395
822463902
846492181
706110359
92977886
960103900
145457784
263014383
534030499
170165287
416413169
549281422
460671201
695260605
940724129
175563635
330020113
407592616
798323220
424485832
71052286
442812165
497183476
356648439
372227537
797382152
900253568
441526515
203555291
870549225
788384891
202844246
42915855
677057139
749786515
483783164
127343604
346663414
37564631
939804333
619729472
982035434
438428863
856749752
717613147
166670625
273366248
149906571
385356838
345829081
265635025
710708234
630614286
221612256
125151412
509684649
464752522
994898090
676813487
968729123
329688271
160891300
505212562
371486501
147290574
505526426
386831807
780341377
889477850
126700489
923172124
519659533
151929707
969307910
732549044
155451304
486186626
847778402
620133464
212266949
975829272
221517148
514384077
504438908
572187987
884934966
77121969
478842644
474746940
830072326
752264953
115962244
312967944
758581386
208649798
568382466
913395735
253034129
661382833
792158963
469482006
766351961
293542866
862665583
328341336
637694040
435970397
336271475
586307455
292106226
817323379
14339300
459112713
860063202
357933114
158410607
586158424
2542140
530596514
197063260
293137212
517240125
523880978
151736321
378275988
488945287
678179155
399668303
445363752
738747997
897644176
700665798
729912687
171715122
415364910
628575210
814940314
778393602
337198402
848729902
834131674
365360102
531729886
235130525
923812738
964325465
431809359
530260679
479895889
394709764
593227034
367298958
131506030
774909019
720885371
708439150
680985741
690851583
66902155
938536290
161911537
832364349
837020175
225932435
404745336
967709382
826498719
796565810
116281098
657291153
150950175
125610423
617424935
583959939
186621300
707275031
53877716
856654181
691707063
724365544
845601049
267505474
389838774
209717604
554278368
816665993
812844385
65356310
610688653
66703660
69478819
768781831
475397890
551133066
801541097
824340633
629778627
789671302
186586969
110894012
636587212
215625757
143620820
911756052
844968154
120006473
155629905
961330828
385278166
708101661
463918317
738544918
441049118
91487500
292043322
422844385
621074112
519942436
34921717
343462964
428299192
900246156
860072079
720875219
284268254
336942740
365662681
460165291
255120777
684152786
658084420
531852145
704760745
286760239
477227480
357005313
125826601
478811174
429127638
866096523
967096106
629262171
694027304
982055100
623072357
973640888
651923730
936815399
136662943
171039076
57828640
273030913
826821712
76415190
640844435
507464584
989710602
965741363
546786066
678991351
567866803
326259835
245985597
604653816
509145093
972693100
226233319
788969721
195418617
680914880
543873938
291213216
980797242
987961934
826639127
266627243
166684088
742062329
456807402
352162034
25206356
30233467
3075295
761447545
320590972
16333531
739259346
589227540
14574756
734367292
202236848
97823208
665995785
725209193
236302223
75088053
912641613
261038676
309552038
713285498
681526705
518494456
987876581
43218241
435776946
667896655
487217271
547369105
249545424
113496331
246311089
986882554
390825139
497215618
276376374
818606667
650220850
410869206
193659702
831697089
931215318
968437291
539696584
237059671
395697903
897241353
668938362
886414887
395986981
335527447
281404468
48105013
453121806
233758469
149002341
34837207
384662493
595730474
178511079
265658044
718603146
47723214
261035425
350462820
156311209
579680233
664669931
154800841
457069672
706963424
646665484
667355919
925181258
962917721
686799570
5351255
191709290
407327393
987009027
185614676
687029203
593338152
267153479
587335386
564414215
925159125
662541565
604273487
297171632
894464477
432463626
159668942
840483666
749504016
511434658
235062414
571769596
396009403
76820234
113673828
151721691
914207605
772173840
495074412
277996604
861277478
910172616
673369423
329302936
483821240
528306677
529738108
967077557
762965682
995465926
782513692
788490893
670005207
596698288
554008020
143028213
853891022
95791240
346211611
396927999
434414931
631804712
96814148
482275917
930107251
869166799
726721794
814580280
996746938
935318127
38934805
989127398
809413616
529235993
91432882
988522136
605586550
865239743
947875701
179847748
942018345
365101871
622714877
9173140
628329831
624252049
6507100
638917405
861046255
771162165
771793242
696658697
144414596
270053031
744972708
329825305
902690585
114228582
818239560
325989923
699687150
628241947
557536277
452654870
981871824
157654317
739226922
280033820
265689280
569379348
760492579
802314004
651494329
280205543
970006592
534557476
817251011
671344839
396063556
18955370
932465392
497931266
41239790
319325800
198625184
877100769
947312310
425297312
911891848
831230615
732639319
647097854
346869864
966602406
395662254
181364769
547032213
877867717
265202100
337295219
529791225
789793676
662576271
195901275
389352955
107525250
777175921
816130253
950647299
461763914
63161310
846056319
228024855
417014901
92966357
91309962
890029982
145211314
899269562
385910971
552285713
642873101
165713525
571920672
644262108
305714075
160806548
563029879
962878249
449389326
382539589
662050542
920699267
625979896
528281531
829420385
359710313
919477621
377692772
876768790
625383002
280614755
989997279
187331403
575111331
996936666
235321011
991487973
884919535
230405040
378557097
680212275
864618005
128822816
183796503
131893100
331669202
627521323
872746722
793000885
153087037
813914923
811664229
438309381
281026451
706666650
267508827
635899040
643688011
9160881
485646171
89383890
205093257
387047803
621663455
218717786
174875683
736324364
992288784
384186017
684929233
85739440
313388132
748936855
448843671
939499491
324951534
212482755
553705683
31790794
679311502
335004638
220132327
224082188
280186899
994658868
185730054
115906846
108301693
930570654
146761200
777528596
957826373
745122374
535320092
217527313
226444822
924379235
112833084
317361065
958768115
307196354
712738831
827024700
133973069
631249680
904995040
656300727
700897933
896300242
216608109
653868786
618324538
985519416
90066817
598766004
23302883
295620240
823887135
306812878
670653123
612755419
669624782
293062425
984844356
618496838
656218122
830513035
304618300
120037993
484145728
616201650
131059957
124641890
377860334
916970753
410218981
806816746
735606576
247540092
104663241
432632366
375677868
177448548
597306572
597128836
44721904
690736080
902092364
907478787
77135606
548468530
329175813
150093003
525166601
760458311
730556250
190882992
870123849
594086251
531044263
393066706
495476039
493474824
893898361
573720307
483067702
728379178
931146153
180970100
788049884
415382182
990121997
441699452
566415643
11841442
103309227
824654260
281969692
45901289
319976605
854577806
983675364
5899349
963563132
768484564
945044706
338113424
805242997
399908477
405708253
298215408
980250431
535363321
772557986
678909948
157053053
486730656
968239896
787663369
220473593
44196885
792905731
409642588
990952862
525063715
388832274
957572421
833900435
329504618
590881866
640605662
438535798
412549303
831696907
194490075
744067112
111275812
549442553
337520022
652174036
98544751
532434079
767717689
145978885
270117371
803678493
882587927
903400119
803658795
772437893
627248629
462176410
523194416
815344042
813185302
360830590
322863425
389726703
918244015
845988345
626002329
784418804
798057567
553424127
94855571
70698541
405464133
911221109
874483432
221349175
459402071
88916258
720868084
513115578
916688352
648195970
478924275
509792892
988790064
189024904
211584045
150158530
74704281
869166799
977329368
971531248
647370376
304334204
800918231
662196264
34355212
510806394
514838806
281657872
348999888
182060547
881058119
743552666
474499378
618581577
570283270
871456387
207889636
210399588
8137305
254255627
944716735
424137533
82423013
918469335
533875841
472008152
233689168
636395897
827930289
242743823
542375682
859887470
105289695
355669908
508910592
73647531
480477384
639103195
266506325
766404212
985922664
682827108
422741946
118442236
600122233
948681076
362003049
395933295
286076656
783143758
260850094
378622341
176597303
294238647
488893361
160718915
631606841
678320251
93686110
967132920
977194235
846119993
39019856
347571833
436424339
984888356
504502485
911924124
508462593
27485372
468039274
368137231
672243944
43670282
585880154
540621187
838896398
219693589
432164274
883082970
780896978
89330684
482984364
268260510
835038780
135643467
220553965
156690039
893965504
7361945
786084356
330849989
795701112
430357044
756954748
127997361
339223741
881024582
740887418
910767830
401150126
135600987
36038995
538155843
413377786
676389861
61221486
408700585
994750846
728904169
180033765
925629871
507379789
346977766
20717388
415250591
834145815
758849004
199860562
250325665
731144739
536911772
155121810
883903277
962009627
997864576
204456262
145214474
973617869
572025778
119003935
543062030
198025179
279707312
248014342
199900115
589837078
917679922
408554917
107627338
412319589
395710703
126932971
894834282
334829382
115873789
889067382
933795284
325888618
29892076
634465573
532207910
683946816
480934479
995364678
57816528
75148647
647049308
883015178
640399114
772426974
299066955
685841569
191255132
901656994
877801754
196153388
725393316
553181273
632192268
90344862
997129243
413361330
135881015
84613853
151646133
728418841
818153025
736823019
182765726
811526761
743968573
370300774
408384796
933788235
98389476
448099624
89038494
174454617
936491308
25271378
725151865
515931789
478675376
88392497
106623898
42926150
299866700
641044605
166497567
959297684
305556255
957127132
61089193
597735930
491253333
608477300
707469157
517747723
153158547
869026754
898942066
491230019
392143647
97256674
961171675
92714477
566803618
615942543
178842034
88935634
85706696
34050183
751737377
709265526
879888070
149167019
893256200
901334481
359767330
977210300
153095840
429332404
335488061
888751988
142954976
315129913
782492609
199254750
262552897
503333361
627040397
473322284
358770700
73822784
601139853
654663710
300968223
909120935
491848559
731038037
280909410
954639701
601795877
152431858
617164780
15653307
422202466
180242435
876832264
225801260
323996752
787185401
369208087
682763461
529141404
31024933
297920759
556185527
473140724
442353299
988078865
963160185
717961021
148385931
130160450
642801237
12807273
562479219
950546747
103528157
446202720
343430216
44892486
151866524
911101438
417483638
128962709
451040888
572547644
172812191
45637249
932650768
735113377
335675866
425620838
864018396
991453122
614155051
111894455
587368222
36392355
196989239
879163160
409850781
876455592
840764201
99989348
33159776
770005695
782851299
720295791
312624941
72660508
964106330
286697779
964245563
17882799
555461037
927747604
306742255
183382147
831556225
183581427
77019022
56198479
707541624
808945817
631642151
420474362
24257130
772952796
775975218
876316436
104805158
300239993
774506567
627590943
91187321
263785424
632341065
29387789
422073400
793406879
866906683
988218095
379587046
822764083
917293819
619240089
335374223
323669633
723783989
417070862
246553427
213390770
46931729
154682452
464537756
860256193
196121487
474078128
713364875
537759017
910081529
475919855
740846084
610461294
447666046
359314264
589656277
28210549
504438908
952754223
237426626
31045840
994654156
487789623
344914413
585619758
178410731
978083828
499453759
785113755
172076282
487858869
211482858
45683131
700331721
760575297
301542689
609464029
921948273
181638166
806021887
214247362
13014036
779769829
230221646
561974096
981687814
37400790
363124103
44614226
532764821
539919656
205129997
190989537
628984921
506019239
389050078
187641959
903108408
719356120
698660089
54842809
573842608
692712929
978493513
712862931
636895978
445489888
380598122
978395290
274219031
377515731
100137066
210572665
420509702
786671565
762187238
814568336
753794669
434868490
580801190
209119638
623828111
121559539
369724332
282905263
679014184
943664801
416274987
671234897
718737430
34343414
221061214
360923293
374442748
3458520
68537989
338267752
670585614
306880151
239097220
802070652
226534122
711637822
576729483
660823816
15140096
990000616
127459005
47952794
71715733
667806310
169875753
995658150
347801464
695663984
378747115
186298863
883308088
344176131
798728610
898896509
753432553
12160257
494028676
9412976
668038789
681160044
718428218
957938477
83135208
24415098
372515900
168757742
810820044
184491199
618674478
900126013
502302762
302963957
950881295
374687849
12020625
881721026
244993755
811781837
73469986
358645577
305718843
400060566
281467285
107809088
600519931
13148450
979959882
77737870
550826497
603235376
942872310
157992723
689518954
76118354
528580150
611566017
598752811
428171362
25735176
174718167
687282783
179278103
226781444
993711537
2705068
517170702
524247209
939225887
143279053
269939023
830908739
532920242
15670697
118683082
286995683
336790154
174388183
737699016
452865061
743187609
894372051
219392503
284161759
738687386
953041574
255690366
912778060
960524060
968643304
325042403
600089052
987453627
109371759
856601119
998156637
938626959
430073166
682982535
192224439
806230573
795123416
940307288
600385375
917324030
714007106
964469122
143289253
533970843
447355092
483100100
618519664
875045784
282396981
901088186
271988271
591806186
458585537
323176421
497556376
800237280
861571398
879837842
14625046
527506999
907737365
826944194
209483086
265301298
70841812
780312972
117495958
878016860
523235486
962492107
969893428
459287998
917560195
231398704
186787667
336697936
357311465
963452106
469227493
28278474
259438806
984189291
734419850
371742987
43176179
598419986
688483904
114538132
853587454
642569649
108207338
44320168
119592568
238159613
203597351
716719745
44251313
990703931
867338068
8270187
853470244
464141170
374573188
211095787
764953793
821822385
990557826
833875399
973501694
30122214
116926151
209453446
561163203
175949054
317835871
745775458
521490314
194405120
639428275
455341495
618637306
35791147
482317229
118183634
377428423
626316897
982975578
895126008
236350472
709939528
530720993
434534143
37723254
493276152
833986181
779686386
245356968
74768968
754125696
267974526
779942653
798781429
895932709
618265038
128403877
152905168
852738957
228221562
486066569
402209008
498385674
475682395
947402785
572203031
689889902
409233433
359233332
380262803
357661697
933594253
464304226
59932317
898924959
670392756
637698915
952044124
937213463
635917830
785785745
820886718
312931846
72665364
870417239
595540294
579519523
739406759
992749483
792250673
349567016
982418543
188841917
937727887
98251585
922557820
903175117
527597450
252698355
884728034
387580549
647373791
602944606
911951691
859301707
840369688
581154250
399242475
758859342
582088273
154196564
542258857
207502305
506082824
549810448
633803401
732802099
935729264
17957946
178424289
961097561
204888095
996292942
674762288
735605170
192691344
945237421
743109533
822003989
214459739
40534626
333199244
325346894
372092178
394223039
406676217
595621480
410114123
188378887
981544180
658093915
967447461
166678847
336405211
323125752
323105312
917605831
885343515
475490453
250973799
540030778
380270332
622086871
470320910
752879445
915343400
516030560
552826673
227946830
499887789
780771723
81866787
566823831
824478657
619015560
835918681
684068153
792603250
896732453
556424415
456004112
747072219
672359694
628052928
673007588
882870168
93252568
89915607
717532113
812686815
493585897
88657466
379527870
28757806
225294148
383393996
353642630
793212796
33313986
951589022
286622404
493307330
525972280
779426257
110432981
994281021
215657282
353854629
536278044
148703370
279281974
228227740
313764015
13210683
501436004
36031584
780043323
903980584
964366411
580158119
84226285
16923527
201856929
69999371
713061239
716036120
419347866
360782730
947101576
676039181
304190842
362317629
953902772
110798925
628004387
21669777
155107307
905865813
394107539
931273663
816018851
328802322
417349672
113271124
485052733
254964174
614646980
463792429
818572951
477159671
800281767
244435598
269004612
710653493
199209327
313923687
489046885
320623114
698595391
459095908
644674667
114181843
99426240
653823343
715405159
43636887
414279631
180321176
920015214
335541423
381667459
457784249
799492387
261709688
130171918
173768702
95708107
447295360
886941874
243585635
230572916
496605813
182933219
963099112
310661894
502879730
164358239
448641247
159512089
987315574
317732580
886250383
965787024
637776498
404718606
991334869
893422280
706284105
664697153
121867893
887040635
972413921
340321970
715634733
904376610
293498681
750111221
162397921
643591356
648801592
401537480
354525506
137420337
524478194
15764632
584236917
214955752
227519500
382042608
764690358
522599275
306294733
483310196
540664688
321548645
646367587
847292654
114828239
366807165
873715981
779986171
15331339
772437531
867241530
677615144
498688277
178274316
22490968
539067746
418402376
336059607
293956468
57008635
377592954
300671664
218225453
72367329
944843094
561783196
656412469
499718763
250023328
481752885
361640716
360440975
215644673
142896595
202556008
524290036
913187115
824835812
765656472
814157510
457012858
272663322
240221546
211066705
357461267
263370417
577400874
877908508
530333312
133400931
996475276
410150110
948053051
354492187
171818284
728345235
381364492
39421279
906847620
98514418
865949351
587100420
873317827
36115681
472568113
298707816
711725731
758644675
484604161
655616662
370443290
822859622
105705358
406819604
754746789
38645411
146793585
281682526
219691182
171807275
595369013
388390718
840055088
835193366
909965875
109367635
649923697
732208754
852646063
869489069
243973565
997308749
970875056
967490483
42423386
127757224
411493940
614520717
241699103
80097918
141525036
873167625
720046561
857697926
128363220
179330696
404730449
14539829
695445441
892967867
786457789
479134586
209103389
865955859
393780837
774529843
978755417
961229757
322222326
13680420
502744957
610246068
712752641
784508549
565721876
149926146
387477715
790758564
798159449
468197526
123898836
216567382
892181990
812316262
39088157
29268
358064737
470916107
213256306
131281674
709460463
529374138
129571141
706345699
44152689
217854059
924646104
273585368
986609671
957285367
903269808
389545847
773528421
866156586
686497763
499800392
364883850
694749433
510066610
527400524
613977916
205523259
266824729
487580717
938141898
181592663
511669458
29527084
783498695
516951215
712066464
508475645
645072581
872206334
428144626
734449938
201930553
450586563
64784582
870070924
584668210
200261501
385947606
469419733
634574146
951342276
256584401
910194081
657911871
925285235
837112127
981713777
118661015
544008340
732358255
354926925
60895617
911181595
658284854
273716853
151484656
766791509
836195845
632879715
603678661
181792879
501358087
831932174
573758292
620173820
396653548
270453292
561102751
74022760
271367518
716722776
549799147
688733158
711701478
249021997
3160101
340410665
798722860
732517585
275957190
389902713
962602806
38225760
963931543
752760869
811076226
855088299
201783786
187170836
1795185
318873928
447264936
504278096
446875612
952760755
569259126
253503555
72203634
933310208
905173933
333929540
478529110
909485598
253215876
374959979
326588287
42645272
750444679
491796843
720224028
694456069
664050745
28290072
526637568
527633956
784640656
805878440
481934813
493664367
807993739
448721175
657569740
306761387
341651493
86314556
894613772
674219975
905383933
79793972
364597394
40073721
86234412
114091923
838403862
799186856
778488282
852583001
91533060
356209279
327077786
688347436
251981022
659241617
459951382
317093674
458671686
304105747
918043062
58627313
536302487
429104870
698559840
622308213
77125464
924451173
51029884
464494223
380034640
634877352
833407956
657122478
641828337
448583877
657241105
631986635
656167467
260873817
197343225
788786014
265432958
464354444
57051896
928744575
817016460
33457973
96140653
981303602
711193193
454243975
25764489
710243882
634227686
646612032
103433669
446123268
657690202
736270953
191217783
652671424
337514182
676984257
449993028
27190378
619028243
877587269
630640136
769493834
295051124
822320629
435937162
756393952
673721365
402842614
876049038
400087406
648262676
449166360
361064992
435626248
604585647
662780993
99872700
835358862
361077774
758624234
898593075
790690074
123850750
771841481
819370815
51228861
757433206
907892205
4332908
184437748
904123033
516572442
848549741
903185814
75924232
538987701
339649755
899590363
780509623
901497381
823358862
429901307
961043270
586315303
246197591
824888372
25419858
225177527
93888723
242150575
365618834
984196031
154298046
265500503
225906034
830003319
462578952
703128911
826024596
131635903
844547071
334120142
60215435
615064593
826957209
996235562
397491233
484130757
33113479
321947114
605720143
770569636
554519330
670709183
555298965
273004704
332040672
584567585
879343800
66945261
889565448
648147494
602398979
88234806
76235329
974903084
89611488
930616726
90851763
241558314
256184795
838130469
456537192
492536077
356382819
222870305
665363611
209274623
767664386
29734482
853075402
684254693
329736289
932118184
316116381
461568215
875526354
419828718
244445270
312096551
917338404
973719536
712952937
774528935
839573229
299199519
170558989
89715398
337469997
244271730
405250582
993421891
272961832
194208059
84377280
254441660
122827271
191520895
1540403
761344860
347671909
784101965
480154294
238614610
157592999
688161514
434574729
277211095
103104915
253322692
871116042
410716561
665930551
445620172
249168239
360388007
990830258
824246370
207706490
624509350
686156449
867179234
966236944
655140956
157428056
571796126
531256056
323512297
271925042
286126237
743979278
68310743
569873603
968498128
218724581
510806458
880550674
373666877
614318629
409953690
872100330
583861970
947738397
710208773
127929514
699224789
507101153
148826803
338161915
347148128
667839660
827407292
591265928
362897040
207301203
236556822
657254427
874298367
712152965
825115365
65558849
274757191
938498596
399687733
751690359
245774097
268397378
628563983
872481202
101908430
462889154
499139108
586613559
764559940
775881609
918244764
234327690
729621299
756229090
322861509
603906830
352835139
275901750
468847500
807788114
491666027
960806634
283792866
784067502
562573552
476990407
916344458
678237578
896669953
592519705
48903412
834703785
205461446
562786097
627456566
46396421
808721119
729974553
345365090
917302633
767205285
782136551
702087967
346605403
777309266
981691826
674370154
400798634
299022274
238598224
773051813
836287622
460173126
479601493
752859918
325042403
298144907
686068825
937551777
282896689
765083433
821411173
338878706
43647865
273467487
200018727
152238036
82707499
223655341
348612439
666403911
480271998
757977897
44863253
852548371
588027813
402852612
866947967
683346343
843912748
69406288
661814959
486534375
677895383
492799407
496724706
846140625
710608067
292756153
890752692
809728065
691203362
225810193
142276351
927016892
915988200
71384009
708424926
127603479
864770471
91817283
289857392
176091195
768181639
776202919
134196980
404238036
129397853
390761907
932086319
416797904
80036505
223799633
658326540
996791622
207092120
926602701
77613935
965373843
492505982
494188467
805785381
857220339
111832095
464373591
119676060
404493633
470163782
819331093
914637720
664697153
755296569
213277116
559885987
207646788
640654149
546639569
188269436
604941163
969087696
628795066
410404260
556830271
753716832
908454274
915323930
12074160
595570380
546267231
763384663
637179534
528822809
163145495
283011222
374359167
632313817
261889460
792185675
719054297
199346749
484128183
323877425
43373694
567418647
141873127
688970951
36226161
936325476
978561045
595064214
311760276
696711570
594969525
849996202
210151485
349484725
533948439
282752368
560130328
155520824
96601294
117650017
690926334
363184443
872971363
682884325
796733758
374995648
735606797
13002996
239159388
763323113
93610117
131057303
968384852
588224901
7826650
211541274
248079885
22548426
575287238
740059102
855464537
637625378
137788358
360713947
368176594
865648186
589581379
914712669
721957245
658276673
526514786
194605254
251931400
858196307
397764807
274325925
266498019
447666046
143618027
336416293
618584573
332467954
97689500
706532361
843226031
528588900
938241577
924418109
919785481
259265570
273247890
798980462
180903751
318437738
372995107
23024428
390664047
909957613
840557903
56455381
633810326
184465706
423478676
769359049
582329160
357556584
536225111
775911773
10590151
413724878
559357280
127412145
489093491
647348424
974868176
443106293
151097034
438555380
374433130
602504574
886390766
928464742
351673406
150174803
873730631
888794070
684095115
324246763
329738240
764868230
74996713
789298559
974108656
241430719
164950072
19143689
132553939
536088874
154811587
747543636
857627475
234605115
850659735
311777275
871721403
712887203
405149160
489425330
790988049
332005596
906386929
682045066
377488269
506882222
390546618
3742471
989609061
311787442
317628336
715965441
549731282
815576673
321776040
252134366
997145121
255988791
459686734
127546573
475551377
143977089
393922361
399731828
155168968
458541541
43063896
284366841
143121278
486261927
343489248
785375554
351181
950429309
374030986
759914500
533319663
96824997
516656735
275533165
889328039
862757696
853286771
977675432
69223736
988027632
584669617
321089019
690192381
764473254
647678165
820570322
615023025
793019365
707278915
488478126
796498636
499897873
455071280
595395248
828230454
534310142
278861104
18976764
434445246
639282634
129770066
516806571
868927641
313806753
297742593
969847974
807368872
89990181
719586244
296205791
271633051
710748753
431120812
592025737
408590343
704153140
942477776
551541823
630964983
510654944
205240794
626272328
273094826
535917561
820240824
494045143
795195009
16782936
989963972
930638746
68548667
723253124
738791278
892612719
632789699
503815186
817085895
478168534
522010733
91885863
784457528
846909915
681519842
86075246
954672875
14565039
986578944
450566263
439374045
106562528
541256724
906836745
915303724
184994790
893122646
383899142
642645796
384753933
40319226
99495121
803081249
380177012
295651037
609522785
992360731
948089805
646198869
307140587
44481155
367062190
501759525
905153264
314832850
206409579
435592521
207810867
742182138
731469524
876489129
652526673
277575634
511325662
865525374
685275830
905181997
681556134
312625965
19312186
274840177
825109876
422767847
328671898
198366742
30337826
556529144
633398705
551706810
122300936
644294223
485991837
675101761
203997837
407601636
555126482
935600874
159134976
257480482
251879194
317165379
142194200
974872455
637284564
893555803
265294728
477258396
931356830
530642358
120687684
417645379
868050135
387345370
693674218
129452130
731068446
503188083
598752811
816588451
588458458
795194669
359087148
758757336
399501833
736468770
54453241
279963398
468143981
501366344
817594511
894400644
342715550
733882685
624534528
147956010
791974065
360531324
481975798
773206120
215493734
264277926
759127675
416174659
376879816
653126192
924966208
105052578
320226160
710311886
990112538
657759308
532471579
455619654
988949646
443253326
363780239
745530031
183667341
268779765
372079344
893690522
316208411
958351037
696810370
482396300
714608990
657199468
692093791
509317050
345732225
709838702
188364069
655451223
246894373
731634115
496963353
180849566
562835763
233220528
445142254
464983787
419112223
444961351
886378312
651456021
303130651
969391215
829210164
813012430
98512637
792493601
310941893
152263352
56602752
796403610
483484786
732455502
206552555
524474904
824794024
867945715
556873793
450501521
698202908
132628612
104629180
633526586
52769792
970590118
418939216
572499429
183787749
766675968
253452255
949730176
929891163
265914087
785806019
820990230
364830248
163945038
87324153
799328836
248681788
623865159
190800534
604015042
648584416
248398144
287450336
836638021
320258751
454411658
565120722
549275628
878520713
654769634
35415009
368413251
316080081
88275963
712700402
507268228
419408868
656913982
89260242
502643889
373586283
193392597
420276582
277034200
382418977
225227883
799952366
216385809
290345932
891701949
719550936
951343550
147927335
185560897
196498389
354409764
530961494
116607046
687709662
105802955
498390246
323059127
872421154
562121545
250381943
732684875
470858905
900695380
141816111
514536199
861563429
459532298
65506002
576882151
612546606
203781358
75774309
485451593
156224747
67480776
13144913
828524304
409018636
783578093
51130121
406260599
316919733
863186265
454796589
127909784
116526129
932761744
922425982
675766082
548265789
409273714
470402024
517654498
140800944
612538056
320522566
296800057
467591490
83400802
702481802
39125814
39999887
64075801
562230994
197610279
755305505
206399035
110624626
37643237
705150192
289258798
186217443
740643386
275159782
265652327
458853179
732544231
342853625
852489020
819044853
934036337
986376777
948881436
834956058
609135829
882382378
803904356
670499482
405615289
526220840
399162654
306801894
130903076
201238242
233464646
456421374
443802245
686116080
238273638
444805387
209930179
114567914
246816933
6843689
176814039
964088989
928347584
435544307
540787512
869461445
767971392
9756914
302221815
256509660
440730161
153727188
322037794
138740322
524735827
263615090
710091694
841785748
542344757
192505925
765153816
220410268
160038569
466647544
95016288
57985540
213671932
721707463
124453558
145093448
869157854
329109758
748430248
372532231
327151744
575469014
404970815
461461405
319777034
739694045
362264350
674962280
13725386
696064772
905453581
140666572
310407245
879287140
6113102
449267580
723573725
970345533
533459815
394538641
147753946
139657965
62436538
902820901
517746469
304498139
340200652
453098737
634011687
952795486
337125251
91447143
245039139
721413593
118876974
326635936
744502372
233212349
768174186
856175524
910234471
582866684
150848464
3574334
253389169
981951759
514147395
748902847
996292942
16405532
637604062
412206798
673011200
729350555
458706602
247086427
859062574
331977072
996565255
405379623
805088889
31301245
998229828
127571561
175781415
97880259
481402508
916534204
802197232
642688577
188654213
56995301
905087004
674113793
405901590
557912688
891451151
267420977
786020054
661688370
518985057
774360710
544399095
930951271
481273479
67265316
205965976
982797020
200897227
388920155
563223137
83930011
83224315
881245283
194816803
874835777
949630208
113580073
668942063
80232430
177152407
319232822
934443906
502277959
942955226
256881572
13223221
992954720
924490455
916677309
775884507
432216407
250707799
973288012
852762137
184404799
444092066
915012746
429690592
280488601
559660069
98298633
149519581
392476383
259693328
45644732
879951061
270371145
361863818
548875480
737607655
982513059
196644093
590559968
258307578
997819239
170196931
797834204
391537435
459311407
255943755
466277171
757053349
162002970
500309420
709967020
758473516
180877100
245282923
923781970
703114564
661924879
619944944
721646920
329296625
309416150
102532650
625999475
860867663
314797419
26378947
937836191
541357150
145276022
397405423
117479292
594932970
345060386
496916654
311254280
299979772
727598647
141949382
100142777
769665942
66612141
725068526
128688329
610834153
530167184
15269082
472223534
460749142
10776434
445476615
450637293
991811084
749510557
855730732
875790842
681585988
996959915
140295846
36490210
978197931
685078316
419463164
32304113
515930188
781435952
506112140
980030587
466730859
566658092
396969380
962595539
851773516
104425456
712748390
853405173
541582999
663669238
555750288
979682450
325854969
474965314
863374001
586918531
857396735
255931531
770212612
295310477
603696461
758058858
863372677
765221299
122640878
55180142
537779860
2531932
416044864
714526789
267680768
136759237
183581427
487437591
980050160
232722265
92640118
823719943
628756030
380279526
9206362
372518161
28601213
915270469
332793525
159087699
986169975
667277234
78467785
746679445
413413474
251196520
860988455
948877046
568667832
94985011
978005
681863066
870894792
494556898
34941348
325873142
948005656
172271154
863570973
294146136
276262266
489730426
334765947
922532288
238400456
474034511
94006556
968700489
17333473
799600747
27615051
354733677
257144485
499436899
607628482
216408258
79415920
851997435
479302153
568829841
354905345
747718373
568733798
450603624
432692806
189472846
503902984
640166944
708846960
327069304
928605142
242186341
910010235
711736337
417840063
105880759
991055922
906343645
924004562
653979363
46512872
477990249
194396046
171602205
489168614
679185677
958080535
92928434
344486678
985543928
497703103
654039919
492911673
634660722
205578366
383413246
839819169
76030760
166789595
350793775
466650198
578212028
806414460
290431273
853356488
674892429
840303869
138897689
204199826
53354518
747568834
889479980
228370421
732447344
882830596
733779424
428737630
743392064
485141474
710607511
594945278
857123957
953494261
243282080
873685859
900755118
233364725
41324834
157801560
174672410
330813434
58686770
301518329
108296182
869289730
653268965
498434225
408563078
203969617
579062289
788298367
249906411
927106852
426296776
444215383
262087467
593116260
996746938
132405251
127513066
253788848
350460183
210290791
81817354
703652424
757529506
447083791
494456196
827915677
369662368
868836562
756204032
514830662
667866748
650578609
510927601
196957620
840431452
447892815
182120565
611255928
936829198
114066938
559160246
622742212
278466904
210557588
83036519
206524313
919463641
557723752
316100517
67055062
964934771
229629527
981884902
509619296
798610843
456634996
824466110
302524584
116626556
137773349
149536724
277494794
258418413
684698205
37476654
682019901
624029668
151162401
931697385
268900171
828992450
744881079
836013
503793656
763102445
178546668
734383653
375024856
705041030
117836363
410311946
140846318
53188768
824387834
152864071
331281197
710937172
934103592
340375108
748396203
983904857
773074678
812634210
343743485
145106265
982568744
247017361
301563349
694483363
489180130
954847820
702017880
940351891
954638362
598374203
293282374
370788704
59505166
818422785
585138823
403972762
754705005
301226530
878731365
799246538
891062681
523058297
261681363
594683723
51809005
775850954
200883221
980102619
936387691
848394244
225307489
332082295
202837720
251129403
676729954
586554966
249121197
76581923
481428891
559841564
782051734
303206720
373027112
239185201
228234575
59790154
696650351
644531745
708151681
76409030
369941986
443491348
544440647
39705893
379181392
830331085
335418752
572720056
464357646
745438831
676448018
660460960
799541838
590928966
943287143
180837699
173718341
789431400
296977281
853573679
66493821
956409007
307236524
269423126
114324010
943538095
185918722
349934105
556085335
871561874
31376724
37343152
349925095
991721149
417347302
485529548
95329459
744022701
630342960
785794831
943891064
503991320
864785535
765420748
498950791
659377152
473579019
650005040
912473848
209232910
148478206
585086631
529868406
790247428
454694011
148009489
256561386
382889579
904581600
771823353
354623357
696816467
296037960
369951639
220565118
251240627
668777801
280021216
575626879
358192410
693704330
709250267
250549341
596720947
604879766
871529721
155360110
253846121
757124206
101009900
876566512
365892643
33124018
92832544
910823164
429287451
27299315
266173934
360822466
38167347
241084995
193866443
428770078
208394794
71280759
350725603
388389034
383983217
598658838
233780350
77089425
412889412
733102867
479508000
644992284
44379807
7803046
578178714
702467082
222507657
606827904
575849128
751748145
762273121
164109139
620022353
339922249
914691402
120172260
902287994
387839350
110602993
631842711
886556792
550638426
199812639
962595539
707990921
46180853
945531701
806481978
326175167
846163758
404856252
307717973
36216275
111702139
260146921
913112130
138672608
311069612
512992970
836850337
548286787
900588265
805437718
684313771
694764999
663938231
262078229
57113948
744659406
259527483
213790452
232604165
659065407
390634035
948360652
289237671
869111717
975432523
424718157
555683186
139469064
271060076
258748178
624768245
974074598
928958357
353279800
981604100
615950071
562192175
139177541
989781060
756182750
865094
47363860
49798894
421943592
479130101
961114031
224227874
315136419
399990026
652347544
632851042
89170961
715292901
718590334
485707117
665738770
914687608
476684614
471899213
933192126
187555317
650463132
958298872
367999826
427381743
92711128
691802924
428839287
374639030
747331896
148723870
994543905
376721215
102900479
669781189
171088769
879369380
431672042
431973320
296438340
883837797
741328136
562646217
303789229
210948915
639455162
184035919
929834006
594540303
295248395
721317049
383415989
244987396
985283700
704459104
427148218
885144595
129463542
217128480
618163572
626409009
464845330
498428229
99694129
291898562
373376313
285327674
435192177
75507255
282217802
912653987
201285389
483551991
779265357
226469615
947584852
631603759
743055242
695287870
157776974
946854340
35760647
620388339
646896138
75271806
336728492
677899430
294098119
772848715
682982732
451858874
14477087
753866395
563329034
362896426
690478460
285608097
112305660
786469708
697933228
840007674
250928093
56104496
972471908
675231668
73191302
368895022
635287311
347713014
741865458
754138000
252202841
201522959
904920935
13696419
157324451
541711630
631934208
943538095
55414373
67854121
347072832
613695245
713932565
489063187
896478290
843838472
627574659
55307381
809675021
304722508
492201817
35773482
197748944
677232139
877546007
320555349
905989719
67604504
445063585
380127580
474926227
875042509
68194431
34310535
595168143
61265047
810323511
192219838
808851380
957285367
117022603
653848241
658219813
798319215
788107434
592102371
641269986
345885203
742750959
789835597
597163789
631454107
171466237
208249333
933308028
685156468
89808042
299026707
823536765
486422529
747948051
919899257
489301844
833270539
879823859
875832367
200455971
289278883
581554767
505065005
695109825
594649780
743549710
171576519
989352831
628286053
896713794
704905641
343696268
422158599
740776611
206565114
121127763
131206176
870928901
949088814
585163637
888742169
14546700
352210496
799072342
665589037
555461378
325587204
414390497
88728232
972113633
987394673
926279372
886485125
148003248
864398285
239085410
815821528
572981741
856335105
787243698
669574307
962670262
254939670
693483247
152077762
100350246
420248617
924186376
248471885
139616879
252995182
483143420
824704673
738916280
609393849
598930008
88460688
194722988
232750203
681775862
60272080
712752641
859387310
237199974
666089550
511181357
959555630
703818717
769428912
395331228
853504342
975341480
852407372
681906843
320695203
931040917
655426682
515307674
243027048
963763480
983281682
211924382
820737543
31077785
557768723
521415378
1514964
928324598
490984065
13073404
484994724
939661738
150316821
63753095
155648967
954588748
751688476
868948184
444012264
334177528
215069113
187367509
170971038
212061316
226976015
406458997
403516717
995356019
308948759
901804544
558275005
297130251
454121549
614902323
416987356
950810814
112728147
635461163
555353450
691511120
747285557
309173133
410683626
686419029
538342196
281746402
363992359
405464933
851738194
474313373
268348437
616268636
997318504
168119254
224339075
90436534
346408177
887745602
70053008
941245053
988071035
185395301
369044979
443282329
820658288
588214254
610569973
909927206
236172094
794657079
900745829
789105064
773064305
677852984
735327955
551990235
860908116
792453867
650001859
106808322
462039457
136708101
876110483
931741943
772658819
76009614
690539465
558817836
96646100
397340527
523367321
222890662
328320575
242510490
469570722
547436171
660077987
417286045
774082813
965430418
244149906
221038728
319758402
646367172
648148533
487425292
525684946
239213446
922972454
251684518
876163679
42529297
176919253
34563587
311519582
482965327
28578017
237231762
391112691
329468478
529987767
721798480
793483450
887042733
937497550
953621855
673256548
126910488
841328323
201981581
281205210
346169250
178332017
163541909
206619599
481833493
542010327
131361293
728624332
490873828
490144729
36489472
176720865
708551939
580746790
588460493
89005457
622724002
196803696
721277082
314734954
522077530
689007613
88069677
801702528
414837589
734543214
804814485
397177232
208987982
833393073
904995040
719118453
401585218
387385272
421526328
269192660
233933217
915866879
631352305
85357164
150677818
483785172
461054510
483237714
705238056
878627981
644145233
480525823
788148345
537852604
154989957
750568754
263135533
648972529
715369761
174552660
689438551
44620117
441389478
518080354
559031570
489501287
315896445
47532213
576904755
93402886
892540492
44251313
427694483
736143287
668972442
258101041
343262217
285952200
134462086
396217560
310651822
682734441
874097613
657548542
150280303
72636628
161749672
281099173
582383466
282049210
312544891
941707196
342514493
991955742
33302299
540742114
546906947
614892012
973274681
188299759
16282898
272113542
914564199
640423567
27783500
278794416
669747714
80206325
705331071
179847748
329063722
14077977
979146975
329300375
839513663
706782104
48513467
782489729
125869146
361403966
420071722
932066954
510719665
74235557
559119661
484402489
451914752
819256188
965892968
734884315
477023093
331705060
154945110
379832537
72227096
870131486
841423110
342932476
904602503
259458771
120444655
303979174
464558745
149536724
3551612
452983718
879787193
374837265
79161082
471076441
641075780
31532446
483361129
267819193
330218869
865203417
909250319
408836089
696252776
512106099
452620616
261080469
253678040
724776615
352487373
68387970
878569073
197052719
707270465
68475933
593405841
961921188
519845031
444504520
482317229
254226101
346569312
796990519
367571779
558819493
596177929
78429932
687775757
575373177
181054933
987799788
912626743
2104386
856338878
841779528
283745989
637527372
589514379
180784100
212370434
862517339
511020543
305177576
178172061
879280857
651494772
112363748
829912363
807593564
888956704
437988139
483312080
373993455
81262341
910558246
608032444
917104774
939869323
64189460
119588154
677496273
587160361
546589791
776901793
410316496
142061436
914471812
907493202
154306958
527408
379376100
254246787
319159682
644448756
322289275
995894071
209222860
58669462
856600125
791084102
533393634
17980975
766762110
152955113
344356027
20310088
582612896
290297353
603732476
220196951
209379727
24573229
687392030
204199826
667853000
478995082
758843612
432313819
449670575
29593441
908777689
700208854
444655815
18343554
403043840
577473783
568132828
517587118
961151852
715972951
852802646
485584141
370833471
454133846
188117180
702207673
319297565
820202337
672862757
335053506
117641994
653321941
967485377
558738727
726005283
368034585
768744326
159040361
941566067
664677876
570109981
358388703
110033989
956203261
937866108
718390556
124155195
839844774
925796758
171382362
134004618
453257503
560535541
376114062
628450332
316085497
509170064
205979093
732456212
614087427
721902872
897233529
2795094
952290412
714771472
639796649
875177832
145689853
370512548
69407815
144563148
935945712
552664777
777360744
225019810
448899099
876105804
228780873
410849526
823964662
463773599
889645610
36216275
508816453
701155360
750063759
538261597
867963448
118280260
457762011
265343596
974137895
140670026
295588171
896445019
37246904
289773521
575257356
361242218
341313827
349809045
614843702
23091861
983568742
193963503
484266301
887951180
960660002
297745580
153850806
72770231
565538041
753010579
56606372
464969535
479717489
276688658
994099501
539783107
248890206
25030856
988117470
456281431
290988262
331266033
727834044
289242234
49295456
556328053
394116909
6143848
612954205
242642099
893615387
573498333
662811938
382618668
424974999
140504300
459597610
990212452
551276151
321546541
421159826
330861618
757188725
90371519
756370094
307672994
520203867
813724912
663619453
528629192
716983567
126918793
790455504
27816379
98422293
146063069
550132346
612545952
240571320
30370246
497994730
458725965
725597224
739271441
221197186
962307491
440888843
186145489
582419758
532098626
580344941
360861159
416532296
162171281
771902145
25547657
501526573
708784217
624236106
920086957
290978529
492020911
561819482
637774853
304397439
151502071
916973548
579410649
898353430
357601784
782470077
454004120
264198358
908128977
200340879
587716227
337085790
210995185
556303828
356419342
828780601
659980463
841101626
720483216
681376479
624506947
214774163
973142875
296432703
468675932
170635662
841021947
688549073
527633163
754811092
798292740
597072347
515455379
219562745
357339522
315548223
623971058
900319068
575962994
540548279
987739798
976416194
8110896
429412855
148302528
726707356
224285765
549234036
471403794
279113722
196597341
758993773
871770811
54169514
862602383
285190999
883977473
453551530
708867717
676601627
371024633
811188833
874527731
544654642
723103908
599961644
320717335
920920109
689779135
63636385
533281031
768815652
911194297
301452698
343646203
359758599
684078446
257553823
2458496
256226357
955699611
7178276
676390907
177657943
502442604
940189947
319759284
612554446
490683293
581308124
869219542
856396752
85338691
67157087
932751232
445241393
165050441
789423883
68265686
85734882
499283415
915650037
797983770
806389255
920984305
6429450
961534509
745059208
416462933
666340040
929650521
956359167
469876531
101761701
274375732
185951229
495824607
961049780
116824968
107021660
589142821
515765967
78995592
82914506
918863378
432543513
196321761
934336872
175363047
404266616
702607562
913372363
2219437
690531
346294703
217551629
147373408
340570399
395748459
45147407
73892237
250206063
102669952
934340335
114052706
99378851
929410935
481671750
218990401
825125672
720311217
152189239
471395087
69177637
118964149
113934830
655414291
678124220
468672892
749954283
54468184
623819400
921740626
339007169
194226473
474682587
256935990
916686551
43408186
953073706
453754677
436277566
403299779
905431998
50513947
857909558
908320548
820136855
156795600
722269544
375769406
919543798
236023453
663005631
986729778
923111757
354971163
694503974
207220835
572747223
974203494
813369639
980017807
622007614
765780116
73469986
609345490
411243854
407011833
920072782
435672274
885211137
690918427
417767672
518553958
134589251
437169172
7045303
494722525
887974110
397588871
399932047
692846750
931150731
441123518
326850756
896343302
753757873
916811848
210020160
507190791
123804633
417140380
313692750
124951329
29323156
68644633
937974603
25526024
17769549
610706691
990550314
215638160
519962512
431275712
754421096
300516729
36216275
242692582
721057820
497874897
721266761
422719643
535416999
83781740
846116097
714030434
269164219
854366051
393328041
299034373
48204564
562998546
386111171
778341199
938072513
870315424
605536364
384316229
913717824
12323924
146507831
752465458
268610324
800157484
255692070
96344604
844761601
286012415
387391413
713744647
482260656
865947839
96347571
516348803
346465023
756393578
539419480
850444603
290394844
822317877
125410189
525571299
393328691
405950972
148966219
979347061
191545943
474898638
648407262
94198659
446523747
53085968
995189755
703535214
966836826
660418972
820138164
756533028
880923386
372775857
414243509
81567873
57157991
589124303
218628729
850461540
850890964
87846488
658887510
899778619
848861004
769359049
622385405
628515166
831599574
796347533
712875101
965130133
260719973
907942385
550574121
662190815
