754076288
807535508
707198492
612441240
800956000
707196141
690604670
766641016
338307948
800214371
809573396
582455512
530983440
837195751
win
355848624
378462930
243219087
844195128
723723237
845173980
793198098
861033727
win
729331795
740487470
800312661
740244528
504848253
766641016
669724673
813943850
397939230
622353429
484572864
575408050
735412788
766641016
804033104
701365005
631265145
win
654977624
519444862
641567960
829129950
793198098
416256918
715193304
845173980
728357410
715193304
844195128
829129950
649506520
766641016
134946975
703737442
703777240
741241368
845173980
590563169
38837752
738839577
134529728
814022154
845173980
win
721214208
285126344
745890282
530983440
675382647
782324835
752229925
679475280
win
778272726
418030585
800214371
778272726
849855227
316594080
861033727
125465440
593129709
845173980
861033727
538220097
839362590
782240641
813943850
644936712
723169450
800956000
590216176
626932040
582455512
615450150
708428026
win
726219701
793198098
800956000
766641016
695382168
861033727
675413443
861033727
671086000
703777240
701365005
330447300
766641016
249856763
434046592
195051994
729331795
800956000
751365980
767799568
win
581447976
662470521
738839577
839362590
419086720
572050656
274134039
370734156
728057136
861033727
703777240
754076288
845173980
397939230
774891900
781911000
582455512
800956000
839362590
735412788
556916868
469253100
736458944
800956000
604069451
win
803417572
741241368
849855227
237894525
573135003
576741048
837195751
817069248
32676654
835516875
829129950
424673452
800956000
837195751
681406648
703208520
211549902
861033727
729331795
740487470
569846145
606730644
735412788
726219701
829129950
766641016
107681992
464535456
484572864
845173980
782324835
861033727
829129950
814022154
453193208
247683915
766641016
808415604
390746624
662729175
519444862
754076288
772879588
751365980
766641016
807535508
798535359
845173980
766845875
829129950
837195751
455546560
837195751
330447300
11143032
731875117
win
403554220
782240641
win
731875117
541398744
829129950
512675474
690604670
766641016
660554348
475317738
782324835
522607496
701614248
839362590
285126344
533778655
703737442
503274375
707198492
740487470
837195751
win
736458944
679475280
526920933
487953516
701365005
684881100
656103723
839362590
713194469
538220097
605294496
720632400
152082647
845173980
582455512
727112808
706694121
754076288
591567120
660414303
837195751
win
671892000
829129950
830010420
844195128
829129950
698845680
490040086
861033727
591408825
837195751
752411220
735412788
590216176
837195751
807535508
251397613
743123850
330033200
752229925
653969736
802500606
845173980
752411220
467883702
631265145
622353429
839362590
107681992
839362590
653900533
531808319
600607840
763078692
774891900
453314496
155995292
590216176
662470521
283454220
762531597
703777240
736458944
361490969
575417128
480896700
713194469
829129950
679475280
590216176
56999700
735412788
543718464
261777572
600607840
830010420
751075968
728057136
win
740487470
829129950
526920933
807535508
626932040
697146166
530983440
569846145
716789143
154732368
741241368
669724673
779809464
782754531
707198492
467385507
807535508
720632400
705498340
763078692
781911000
703208520
839362590
707198492
67873180
507289260
647895945
693341682
837195751
410068611
300090028
682096950
781911000
839362590
win
809573396
679475280
849855227
422791812
849855227
310909044
738839577
845173980
32676654
356278780
526920933
767799568
703777240
807535508
352168173
740487470
464199381
520320900
845173980
845173980
829129950
671892000
455927232
839362590
793198098
817069248
830010420
626868515
637798500
714054060
647983368
616545741
845173980
829129950
163519522
118627080
752229925
407018169
766641016
582275330
807535508
714054060
807535508
837195751
802500606
582275330
727112808
696436732
206369982
772879588
693341682
172633725
469527872
781911000
649506520
829129950
538220097
490040086
799617900
550908576
813943850
762531597
774891900
368023369
422392838
662729175
829129950
662729175
790690719
589067053
662771964
830010420
807535508
766641016
729331795
782754531
799617900
541398744
590216176
193917964
845173980
735412788
651808680
813943850
572050656
572050656
703777240
849855227
766641016
412533821
793198098
729331795
35357660
766641016
600607840
707198492
73042480
849855227
829129950
707198492
845173980
837195751
701614248
707198492
861033727
740487470
331985446
781911000
330033200
703208520
782324835
win
781911000
807535508
462245986
729331795
491692696
702308248
697146166
837195751
793198098
861033727
790690719
709005010
355525746
636523605
839362590
win
531808319
410035755
806331242
653900533
win
845173980
695382168
749710610
370734156
839362590
800214371
689220620
839362590
703208520
626932040
772879588
669724673
782754531
829129950
568928090
829129950
713194469
686908075
776263450
626868515
448500288
640074731
712366894
766641016
455927232
125465440
569846145
649093200
845173980
802500606
752411220
631265145
798535359
861033727
808415604
774891900
507894700
845173980
654977624
32676654
729331795
837195751
781911000
575408050
531962361
807535508
512478222
361490969
729331795
839362590
800956000
749710610
441168479
522607496
win
338643480
740487470
861033727
752411220
277701480
754076288
550908576
win
782324835
751075968
506225712
766641016
636611388
99329496
407018169
693341682
426638982
837195751
653969736
679475280
378958736
845173980
800214371
590216176
647895945
849855227
800956000
800956000
807535508
521873391
740487470
709005010
682443801
804033104
829129950
77109124
514143652
707198492
729331795
600607840
766641016
217642425
701614248
742160308
738839577
464535456
707198492
480495400
806331242
790592088
266074905
800956000
507289260
676839726
538770222
738839577
776263450
800956000
782324835
772879588
631265145
563019984
258006072
861033727
650406912
647983368
566588580
849855227
591567120
512675474
156010104
798535359
669724673
845173980
790592088
win
550908576
167884052
776263450
861033727
782324835
751075968
win
782324835
584332668
701365005
829129950
782324835
530983440
752411220
716789143
837195751
845173980
706694121
814022154
597178200
762531597
800956000
631970640
444843441
807535508
839362590
837195751
849855227
265350430
701614248
829129950
861033727
569846145
731875117
829129950
781911000
837195751
814022154
70890481
845173980
845173980
169681648
837195751
595166838
696436732
829129950
720632400
849855227
327767650
480495400
669724673
742170464
793198098
806898864
285133443
707198492
837195751
469253100
767799568
693803997
799617900
774891900
837195751
802896094
829129950
800956000
72074208
861033727
716789143
766641016
800956000
829129950
845173980
494166160
800214371
582455512
156383024
514143652
819225760
515027292
362785443
win
653900533
776263450
631265145
845173980
662470521
766641016
386264435
861033727
800214371
731875117
716789143
206890017
662470521
807535508
606730644
728057136
win
729331795
849855227
693341682
837195751
839362590
469527872
728057136
829129950
490040086
752411220
807535508
526768644
538220097
654977624
830010420
752411220
740487470
660414303
695165853
845173980
703777240
679475280
839362590
434046592
157744902
372799236
544414966
728057136
728357410
675413443
275823926
740487470
829129950
844195128
729331795
701365005
149591988
861033727
749710610
575408050
693341682
600607840
113513135
win
738839577
467883702
707198492
766641016
767799568
813943850
716789143
845173980
726219701
671892000
707198492
839362590
845173980
817069248
772879588
707198492
168913880
522012968
689220620
729331795
861033727
149194728
767799568
726219701
591567120
552710403
win
774090452
861033727
729331795
703208520
309575259
728057136
675382647
849855227
814022154
720632400
591567120
715193304
381991626
837195751
win
845173980
800956000
47091402
782240641
484129968
752411220
709005010
477066699
662729175
405677375
729331795
696436732
win
802896094
814599027
829129950
790592088
555025086
448140664
695165853
716789143
806898864
800214371
452015848
637798500
76542900
839362590
800956000
500638526
778272726
650406912
738839577
807535508
849855227
740244528
774891900
762531597
839362590
743241259
win
707198492
505648836
363979980
372799236
814022154
606730644
434046592
674927120
817072557
849855227
729331795
807535508
814022154
800956000
839362590
815904201
644936712
226183848
740487470
543718464
707198492
716789143
800060376
682096950
675382647
804033104
319796775
740244528
697146166
731441440
839362590
829129950
752229925
808742396
766641016
837195751
781911000
684881100
861033727
560573074
728051330
845173980
837195751
763078692
697146166
815904201
861033727
837195751
849855227
606024005
543718464
669724673
839362590
113965470
372414016
740244528
715193304
829129950
829129950
726219701
512478222
365353352
591567120
776263450
793198098
837195751
442891856
662771964
533778655
626868515
767799568
720632400
626868515
697146166
693341682
729331795
845173980
839362590
845173980
861033727
849855227
725628306
839362590
735412788
641567960
305892345
464535456
464535456
635117280
674927120
570963484
703737442
745890282
729331795
774891900
849855227
675382647
751365980
806331242
435858080
426984306
566588580
772879588
814022154
800956000
712150376
707198492
671892000
134995930
849855227
win
740487470
752229925
696436732
849855227
782240641
590216176
861033727
781911000
719957040
695165853
664453525
678957936
830010420
723723237
772879588
829129950
541429200
839362590
650406912
434046592
662729175
808415604
814022154
725628306
win
626855243
749710610
778272726
701365005
830010420
467883702
766641016
74424112
703777240
612441240
829129950
752229925
778272726
809573396
707198492
766845875
533133744
win
731875117
671892000
win
835516875
697146166
781911000
716789143
754076288
531962361
464535456
798535359
727112808
684881100
591567120
814022154
829129950
861033727
806331242
729331795
582455512
766641016
507289260
798535359
775217655
316594080
464535456
590216176
735412788
806898864
817072557
324255330
767799568
845173980
585926340
526920933
480546918
503274375
829129950
473648384
640074731
600492672
690604670
751365980
626868515
800060376
845173980
537125083
798535359
74151042
837195751
829129950
814022154
671892000
706694121
662470521
845173980
566588580
win
653969736
327891200
225802332
703777240
345328786
677067474
837195751
766641016
552710403
697146166
740244528
373808245
798535359
576741048
279778460
799617900
845173980
693341682
win
572050656
849855227
503274375
win
597178200
611175573
723723237
575408050
837195751
731875117
793198098
686908075
776263450
716789143
684845952
837195751
776815440
715193304
782324835
807535508
829129950
749710610
631970640
839362590
103250130
59133650
845173980
585926340
802295986
740487470
817069248
740244528
333620202
740487470
742170464
88879666
807535508
844195128
355005612
729331795
669724673
467883702
845173980
829129950
776263450
611499885
767799568
558699456
729331795
781911000
684881100
716789143
776263450
640074731
800214371
845173980
664453525
477552750
465074610
837195751
800214371
win
740487470
752411220
410772390
324566220
390240494
637798500
781911000
776263450
572050656
800956000
807535508
538220097
421275206
829129950
818528830
611175573
793198098
774891900
310994604
7742161
538220097
win
809573396
310909044
585926340
790592088
397939230
781911000
774891900
861033727
win
800956000
679475280
526768644
693341682
774090452
651808680
441366261
740487470
697146166
738839577
589067053
837195751
837195751
671892000
82792008
800956000
810623455
win
800956000
50467200
782240641
633819291
837195751
861033727
422791812
686908075
701614248
729331795
662729175
728057136
752229925
707196141
535247949
512675474
742484160
642890688
330447300
845173980
740487470
817069248
807535508
693341682
723723237
837195751
807535508
582455512
814022154
817069248
762531597
800214371
707198492
740487470
849855227
800956000
752229925
715193304
515724480
781911000
554258536
497293000
800060376
802896094
633819291
803417572
762531597
653900533
731875117
win
738839577
776263450
782324835
582455512
839362590
839362590
win
845173980
839362590
803417572
270720260
740487470
782240641
693341682
win
837195751
660414303
660414303
849855227
845173980
740487470
660554348
671892000
707198492
781911000
829129950
696535830
611175573
83919930
813943850
697146166
637798500
752229925
776263450
531808319
662771964
703777240
247683915
849855227
436220900
707198492
804033104
277965573
631970640
565822416
829129950
win
590216176
707198492
839362590
829129950
526768644
829129950
736458944
480287349
728057136
790690719
495826344
807535508
807535508
752411220
839362590
735412788
612441240
781911000
671892000
731441440
696436732
247683915
703777240
681406648
297691961
189976440
740487470
813943850
767799568
800214371
93564074
772879588
549402100
612441240
452015848
3315117
698845680
661852130
861033727
839362590
win
790592088
662771964
781911000
701614248
612441240
774891900
434046592
269442294
845173980
774090452
728357410
671892000
806898864
829129950
735412788
800956000
534422504
563019984
800956000
626868515
624014100
782240641
669724673
310293002
767799568
298062012
781911000
800956000
564036520
671892000
712150376
129163520
484129968
849855227
800214371
464535456
738839577
222078612
495826344
637798500
781911000
533778655
806898864
671892000
654977624
829129950
83108514
800956000
549402100
626868515
723169450
837195751
813943850
703777240
861033727
691822366
709901324
762531597
540700000
845173980
487744858
702308248
830010420
674927120
575408050
490040086
844195128
654977624
505648836
697146166
381991626
837195751
531808319
774891900
626868515
608736276
729331795
295130162
774891900
538220097
772879588
752411220
751365980
830010420
707198492
600492672
102535342
310293002
800214371
669724673
611175573
837195751
507884256
845173980
640074731
782754531
776263450
89667504
507894700
662470521
317769495
849855227
714054060
742484160
705498340
845173980
650396160
829129950
774090452
680043149
419086720
326881152
798535359
807535508
38677619
861033727
839362590
845173980
807535508
win
782324835
861033727
755985890
829129950
451392568
590563169
274134039
660414303
829129950
845173980
782754531
310909044
370825500
849855227
839362590
713194469
845173980
526768644
669724673
310293002
728357410
582455512
837195751
490040086
782240641
475317738
582275330
657840000
800214371
781911000
798535359
800956000
507894700
829129950
671892000
837195751
620162907
752411220
766641016
743123850
735412788
703777240
713194469
723723237
win
649506520
798535359
845173980
800214371
653900533
582455512
839362590
861033727
win
467161718
774891900
681406648
817069248
626912796
738839577
313870088
531808319
269324825
628108173
740487470
808415604
861033727
813943850
484129968
837195751
228677456
716789143
728057136
701614248
113965470
751365980
774090452
464535456
100367608
738839577
807535508
781911000
736458944
861033727
678957936
861033727
766641016
774891900
622353429
503274375
793198098
774891900
293412240
11746500
742484160
799617900
626868515
752411220
845173980
669724673
538220097
799617900
782324835
662771964
845173980
800956000
798535359
776263450
837195751
793198098
660414303
793198098
800956000
560573074
781911000
win
740244528
681406648
799617900
707198492
766845875
660414303
500638526
590216176
593129709
543716848
152082647
141144229
723723237
win
436874240
707198492
807535508
38175867
240821532
802500606
837195751
743241259
735412788
837195751
804033104
829129950
725628306
754076288
861033727
800214371
552710403
675382647
837195751
654977624
752411220
649093200
662771964
487744858
845173980
310019136
662771964
729331795
829129950
470257632
762531597
662771964
806898864
837195751
681406648
689123985
705498340
781911000
740244528
595365888
653900533
742160308
507775581
595365888
751075968
68700333
555025086
460550080
861033727
619903245
606730644
735412788
679475280
716789143
win
738839577
725628306
635117280
829129950
515724480
806898864
win
682096950
729331795
829129950
677067474
269442294
849855227
728057136
658912761
766641016
800060376
240775840
740244528
849855227
766641016
582455512
837195751
575408050
662771964
707198492
807535508
254470984
557746891
696436732
559186003
552710403
742160308
837195751
156383024
585479388
595082950
526920933
762531597
572050656
701365005
win
372799236
861033727
657315456
553513233
649506520
774090452
662470521
813943850
681406648
702308248
617187184
597178200
682096950
839362590
703777240
798535359
643069778
75383710
781911000
681406648
693341682
662470521
108255280
729331795
256744332
206036860
806898864
582455512
778272726
185808420
736458944
362785443
766641016
802500606
829129950
837195751
808742396
778272726
778272726
845173980
776263450
752411220
721453824
752229925
829129950
637798500
484572864
575408050
707198492
837195751
703737442
206369982
837195751
809573396
698845680
707198492
752411220
716789143
782324835
829129950
636611388
809573396
92716209
684881100
679475280
306646191
575408050
316594080
285133443
333176745
807535508
608736276
714340500
464535456
762531597
839362590
657179952
461011590
507289260
410068611
526920933
752411220
800956000
829129950
721512421
484572864
win
849855227
640074731
861033727
806898864
845173980
504848253
845173980
696436732
849855227
861033727
829129950
107497611
782754531
845173980
837195751
698845680
641567960
861033727
799617900
708428026
653900533
752229925
win
597178200
837195751
207829817
829129950
650406912
464199381
845173980
726219701
win
807535508
716789143
845173980
356278780
550908576
845173980
686908075
845173980
807535508
800956000
24926080
716789143
631265145
582275330
591567120
696436732
549402100
626868515
684845952
729331795
829129950
716789143
802500606
591567120
431147082
845173980
742160308
829129950
600492672
701365005
782324835
837195751
662470521
807535508
793198098
798535359
781911000
win
774891900
684806440
799617900
837195751
149591988
751075968
829129950
703777240
829129950
766641016
861033727
465074610
752229925
861033727
800956000
807535508
654977624
807535508
829129950
807535508
740487470
707184177
861033727
662470521
649506520
793198098
829129950
837195751
740244528
837195751
724174420
464199381
540700000
782754531
774090452
839362590
582455512
798535359
692492240
669724673
849855227
839362590
660414303
640074731
647895945
466161930
582275330
740487470
695165853
845173980
742170464
491692696
675382647
835516875
707198492
689220620
637798500
626868515
703208520
211841682
671892000
614759256
815923784
330447300
675382647
265018528
829129950
729331795
585926340
703737442
829129950
688168845
585926340
701365005
807535508
600607840
612441240
829129950
798535359
508382556
569846145
585926340
799617900
242970420
729331795
win
698845680
512675474
748386375
684881100
752229925
701365005
554258536
799617900
189638240
800214371
436866034
806898864
829129950
798535359
723723237
176156580
595365888
500638526
829129950
431147082
win
861033727
690604670
778272726
487953516
839362590
728357410
800214371
800214371
381991626
453314496
729331795
500638526
582275330
802500606
win
829129950
738839577
win
540700000
32377170
381991626
310909044
799617900
697146166
782754531
364535448
793198098
740487470
421275206
845173980
469253100
522607496
669724673
800214371
813943850
807535508
740487470
703777240
win
849855227
740487470
701365005
win
839362590
701365005
782324835
837195751
776263450
766845875
590216176
576741048
669855420
849855227
669724673
win
766641016
861033727
707198492
201694437
681406648
691822366
515724480
782754531
win
662470521
807535508
740487470
win
762531597
806331242
782324835
740244528
815904201
720632400
781911000
250057692
538220097
766641016
861033727
707198492
845173980
829129950
514143652
435858080
778272726
305675622
719957040
799617900
731875117
win
807535508
703208520
633819291
814022154
845173980
707198492
752411220
win
774090452
752229925
776815440
738839577
829129950
829129950
748386375
845173980
707198492
844195128
715193304
766641016
540700000
731875117
531962361
752229925
662771964
279610884
287060708
519444862
642890688
807535508
531808319
657840000
548245960
835516875
653900533
207095854
540063570
861033727
772879588
837195751
800214371
806898864
600607840
708428026
800214371
793198098
503274375
743123850
565822416
716789143
728057136
706056000
723723237
740487470
705498340
693341682
626932040
526768644
845173980
790592088
win
731875117
740487470
829129950
839362590
738839577
316594080
675382647
671892000
800214371
802500606
751365980
702308248
752229925
835516875
595082950
640074731
win
464535456
782324835
317821392
637798500
845173980
405677375
146891264
752229925
644936712
671892000
703777240
508382556
637798500
697146166
716789143
740487470
729331795
194150572
800214371
782324835
807535508
491692696
837195751
807535508
861033727
543718464
751131748
817069248
355525746
707184177
679475280
win
460550080
679475280
401127694
690604670
549402100
849855227
361973695
774891900
800956000
723723237
774090452
410035755
316594080
837195751
698845680
817069248
664453525
480287349
569846145
752411220
861033727
845173980
738839577
807535508
508382556
689123985
774891900
640074731
839362590
814022154
287488408
776263450
701365005
707198492
839362590
829129950
582455512
714054060
726219701
817069248
837195751
win
845173980
600607840
570963484
720632400
327110040
763078692
662729175
839362590
336716065
861033727
837195751
793198098
752411220
582455512
626868515
701365005
849855227
5653440
669855420
651808680
752229925
550735805
837195751
837195751
693341682
680043149
607163980
707198492
766641016
835516875
390240494
807535508
845173980
707198492
win
532569970
845173980
134946975
752229925
464199381
695165853
845173980
669724673
829129950
740244528
839362590
533778655
845173980
845173980
837195751
800956000
740244528
503274375
845173980
845173980
813943850
778272726
817069248
662729175
715193304
793198098
861033727
win
176874596
806331242
766641016
807535508
849855227
win
669724673
837195751
767799568
308040725
686908075
657179952
310293002
829129950
572050656
557983775
701365005
691822366
723723237
807535508
681406648
808742396
293412240
707198492
800060376
807535508
829129950
240531759
830010420
491692696
767799568
681406648
800956000
845173980
1991378
849855227
766641016
296442384
309575259
807535508
729331795
800956000
798535359
774891900
839362590
800214371
win
773674631
647983368
538017663
107251200
429370164
win
817069248
806898864
806898864
590216176
644936712
776263450
662771964
807535508
531962361
552710403
495826344
837195751
669724673
782240641
487744858
543718464
729331795
397939230
367791312
845173980
611175573
729331795
538220097
590216176
176574456
849855227
367713300
845173980
829129950
752229925
809573396
829129950
837195751
743241259
790592088
837195751
837195751
640074731
849855227
682443801
774090452
738839577
492825424
245259810
487744858
806898864
176156580
766641016
845173980
475752956
849855227
793198098
540700000
686908075
849855227
762531597
782324835
693341682
534432690
731875117
751365980
845173980
829129950
382752419
861033727
845173980
709901324
731875117
531808319
510008310
740244528
282661835
837195751
324566220
735412788
800214371
774090452
861033727
772879588
640074731
600607840
849855227
802896094
845173980
800956000
813943850
807535508
802896094
802896094
538220097
752411220
705498340
752411220
686908075
703777240
620162907
837195751
491692696
709005010
38909184
738839577
800956000
728357410
740487470
434046592
641567960
716789143
762531597
526768644
799617900
279610884
686884298
487744858
70890481
573135003
861033727
677067474
807535508
742170464
283672064
837195751
849855227
766641016
829129950
526768644
703208520
473648384
745890282
861033727
743123850
776263450
729331795
800956000
606730644
305675622
642006171
835516875
701365005
681406648
837195751
752229925
829129950
800214371
813943850
806331242
817069248
626868515
503274375
626932040
490622720
837195751
837195751
win
766641016
161043540
701614248
845173980
660554348
837195751
845173980
464535456
642006171
608736276
861033727
738839577
725628306
716789143
707198492
703208520
703737442
82427301
582275330
800956000
835516875
798535359
695382168
win
782324835
845173980
465074610
837195751
776263450
484572864
246111393
798535359
752411220
win
829129950
774090452
644936712
642890688
671892000
582455512
837195751
800214371
626868515
640074731
829129950
729331795
800956000
484572864
837195751
531962361
774891900
837195751
662729175
635117280
740244528
455764542
729331795
681406648
665028100
845173980
434046592
460550080
569846145
829129950
837195751
611175573
686908075
829129950
728057136
626868515
793198098
732352101
637798500
win
win
751131748
457706534
660554348
win
33928033
701365005
740244528
837195751
21843906
161814933
589129320
740244528
6045155
729331795
800060376
813943850
804033104
600492672
800956000
512675474
552710403
806898864
388252304
690604670
684881100
735412788
802500606
526768644
729331795
653900533
804033104
608736276
807535508
861033727
716789143
799617900
861033727
861033727
575408050
740244528
839362590
607163980
431147082
800956000
729331795
766641016
154732368
839362590
829129950
813943850
win
720632400
861033727
729331795
814599027
695165853
837195751
729331795
800956000
600607840
806898864
702308248
743241259
305675622
814022154
682096950
611175573
595166838
211549902
772879588
688168845
669724673
845173980
813943850
745890282
591408825
154089008
723723237
507894700
530983440
682443801
714054060
582275330
802500606
421275206
679475280
558699456
515027292
512675474
116674014
806331242
690604670
582275330
790592088
729331795
752411220
803417572
829129950
491692696
807535508
530983440
778272726
653900533
774891900
693341682
63085284
740244528
662729175
425847705
35472251
470257632
740487470
813943850
684881100
win
569846145
807535508
861033727
682096950
837195751
695165853
849855227
662470521
728057136
win
27298816
266116860
781911000
33928033
691822366
763078692
701365005
637798500
703777240
778272726
407557030
729331795
845173980
829129950
679475280
807535508
585926340
716789143
781911000
423090216
781911000
626868515
861033727
615450150
703208520
729331795
715193304
644936712
762531597
127460862
767799568
677067474
839362590
669724673
740487470
829129950
436866034
189209592
845173980
729331795
740487470
774090452
554258536
861033727
697146166
487744858
845173980
526649172
261223326
624169500
645631728
728057136
530983440
662729175
470257632
455927232
504848253
456055570
837195751
671892000
861033727
701365005
686908075
861033727
434046592
681406648
300709142
681406648
729331795
640074731
845173980
767799568
793198098
772879588
612441240
861033727
781911000
679475280
766641016
701365005
701365005
win
277388886
win
728057136
725628306
861033727
660414303
503274375
772879588
861033727
815904201
300709142
679475280
837195751
707184177
605294496
774891900
817755448
503274375
591408825
682096950
740487470
win
861033727
731875117
660414303
861033727
669724673
740487470
701365005
671892000
671892000
845173980
742160308
635117280
684845952
728057136
845173980
829129950
697146166
434046592
713194469
624014100
669724673
487744858
782754531
win
582455512
285133443
774090452
589129320
766641016
752411220
861033727
751075968
817069248
716789143
845173980
504848253
766641016
622353429
781911000
703208520
597856428
845173980
590563169
845173980
740244528
597178200
582275330
849855227
132137280
752229925
662729175
837195751
431549870
653900533
545788803
723723237
829129950
634714890
703208520
839362590
702308248
782324835
762531597
803417572
327110040
626932040
552710403
829129950
802500606
669855420
837195751
538220097
522165336
807535508
782324835
849855227
802500606
813943850
247683915
win
774090452
707198492
766641016
671892000
738839577
754076288
626868515
401127694
319796775
813943850
837195751
776263450
win
767799568
729331795
684881100
464535456
669724673
297130670
776263450
712430840
807535508
689428096
671892000
460550080
484572864
405677375
707198492
682443801
469253100
684845952
807535508
604069451
708277161
740244528
762531597
766845875
774090452
752229925
806898864
372799236
837195751
366669129
781911000
626868515
731875117
829129950
640074731
381991626
845173980
675382647
837195751
745890282
782240641
861033727
829129950
766641016
575408050
728057136
410068611
800214371
637798500
690604670
693341682
776263450
469527872
815904201
817069248
win
win
740487470
776263450
829129950
729331795
814022154
664453525
698845680
793198098
766641016
win
829129950
win
win
861033727
647895945
538220097
809573396
861033727
800956000
793198098
687245691
440454975
707198492
740487470
813943850
738839577
win
804033104
595166838
671892000
660554348
740487470
829129950
696436732
815904201
698283525
633819291
543718464
735412788
837195751
807535508
829129950
781911000
845173980
695165853
669724673
471088512
273874944
641567960
774090452
707198492
830010420
606730644
703777240
817069248
782240641
628108173
709005010
552710403
484572864
335527674
830010420
503274375
740487470
675382647
624169500
729331795
526768644
837195751
835516875
716789143
620162907
559186003
837195751
647895945
448140664
675382647
802896094
649506520
274134039
686908075
530983440
839362590
300709142
356964368
740487470
829129950
324566220
752411220
310909044
669724673
835516875
57854724
591567120
842276150
631265145
766641016
698845680
326881761
507894700
win
526920933
800956000
774891900
799617900
win
30859649
807535508
751075968
720632400
612441240
677067474
