247416
245515
249591
247407
247425
246241
246201
247351
246961
247685
247611
247083
246912
246969
246234
247173
247174
246925
245646
247069
246365
249619
246317
246134
246231
245265
246297
249691
246186
246248
247276
248386
246913
245377
249873
252160
247797
247069
247254
252188
247296
246385
246705
247426
247549
252787
245437
248167
245838
246621
245912
249328
244975
248391
245973
247366
252808
247412
247309
247310
246290
247729
248463
244941
251992
247144
247400
247548
250007
246954
247413
245366
251177
246954
247392
249543
247066
247920
250257
248005
250789
246419
248467
251984
248838
247553
247386
252401
246386
251214
247315
251496
247433
246424
247381
245469
248747
246941
244976
247381
246258
247200
250301
248024
245983
246261
250059
250325
248205
247446
247453
246584
247916
252949
247372
249954
247369
247004
246719
247032
247759
246182
248805
253203
247396
247059
247159
247145
246079
245887
251820
246448
245672
245217
247658
249718
246685
252587
252892
247026
246665
247647
248471
247129
247134
247681
247281
246420
247344
246432
249012
246375
250518
246389
247543
247394
252860
245932
246776
247461
245305
248080
252081
246471
252792
247491
252641
246782
249729
246165
247407
245416
245567
250192
247247
247089
247556
250112
247370
247258
245694
247095
249579
253011
247394
247456
248008
246872
246851
245993
247507
246128
247860
250983
251298
244439
246479
247364
251137
246455
246747
246949
251327
245965
251309
247496
248512
246587
249409
246684
247225
247507
246199
251953
246865
246532
250837
244949
249897
246241
252139
247468
247074
248074
247189
246885
250339
247423
248690
250403
248943
246014
247285
251032
247408
247130
247450
246517
249439
247292
247657
246910
245745
246720
246434
251840
246063
247751
247640
248981
248901
247274
247523
246746
247515
246561
248962
247392
247445
245821
247486
246975
246727
245127
248789
247751
247453
252169
246636
250484
246002
251061
247002
246728
246286
245941
247766
247535
246098
247990
248829
248855
246686
246017
247198
247295
248726
246006
247202
246473
247492
251389
249189
246479
245535
248330
247487
245852
246546
246520
247681
247673
250142
247515
247854
246695
247735
248034
250946
250911
247840
246177
249925
247487
247485
247561
247166
249364
246343
247979
250158
246600
252533
251905
250926
247599
247764
252246
246823
246500
251964
246234
247712
246111
246713
247874
246542
247557
247685
247383
247499
246504
247471
248901
250523
246044
245384
246256
247499
246961
249045
247684
248692
246977
248419
244857
246248
252260
246344
247267
247510
247724
247524
247718
249977
249560
249964
247075
247539
247747
246538
247896
246199
246828
247754
246314
247756
249968
246055
247968
250670
246042
246602
252285
247760
248987
247872
249709
248217
247568
244744
249671
246823
253099
244851
246826
248462
246735
246309
246783
247603
247604
246382
247883
247532
248080
245551
247658
250568
252134
246829
246763
246304
245291
251750
246259
244912
246422
246771
245564
252524
246729
249397
247556
247915
247572
246012
249355
248043
248293
248299
247610
246662
247315
246663
246161
247433
247180
250130
250087
247636
247328
247579
247553
246796
247841
249151
246626
247986
246346
245990
252604
246883
246637
246186
247651
246686
247370
247743
247484
246730
247222
248852
250098
247579
247783
248429
246764
247701
247139
245817
246985
251553
249172
249681
247696
248439
246764
245778
247049
246659
249171
247729
247664
246230
249686
247781
245964
247652
246285
246490
246857
247872
250562
247686
246839
248501
246262
249210
247599
247625
248364
248050
249264
250028
248352
247612
248072
245002
252428
247014
247819
245015
250712
247614
247608
247610
246866
247607
247125
250576
252014
246253
250928
247638
247354
248808
245868
248371
249025
247664
247710
248001
247490
248897
246668
246853
247637
252352
248195
247788
246720
246392
246716
246888
245755
247533
246434
247845
245923
250935
247921
246068
248940
246595
247729
247230
248505
249068
248065
247864
247785
247938
247653
247732
247945
250095
248400
246817
245891
247578
252200
247644
248766
247725
253658
246856
247703
248159
247765
247635
249701
245995
249004
246790
247780
246953
247154
247696
248581
246769
245974
247751
253250
248209
248601
252231
247679
249508
247025
246416
245970
250250
250683
251709
247156
252711
251174
247717
246419
246585
247415
248369
247796
247667
250038
247881
250216
247914
246840
247686
246666
249212
248167
245522
247796
249045
246118
248039
248472
247635
247762
247880
249955
246988
246392
246872
247714
247677
246769
247668
248333
250564
250699
248343
247353
252557
246930
247396
246311
247700
247681
246555
246621
250253
247654
247144
247671
253254
247818
249780
246361
252129
247876
252806
252846
247614
247691
246852
247315
247724
248246
246919
248863
246403
246288
249189
248383
246756
246278
245985
247685
247564
246966
252424
247685
247766
248276
246456
248332
247678
246855
247124
251110
250216
252597
247683
248737
249370
250338
246854
250166
250620
246652
246541
247864
250545
248413
248019
247198
246752
247202
246897
248185
245970
247953
250905
247674
248837
251765
252862
248101
248032
253328
247735
249486
251975
247465
246219
246475
246964
247756
248540
247759
245645
250418
246931
250921
246991
246679
245913
247733
247695
248177
247452
249232
249131
247185
246452
246268
248204
247390
244996
247931
247720
247139
247176
247402
246821
249961
247420
247069
248313
248336
253468
248245
247132
248297
247474
247126
247786
253162
248204
248302
248051
248075
246904
249510
247243
252928
250309
246468
245258
250022
245502
247151
246808
245874
246889
246658
247765
250394
247280
252419
246296
250699
246796
247772
247368
247879
252419
251091
248062
253128
247784
248666
248650
251605
247746
247264
246714
248030
247072
248619
248675
252314
248309
246373
248125
246671
248153
247758
248276
246641
246745
247631
250263
247810
248977
248028
250299
248156
247934
247746
248361
252086
248034
246922
252433
253242
248327
246528
247329
247331
251023
252240
247338
250679
247710
247811
247017
247880
246684
249102
248329
248037
253583
247901
246988
250928
247801
247833
247972
247880
248033
248176
246534
247322
252095
247807
247050
246497
247089
252920
246917
249232
246684
247990
246271
245740
249360
249822
247249
247804
252804
246761
246321
246662
245364
252649
248005
246709
248045
248205
252370
250443
249695
251110
247769
247559
247165
247771
247409
247480
247544
246370
247834
248342
251108
247051
248298
246838
251127
245883
249358
245800
249195
248490
250987
251102
248885
248608
249491
247876
246959
247280
247490
245424
247842
248791
254014
247844
253353
250148
247993
247881
247412
252711
245816
251277
247876
246114
252862
251625
246500
250074
247872
247116
248256
252055
246196
249281
247876
246763
246772
247522
249547
250766
249040
248649
246275
248126
250522
247007
247534
247808
249261
248219
249473
250715
246657
246304
247808
246602
248043
251313
247399
247106
251613
247208
246802
246467
251290
250878
247855
250089
246601
246375
250192
246844
248274
248202
248543
247416
250502
252246
252110
246736
247901
247645
