533067
437676
787229
787229
787229
551373
527705
527705
527705
506113
399035
399035
377450
377450
377450
377450
377450
377450
377450
377450
377450
377450
377450
377450
377450
377450
377450
266548
266548
266548
266548
266548
266548
266548
266548
266548
266548
266548
266548
266548
266548
266548
266548
254095
254095
254095
254095
254095
254095
254095
254095
254095
254095
254095
254095
254095
254095
254095
254095
254095
254095
254095
254095
254095
254095
253620
253620
253620
253620
253620
253620
253620
253620
253620
253620
253620
215790
215790
215790
215790
215790
215790
215790
215790
215790
215790
215790
215790
212263
212263
212263
185321
185321
185321
185176
185176
112882
112882
112882
112882
112882
112882
112882
112882
112882
112882
112882
112882
112882
112882
112882
112882
112882
112882
112882
112882
112882
112882
112882
112882
112882
112882
112882
112882
112882
112882
104350
104350
104350
104350
104350
104350
104350
104350
104350
104350
104350
104350
104350
104350
104350
103635
103635
103635
103635
103635
103635
95795
95795
95795
95795
95795
95795
95795
95795
95795
95795
95795
95795
95795
95795
95795
95795
95795
95795
95795
95795
95795
95795
95795
95795
95795
95795
95795
95795
95795
95795
95795
95795
95795
95795
95795
95795
95795
95795
95795
95795
95795
95795
95795
95795
95795
95795
95795
95795
95795
95795
95795
95795
95795
95795
95795
95795
95795
95795
95795
95795
95795
95795
95795
95795
95795
95795
95795
95795
95795
95795
95795
95795
95795
95795
95795
95795
95795
95795
95795
95795
95795
95795
95795
95795
95795
95795
95795
95795
95795
95795
95795
95795
95795
95795
95795
95795
95795
95795
95795
95795
95795
95795
95795
95795
95795
95795
95795
95795
95795
95795
95795
95795
95795
95795
95795
95795
95795
95795
95795
95795
95795
95795
95795
95795
95795
95795
95795
95795
95795
95795
95795
95795
95795
95795
95795
95795
95795
95795
85311
85311
85311
85311
85311
85311
85311
85311
74199
74199
74199
74199
74199
74199
74199
74199
74199
74199
74199
74199
74199
74199
74199
74199
74199
74199
74199
74199
74199
74199
74199
74199
74199
74199
74199
74199
74199
74199
74199
74199
74199
74199
74199
74199
74199
74199
74199
74199
74199
74199
74199
74199
74199
74199
74199
74199
74199
74199
74199
74199
74199
74199
74199
74199
74199
74199
74199
74199
74199
74199
74199
74199
74199
74199
74199
74199
74199
74199
74199
74199
74199
74199
74199
74199
74199
74199
74199
74199
74199
74199
74199
74199
74199
74199
74199
74199
74199
74199
74199
74199
74199
74199
74199
74199
74199
85311
85311
85311
85311
85311
85311
85311
85311
85311
85311
85311
85311
85311
85311
85311
85311
85311
85311
85311
85311
85311
85311
85311
85311
85311
85311
85311
85311
85311
85311
85311
85311
85311
85311
85311
85311
85311
85311
85311
85311
85311
85311
85311
85311
85311
85311
85311
85311
85311
85311
85311
85311
85311
85311
85311
85311
85311
85311
85311
85311
85311
85311
85311
85311
85311
85311
85311
85311
85311
85311
85311
85311
85311
85311
85311
85311
85311
85311
85311
85311
85311
85311
103635
103635
103635
103635
103635
103635
103635
103635
103635
103635
103635
103635
103635
103635
103635
103635
103635
103635
103635
103635
103635
103635
103635
103635
103635
103635
103635
103635
