12964.553449076
5475.607354332
11603.860004769
17648.638688894
19933.670744981
8468.225512346
18472.820763663
19732.450464106
15396.691970782
18097.679625318
16590.364242629
16427.381631698
11148.290429472
2113.339928647
14792.336580559
3213.613986975
14584.069827388
11475.276081924
17233.500236492
9997.676028369
15048.228085551
7134.066344054
19325.946001813
2667.668555674
16344.664606415
16977.344634532
19884.499780483
495.880854298
14050.006903949
19878.790652760
18897.124397503
14265.954312976
19884.499780483
5391.237999255
18680.323750908
19831.975135871
14478.952159877
19722.443973924
18919.529514023
16901.915207047
7376.603338937
16427.381631698
13200.754591927
18552.078718902
9927.785979963
10205.437168490
16669.313573911
19529.363108624
19634.251021241
14104.495763955
1927.802582689
18803.192503042
19046.559496669
10747.293535126
5138.037711692
19556.298001421
19860.663425901
18655.050307258
17847.472401072
2575.975752951
19761.246329938
15820.732074187
16386.055134452
16260.816320001
4537.905760022
19583.023055837
18754.938201449
14265.954312976
2298.829273552
12904.999582826
18097.679625318
983.470249064
10205.437168490
19273.900190797
495.880854298
6061.003461282
19164.411569728
5391.237999255
1270.088760272
5894.364644724
14478.952159877
10067.533321090
17847.472401072
17648.638688894
10067.533321090
10612.606773700
13316.114977494
14050.006903949
198.988120000
1079.354631712
11731.507044617
1364.937189563
19669.070306096
19939.198294972
14843.805285752
9927.785979963
19940.027856546
19933.670744981
14584.069827388
19937.080898208
