3384
1431
1226
6
1124
3318
0
837
931
0
483
786
0
1155
0
623
723
1542
1457
439
477
0
483
1312
1311
0
614
477
110
1333
1389
1286
1841
1431
814
1399
1321
529
130
1375
916
1148
1098
1544
929
814
1319
0
927
381
645
2443
1541
2006
1742
909
2213
1155
614
2016
2128
1827
1478
1431
674
1561
779
1145
0
1123
1149
0
1561
1300
589
2475
0
1430
984
0
684
1068
885
1427
1453
0
0
680
1312
1947
2064
875
1141
614
645
1431
1828
0
2290
0
1431
875
1815
1293
0
1301
2205
930
1558
840
285
285
903
0
2205
814
920
1664
1369
678
878
2008
408
866
0
0
1290
0
90
2345
0
0
1321
1071
2298
1431
1427
280
1208
1242
697
786
0
1509
0
1545
762
1431
2325
865
1350
637
614
1674
1463
786
940
529
869
1068
0
404
673
1032
548
1411
2084
1301
1431
673
1662
1054
0
1121
614
1424
1568
1568
0
1032
6
1149
0
1008
0
0
751
864
913
1609
141
0
842
1342
1029
1848
684
141
268
0
461
0
637
0
1301
762
815
684
873
793
1979
1699
1431
0
1387
1568
1294
461
2325
6
6
1300
322
909
0
1373
1961
0
1174
614
51
1400
1447
2394
2154
1629
1545
1003
799
1742
2253
1748
1720
2300
682
0
1655
762
1478
1133
6
908
637
2310
1182
2214
920
1292
914
814
914
231
916
1637
466
0
0
1297
1292
692
1317
1030
1431
455
786
493
625
2506
2008
1050
920
0
762
786
1542
2175
640
0
2043
1599
1183
404
1572
1418
1387
1306
1032
678
2280
2598
1848
1071
1961
1295
6
477
1510
1664
6
637
1795
1561
1504
0
0
1699
914
1544
3512
913
1322
678
0
1898
2921
1655
2628
1019
0
548
529
1066
1431
755
341
614
868
0
1815
1913
461
1329
0
1707
1339
0
2159
0
529
2205
837
873
814
786
984
2283
1090
786
455
706
0
1968
387
914
1979
1375
2205
1302
1509
1511
2154
110
1883
1558
1369
6
746
791
110
1572
1322
51
1149
0
791
782
786
1561
786
1553
0
6
1965
2462
2289
1300
2821
614
529
3257
1277
814
847
920
913
1478
697
786
477
1709
110
679
873
533
113
920
756
538
914
0
477
0
1247
0
2154
1664
1634
2107
1965
684
1476
1699
6
1585
762
1142
455
1835
956
0
1699
1292
1315
1646
637
141
1830
280
637
614
6
1427
0
744
1431
885
655
1068
2063
0
2163
637
141
0
823
0
1811
788
4029
1431
614
1744
1509
2243
1149
0
786
1742
1993
1008
762
914
1032
0
1431
2406
2205
1742
722
1828
0
1297
1280
645
404
2223
2405
1369
1483
1065
913
0
751
2213
1431
786
3083
869
786
529
113
2016
1419
674
1602
1447
1716
0
1214
1546
1664
477
1019
1713
1293
1424
786
1528
786
1053
787
786
1133
762
483
0
2205
1361
0
1828
471
786
1885
0
6
786
614
1174
1945
1648
2044
2147
3083
2154
3243
1664
134
0
1979
1561
865
1044
1214
1182
1334
791
1070
1592
3282
1745
110
1292
1294
0
1237
723
1154
0
1300
1822
786
798
1497
2628
1071
1506
1431
645
1683
621
529
1638
1301
678
614
2397
1054
251
1827
1507
755
2726
0
0
3083
507
0
1344
645
874
1174
2154
1675
2063
643
1506
1032
697
2017
637
1387
800
1133
0
76
1592
1610
814
786
844
1979
903
1752
572
762
1826
984
1075
1158
632
1702
1300
1315
782
1431
1510
814
1242
0
1602
1907
108
870
280
875
6
51
1193
1979
2612
1182
0
1292
74
2671
1498
903
1659
3450
404
141
1152
1828
1883
1530
1431
1368
1792
1598
1828
786
102
0
723
1932
1233
914
1975
984
1510
6
471
723
520
0
1478
645
786
645
762
477
1781
0
1720
729
1321
0
1703
1650
1095
786
1418
870
0
1482
1561
874
0
1208
2280
4029
477
1922
1632
1431
1561
2037
1153
1251
684
0
1029
645
2066
1431
2205
1374
1297
0
814
726
1292
851
1664
896
1138
2300
1375
1431
814
1300
1399
316
1968
1321
420
922
1510
548
2154
1431
1149
1562
684
1970
0
1551
3257
1834
682
913
6
782
387
1216
1317
964
916
2156
1431
6
632
1171
0
1411
1431
742
1542
2205
2016
1993
782
798
2205
1009
0
913
913
644
1971
1333
814
1409
30
2291
1664
1430
1389
1076
2594
1319
529
645
614
1896
2205
2883
1567
0
1321
1133
2598
102
1424
1190
0
1286
788
2445
0
2310
1174
919
6
1431
2976
1237
6
6
1034
645
1032
6
2634
2305
814
869
786
1375
2205
834
1304
1628
1292
1784
477
681
1006
1349
461
141
1655
1315
723
678
1431
2052
1150
6
873
0
1118
2043
0
0
6
787
2169
1431
0
2545
1431
0
1384
1655
1530
538
1834
1911
1155
1300
1834
910
2689
762
830
0
341
1561
851
1319
1587
1828
762
113
2291
1435
2064
2169
785
1384
692
6
2082
1567
906
1076
268
1193
0
1319
1548
1286
914
417
984
884
1431
6
2612
0
2290
1300
1703
1561
674
4029
6
1946
1322
931
1792
1319
869
1155
0
637
1424
2119
633
1312
930
285
614
0
0
1585
788
1431
906
1510
1155
697
455
1312
1000
645
1090
1595
1368
6
2560
1032
1053
786
2512
1911
795
0
2213
1419
1834
684
6
6
1716
2044
1431
3058
2634
762
1447
0
1330
0
913
1277
1155
1664
920
1593
2414
2113
1530
1171
408
645
1123
814
2007
1572
645
643
2213
812
2552
1068
614
779
1558
645
280
2268
916
1351
0
896
316
900
1324
1494
1683
2154
1148
1154
786
0
2741
0
1545
698
0
614
1427
2406
0
1834
782
1342
1255
762
0
0
0
1095
1722
885
2016
1142
0
1155
2612
1312
1301
0
1448
0
1322
788
1708
762
684
1720
1494
1019
1443
914
2344
1662
2344
1301
1541
1587
0
1003
1542
1300
113
684
1294
678
404
6
1510
6
1155
2173
2125
1708
296
1290
1369
637
531
1828
3512
1390
1742
865
930
762
1110
2006
110
1510
1692
1001
2524
788
2158
869
920
663
614
1242
538
1312
2598
6
791
678
0
141
1572
0
1541
415
930
0
1411
415
538
1389
2203
110
1076
927
538
787
1369
914
1431
1699
1820
643
2022
1411
4029
510
973
643
1699
2454
2016
1431
2712
1124
759
6
1495
909
1322
280
0
1561
786
1431
692
791
785
864
0
1703
920
2205
1155
1815
6
1699
983
56
1431
678
477
1278
1883
1481
2325
2606
1171
2689
1305
1769
1501
914
113
684
1560
0
0
1537
632
632
920
1009
1577
883
477
1587
446
1348
632
1718
2154
1110
1482
387
2716
455
643
538
1342
356
1312
461
0
1708
786
2462
529
614
280
0
1317
1151
1984
914
1600
1430
0
762
762
0
0
1516
1292
1165
920
2067
1237
2314
1165
1619
466
920
1561
931
1509
0
984
1834
0
1315
2531
36
908
913
1071
1509
1592
1322
6
1637
1369
844
1293
1826
1272
1688
2318
1965
0
2175
2017
684
723
0
280
2589
683
623
723
1097
1300
429
0
875
786
1655
1326
1688
984
295
1961
0
1375
1419
1503
6
800
0
0
0
477
1712
110
1567
1815
2013
2471
2344
39
0
1128
1292
1312
678
1541
1277
1561
1236
655
1634
1155
1602
2091
1384
6
0
1306
0
1536
1148
477
645
984
2084
614
1431
1446
1133
744
1516
0
1848
0
1460
786
825
723
623
1561
684
0
1431
2484
795
786
0
1501
2324
477
455
1368
0
1032
1946
6
929
821
1065
1561
1705
786
538
0
929
339
1312
1171
920
415
1084
678
3384
455
1387
614
2064
1424
1431
477
1984
1561
834
1664
1699
674
914
2016
1431
1602
908
762
0
2389
1561
614
0
1969
920
1312
1713
2569
645
1781
6
0
280
0
1277
782
791
643
108
786
1177
2154
1811
1890
875
927
1277
0
0
614
645
614
0
0
920
1174
1431
108
1694
984
786
0
110
1082
614
1611
84
6
1446
614
790
0
0
1708
1561
920
645
0
2026
1655
1044
614
0
78
0
1334
614
1545
1032
1699
984
680
30
1292
678
1294
614
1466
2736
885
643
1155
762
1431
30
1510
1883
1032
834
531
2205
137
0
1828
3243
2484
1110
1418
2245
1427
697
703
1032
2264
6
869
673
0
251
1545
1568
1431
1834
1501
913
2016
786
141
2357
1174
1984
477
493
1214
1004
914
786
0
922
645
1664
0
1731
1032
0
2289
1911
1149
1707
1182
0
1664
1183
1297
786
1530
0
1827
2152
786
6
1708
0
408
1567
2156
0
645
913
0
1478
1965
0
1317
930
1379
0
137
1293
1545
1431
0
0
1319
1463
786
1568
914
0
1592
1629
1251
702
1319
929
415
1808
3083
1509
633
0
726
1509
984
678
1471
614
913
1321
1342
2175
909
0
913
637
2151
869
614
1147
1447
1509
544
2037
725
1431
352
1826
1304
1699
920
2154
2175
322
678
6
684
1285
1836
2067
1203
1339
2325
1883
1407
471
1431
2445
1431
415
920
678
1369
471
829
1070
0
1092
1153
1664
912
538
1561
1075
723
1380
2284
1687
6
1664
678
1922
1826
1312
1339
1047
927
614
6
141
1019
1867
2515
784
684
0
1973
908
1300
0
2300
897
723
2172
1292
787
1541
814
951
864
280
1300
614
895
1123
1174
2154
1699
1713
1431
446
1750
909
834
786
0
1592
1006
0
1374
6
684
0
931
884
1321
1509
864
78
1431
0
913
0
1315
1708
471
538
644
1541
0
909
1431
0
415
455
1828
280
643
1561
1720
141
885
141
1546
0
614
538
2223
762
823
1384
2226
645
786
2154
1369
684
678
51
1334
1277
744
2454
1334
1431
2168
313
1885
1292
1786
1317
2394
873
842
6
141
36
1560
2205
614
1292
1214
0
548
645
913
0
1121
1808
2064
0
1601
0
788
417
1272
1432
525
786
0
1542
1834
1574
110
1737
1059
1032
983
2154
0
6
1573
920
2520
2604
614
589
1124
1431
1725
0
1524
1375
1662
1708
0
873
1431
30
1826
1004
874
1506
2097
786
1326
1032
0
0
684
0
548
1133
0
1369
0
0
2156
0
1431
6
0
1830
1826
1629
1890
870
1019
988
1390
446
2140
1567
2006
1124
446
678
322
731
141
1592
1585
1501
762
756
1537
1664
1704
478
0
1694
446
1322
645
931
1321
1032
1761
1301
899
678
0
1368
461
6
1003
1047
2361
0
814
2016
30
0
645
714
930
1530
0
0
855
864
1545
1333
1431
1290
1546
1032
1974
1371
984
2223
645
2013
1527
1277
684
1277
113
1729
2064
1446
0
994
1277
723
1546
1333
1514
1123
1177
1155
1834
1848
529
134
3317
0
1561
931
614
1561
786
643
1183
678
1528
2157
1720
2205
0
1716
751
1431
786
1262
645
786
2634
1306
0
723
6
1431
614
1411
6
1098
0
1019
1155
771
1292
3083
478
2205
1218
0
415
2506
1208
1237
2290
632
1411
3257
785
84
2015
645
455
415
477
1131
2175
6
2044
927
1292
984
1864
661
637
1032
1019
0
0
0
678
875
1076
2154
0
787
1431
30
1445
1883
110
1692
538
614
0
0
1699
632
1509
1431
1664
645
0
1375
645
684
1174
477
913
1124
1431
110
1704
1290
633
78
0
0
1424
645
723
933
837
1742
2828
0
786
614
1699
1551
920
2612
614
1147
1828
865
0
408
0
753
2154
585
744
645
762
834
1761
1703
141
2708
645
786
929
1050
2475
1236
1619
1123
1030
823
1292
0
1655
1547
1277
0
0
655
1545
0
1419
1236
2709
1510
0
1568
1301
1619
1720
6
0
1032
141
1066
1317
1714
1431
814
0
0
1708
1431
1634
786
1351
1961
922
2044
0
6
0
914
1688
645
1655
786
1515
99
920
1568
1371
13
1432
632
1151
0
1292
1171
799
107
471
1174
2173
466
2969
1664
869
1374
1537
0
231
787
1911
0
30
889
1474
2152
1574
140
678
812
2158
1572
0
0
920
0
607
645
637
865
1883
786
6
614
1509
477
1342
0
1431
1142
1032
873
814
1593
0
1431
2971
1375
1278
614
920
414
0
387
1703
1828
614
1561
1761
2205
1927
1447
614
1124
1971
1911
1186
538
1687
1292
700
786
844
678
1822
645
1546
6
1922
0
1862
614
873
523
1865
6
1517
1688
1834
645
2205
0
0
1351
614
632
0
1830
6
1326
0
1545
889
78
637
520
614
1293
0
387
1834
1342
786
0
895
1334
0
1609
1411
913
697
697
896
6
1065
0
1834
1149
1431
538
134
678
0
723
645
1598
1561
1827
1103
2406
987
141
1174
684
2454
487
0
1032
786
1699
1277
637
2326
0
914
1947
684
1976
0
0
873
1655
1828
1277
1828
1742
723
1032
455
1414
1292
1003
2063
1316
913
477
141
920
728
1186
268
645
1598
1300
2337
1561
113
862
781
885
471
785
1537
1655
415
1664
0
415
1863
2628
6
2612
1592
1236
1334
1312
2755
0
1339
677
637
680
1561
1076
0
920
1511
84
387
0
1123
643
0
1561
1368
909
614
909
1567
455
637
1524
0
1321
0
1182
1817
1092
913
1322
2154
645
1911
873
538
0
1431
1510
788
466
786
1561
3317
1510
1306
113
1973
650
1512
0
1623
614
0
1020
0
1568
1424
6
2154
2598
1463
1463
1369
1827
415
387
1968
1541
1251
471
614
1911
0
414
381
492
0
614
415
1699
1065
1411
529
1478
885
1841
1317
920
525
1278
914
1478
477
632
788
538
1155
1431
1144
1561
2599
1047
873
786
3257
0
2214
1561
0
2283
61
2154
529
446
0
1375
1812
723
1922
680
515
1720
6
681
0
1451
1567
1090
2034
0
2921
830
0
1312
352
471
1568
1277
1512
821
1065
920
2091
471
632
4236
2283
1369
1568
1301
723
1008
1237
2037
529
744
0
1321
1137
1961
529
1962
1409
1655
1431
614
1375
1155
1237
629
684
1683
1092
1662
477
1280
2598
1277
1178
1326
461
762
6
1660
632
1369
2110
1431
786
2353
1403
130
698
1828
2214
1664
352
1174
1664
645
895
2131
1554
966
2016
786
873
920
0
1019
1315
1870
461
1131
1568
1411
814
1826
1627
869
842
1561
1536
0
2214
614
84
0
0
1431
927
3257
1509
2226
2084
1300
1389
1447
1650
684
927
614
2154
2283
0
1133
140
2039
280
1292
538
1306
1592
1375
0
2173
1558
786
429
0
1662
280
1344
0
0
1292
1575
0
786
786
2154
0
1708
1151
6
691
1159
1174
1300
4095
614
2016
0
1530
0
1968
107
1720
6
913
1032
834
645
1922
2034
1446
1431
2508
1728
1598
1968
6
614
1155
723
645
415
1032
1585
784
920
0
108
6
1312
1699
113
1237
1019
538
1911
717
2223
108
1478
869
692
1251
0
1742
678
0
1745
6
2205
110
1278
107
6
786
0
1237
493
678
1742
175
477
875
786
684
1541
762
684
1142
529
1431
637
1302
637
1174
1389
1300
415
1883
99
1683
1151
84
2037
1238
1419
113
645
0
1071
1032
762
931
1369
644
2314
1509
3257
0
781
2357
1662
678
1720
1277
1177
1142
1850
614
1300
84
2755
786
0
0
984
1076
744
2169
782
0
6
1092
2151
1103
1150
487
914
1664
6
477
1548
684
2634
920
927
1174
1352
2091
6
1911
6
1581
1632
2883
645
1742
1728
1911
984
1493
920
1419
614
1375
2009
1293
2097
1095
2064
102
786
0
3097
477
1748
762
0
0
780
814
680
548
1068
141
0
1317
786
684
0
1214
984
885
1431
1208
1742
650
1867
1712
1509
0
0
909
1826
2176
0
873
0
134
637
1697
455
1507
2205
2353
920
922
141
1527
744
942
2190
1961
417
415
637
1251
572
909
1655
523
645
0
4029
2203
1713
1716
632
984
1174
1707
1368
107
6
1032
2506
782
0
1312
2454
538
2156
623
2397
446
4157
1664
684
30
1183
429
1368
873
317
471
0
645
633
1342
0
0
1008
1968
3512
0
1155
1542
0
900
1674
317
446
1827
548
1171
2158
684
1032
0
875
1506
614
285
2156
1692
883
0
0
920
1655
678
1722
1865
782
1268
2064
1911
387
914
6
786
483
1827
1409
140
3097
2146
1651
948
1124
1827
6
510
6
1509
1720
913
786
1277
1317
381
1561
1142
408
845
1685
2325
2024
930
1307
678
1592
0
1292
684
0
0
678
2309
6
786
0
786
2244
786
56
0
1174
0
280
673
930
1170
680
684
0
1371
1510
645
1664
1699
1076
0
930
1716
0
1610
678
1716
0
0
786
0
2291
1431
483
0
0
1699
927
1509
1300
657
1006
814
67
1759
909
1009
1379
473
84
478
0
678
744
786
141
0
988
614
1560
644
1375
644
352
1545
2088
834
1650
6
0
1407
0
791
875
1302
1826
2612
0
0
1326
1008
897
1598
1306
2006
6
1463
2082
1329
786
2579
0
2283
0
0
645
1315
2014
2634
2267
1116
697
1435
678
920
614
791
786
0
723
1687
1561
643
1292
1431
786
800
1174
1008
744
1071
812
913
0
2486
1776
1881
1541
6
645
614
1962
6
814
1911
2427
614
1312
869
1106
885
0
1424
1768
914
1290
529
645
1561
791
1155
0
141
1510
1110
1068
2205
141
110
387
1280
914
1834
6
929
791
1292
895
0
137
0
295
0
2424
0
1319
643
1478
684
1008
0
0
684
1664
1478
1515
3243
786
1090
99
755
1110
786
1066
1446
2301
1306
529
0
786
614
0
1339
614
905
786
1315
643
786
931
755
1319
0
1133
1664
0
684
2214
771
1431
0
786
0
678
1142
1530
429
280
786
0
1719
723
0
0
477
1293
1561
1300
316
2154
762
0
1171
2006
1022
1664
1883
0
777
0
1610
1514
134
1334
1761
1305
1123
471
1369
614
1699
1699
786
645
2154
84
0
914
1004
684
0
0
786
1124
1567
1592
2107
785
1722
107
920
1585
1431
0
1292
1509
387
1363
1478
2199
1546
0
1438
2017
1504
825
1979
455
51
1431
920
2016
786
1945
1568
1506
1828
1568
788
1368
2205
1053
295
1186
920
2147
1352
873
1375
0
6
1317
645
2056
1334
868
2712
0
870
0
0
786
1369
1826
0
477
679
1540
883
1530
632
1352
0
0
1431
1431
786
6
1068
373
1334
2438
1726
0
678
1431
2154
1638
632
1968
2205
1431
1478
1863
786
723
909
869
1292
2076
0
1568
678
827
1911
280
1911
1150
762
6
874
1541
2154
2203
885
1300
1388
1622
2136
1965
0
414
1431
3318
51
1226
645
786
1517
0
1612
1324
1598
645
2248
1545
477
0
6
786
529
814
1674
920
2173
0
2107
1389
2667
1834
477
678
2154
1300
2475
645
756
1116
1424
1290
1568
1389
0
2173
0
645
1032
6
1326
786
1236
1524
1540
684
678
1494
483
1828
1174
0
1409
0
1006
1828
725
510
2184
844
1315
645
1592
1399
0
1077
0
1827
1638
1970
1824
1419
1071
1834
1664
1602
1155
0
692
916
1567
1278
1703
1906
6
0
0
2598
1316
1585
1497
1646
1076
994
466
1573
729
483
1600
984
723
579
0
1214
1827
3328
2064
0
1019
1277
931
1603
3083
756
984
2835
2067
1545
827
680
1561
1680
1251
1834
645
2205
39
2283
0
1182
1368
1431
1610
0
6
0
652
1226
0
446
1655
1699
1808
1296
968
1911
1431
2394
455
1076
1510
2598
1478
1674
1145
1131
317
0
1277
1294
0
869
82
0
674
1688
786
1321
1032
2213
896
2169
141
1514
1098
2283
1510
786
6
1975
429
1431
280
1431
1509
1524
137
280
632
684
786
1446
1380
875
1369
916
1419
0
1000
1361
830
2421
1655
678
1368
1504
930
141
538
1989
0
1032
1032
2205
0
0
2034
1019
1598
1133
110
1431
1300
632
1716
461
1826
2310
723
1492
1879
865
645
0
1694
3083
632
171
643
175
637
6
0
678
942
0
1103
1664
477
0
1492
2048
786
0
931
141
1142
1068
632
1688
2682
1142
1133
869
1149
1329
2612
723
814
0
78
900
0
1306
874
913
1092
0
1054
1577
1890
2205
2064
927
51
953
786
1688
0
2016
0
1828
2325
723
57
1306
2755
0
1449
1183
637
2203
920
0
674
786
2283
1431
99
477
1978
1826
0
909
1030
896
0
1511
3317
905
0
0
1209
1551
744
1317
0
744
2154
775
1403
459
1264
1431
744
899
0
2016
1103
1540
6
885
0
684
645
2024
1174
922
779
1664
1384
0
1277
684
1344
874
908
830
643
110
920
781
1388
632
1032
1301
1932
1076
1316
1064
920
0
0
108
2604
529
1254
0
1330
0
1054
0
141
1361
2233
785
1300
2443
2084
786
697
1828
3083
2116
1247
477
3243
137
6
1278
678
1881
6
1561
2213
846
110
1312
1053
1237
1896
141
790
2907
1530
1606
968
1092
1447
623
632
1301
1141
914
6
1510
1431
1171
6
1322
1430
655
1092
814
0
110
614
1965
483
1375
6
2259
2454
899
791
1369
30
1864
6
1509
538
862
530
1431
6
1183
645
614
493
280
477
1306
2280
1527
0
786
1742
6
762
6
51
0
762
1409
0
1553
2248
1144
1292
1834
983
645
1097
1334
678
2154
1569
2151
692
290
1357
1053
2205
1292
1009
1290
0
6
1585
0
2063
1598
1911
1512
1277
1312
814
791
1512
786
1864
645
140
1297
1431
814
1292
723
1006
913
723
1236
1419
929
6
2048
1068
471
746
927
865
1019
0
2612
1411
2064
791
0
883
1097
913
1447
614
446
2016
614
0
1427
461
885
1006
684
2205
1292
1824
723
1699
1447
2063
0
811
2269
930
1703
1080
869
1568
988
0
786
791
1151
1290
285
920
920
920
1752
1510
786
471
0
896
1828
1431
2310
1296
1149
1541
99
684
538
1683
529
811
455
645
2560
0
1512
3318
1319
614
645
2506
461
1451
900
2034
0
645
1850
2612
814
614
1530
678
141
1300
1655
1029
0
1478
0
930
1976
1870
1071
1697
2354
1561
2091
645
1664
0
1547
0
477
679
0
1068
1524
477
1792
637
623
1530
0
0
477
1664
920
1510
0
2088
722
1300
1575
1834
2154
1306
1969
1251
2043
1828
1431
1427
692
3512
684
0
1431
1328
525
1150
762
0
455
141
1828
1819
418
1459
1716
3257
0
538
140
1457
723
0
1290
1431
1494
1674
1277
477
1060
2064
6
1826
787
1003
2646
643
1237
0
0
529
466
2044
6
614
268
1699
1973
2213
471
1292
6
0
855
1321
0
614
1728
632
897
1430
1019
1032
1836
84
1834
1237
1300
1553
2270
1781
1300
614
678
2248
968
1826
1592
1317
869
483
2037
786
2110
2297
450
1292
141
913
929
1155
786
1163
614
762
107
645
529
922
356
538
0
141
2689
1791
1000
1183
875
1317
1092
455
1847
1431
0
678
2136
645
1294
1271
0
614
1424
0
1946
1234
1834
1544
786
0
914
1076
51
0
918
134
0
814
678
1381
6
0
786
0
1514
1032
614
869
1553
966
2712
723
1600
793
0
2667
1147
280
637
1519
790
1236
0
1019
1664
786
0
1384
1897
1133
812
1510
786
930
1431
873
140
3243
2545
875
1568
1312
1329
2450
645
538
1431
721
1032
1822
1703
746
1278
1510
678
1674
823
1514
1142
1278
799
1572
791
1431
3450
107
2386
913
678
1250
1368
2136
0
1142
1435
816
2506
113
1512
529
762
1516
895
0
2175
0
678
1008
1896
729
684
3257
814
1828
632
1019
782
0
2154
645
477
477
645
1263
1681
6
723
930
477
110
856
908
1483
782
1155
702
645
1431
1478
477
1110
1431
1431
1668
84
1720
1280
762
899
1463
1463
6
645
614
1032
918
538
1009
1863
1292
1009
684
2154
614
6
1298
1628
0
678
744
477
788
316
1509
4029
1482
1171
3559
229
1815
1587
913
0
1427
1155
869
1368
1699
217
290
0
906
723
1029
1802
814
0
790
1568
2344
614
1664
113
2283
3257
930
786
1431
827
1514
782
1431
1720
530
1703
786
1664
0
0
856
1032
614
869
2325
2439
110
2344
1519
786
285
751
446
2267
171
1466
645
2091
1558
2969
1745
1815
1828
678
1151
1277
1927
84
948
1255
2084
1961
1828
0
1545
1661
0
84
1431
531
1149
1510
1848
1664
645
922
0
786
700
0
6
1145
0
1544
1182
387
0
1030
1155
1411
1512
1435
986
1961
1545
632
1547
1203
1300
786
1674
979
1502
1443
0
1292
1896
141
786
869
1431
1380
1411
6
1290
2158
217
1561
1297
762
645
614
1380
1368
897
415
2741
1124
1086
645
0
1546
1369
1334
1339
84
6
1911
873
1757
786
922
0
1019
1319
1961
529
1445
538
1961
99
782
2452
902
30
1509
913
1368
1159
908
0
1599
0
1545
1660
645
1431
417
0
1509
0
755
1316
1110
0
1369
0
867
1369
0
316
1546
573
0
1820
0
1203
471
1053
1834
1292
1883
477
914
1116
1655
477
0
1664
417
1431
0
873
920
928
99
1431
786
1509
1319
1435
786
1667
916
1292
1290
1315
1032
697
1545
785
869
1431
1515
795
913
913
920
1974
6
692
0
0
107
0
1822
786
1424
895
1896
614
0
1494
791
930
1509
1864
684
1725
703
885
1409
1716
684
1319
645
1317
913
1063
1812
1592
1401
2245
1019
1319
829
2154
1375
762
1524
645
3384
1431
1285
110
1568
2205
1142
415
1688
909
1409
1342
908
1174
1375
107
6
1664
899
387
1131
2545
1277
1280
2612
1350
914
2213
1070
352
0
673
1466
1561
678
1686
842
1834
1541
1664
645
0
786
341
429
2499
889
0
786
0
1906
723
1137
1573
2039
678
714
2032
1509
623
1541
1827
2325
1183
1317
1300
1827
548
2612
814
1292
762
614
538
1282
1211
1592
1510
1292
141
6
786
0
141
1822
920
725
1008
1824
1713
1716
1528
1182
723
0
645
1961
446
983
548
914
415
914
1351
1431
141
2525
1326
633
2213
1418
0
1826
1638
790
1278
0
714
1946
0
842
865
0
217
1285
1351
988
1478
614
2082
875
684
1306
2113
477
6
1068
1315
0
1082
0
1984
2006
1381
6
1144
510
2523
914
785
0
1292
2935
0
811
1174
0
864
2088
1561
1175
549
1431
1674
1155
1445
1648
110
1098
1431
477
6
6
1509
1703
1958
1572
614
1697
1431
2006
0
1214
1292
1171
477
1864
0
2205
6
1817
1065
2818
684
979
1431
645
1368
531
762
529
1541
0
1664
1432
2542
0
1826
1032
141
0
1351
0
171
1174
920
538
878
1312
548
1009
786
645
2152
2506
1182
0
1255
1958
2598
0
1742
573
1292
1333
1174
1071
1509
1312
538
1369
914
1368
1307
0
1431
538
2515
477
2037
1697
885
1561
2063
0
446
280
2076
1068
529
678
1466
1389
782
1086
786
1431
2064
1292
787
1961
2667
1664
0
875
529
1826
744
1598
1881
782
2523
280
1095
786
752
1699
1375
251
0
51
538
984
1512
920
1368
107
1292
538
1471
2486
1668
1592
1827
723
1315
1008
0
1300
692
0
1716
2289
814
1431
984
473
720
834
510
1236
876
1009
141
1097
0
0
785
1911
1292
1065
1699
2016
1032
1960
723
1167
6
1322
1512
1863
1694
814
1008
1708
1592
0
1319
0
6
1861
914
1292
1542
885
730
811
1178
404
2712
2264
1326
1544
1334
1300
1911
1368
1008
786
107
3317
1822
1389
703
1142
6
84
533
0
614
1159
1095
786
1351
0
1825
751
0
1637
1883
75
75
786
1568
645
930
1708
1019
455
834
1277
1664
1546
1375
1059
1032
762
920
1660
0
1290
477
0
1292
2205
42
1664
1095
113
1142
913
0
538
1301
585
0
1655
643
280
1151
920
110
0
0
0
885
869
1076
6
1369
1183
415
0
398
3243
723
920
2883
137
1319
645
538
2091
1174
1379
0
1300
280
782
1516
953
791
887
1568
84
1568
1322
6
1961
834
1237
899
280
1560
614
1054
0
1592
1278
1828
643
0
0
1414
1826
387
51
1029
1443
2530
0
471
614
280
1375
2612
1568
637
1131
1059
1431
1674
914
786
0
723
0
692
6
920
2056
1251
1315
1375
684
1186
786
744
0
1131
2223
1850
2243
74
786
471
0
1585
684
1698
446
268
108
632
1592
2175
2213
0
684
2424
632
1646
1144
466
446
1720
1431
1509
1664
2604
1315
0
1300
1342
762
2064
920
1674
1300
1214
614
1718
1133
1742
883
2205
352
13
6
2205
1321
1237
1380
678
1431
1916
1152
920
814
984
1003
493
781
1592
691
869
0
0
0
684
0
762
2110
790
2671
417
6
477
786
1548
0
633
739
1697
632
2259
477
723
2146
632
2053
0
1699
0
678
1828
1537
1828
1680
1142
1544
2560
141
1369
0
2140
2154
1610
909
1561
1137
2405
643
931
920
1092
1375
471
643
1292
905
865
1720
1334
916
897
1152
523
614
1032
1602
477
1699
1546
1315
1561
1561
1144
678
830
632
1519
477
533
885
1319
280
82
791
1502
1699
914
0
1726
1431
1664
0
0
1424
78
2205
786
2405
1638
1659
477
1152
1147
1300
450
0
1705
942
1863
429
914
141
2154
1071
1361
791
814
6
786
909
0
0
1664
880
1713
1177
2022
645
673
1828
285
1600
1592
0
1208
51
1324
0
1380
1585
431
1506
1076
548
110
1883
0
1990
1974
846
791
883
1387
1703
1664
1133
645
529
1961
2032
1165
2157
237
0
0
341
0
477
0
1300
1315
2499
1155
2063
876
1726
2594
1530
1664
471
1514
1071
678
614
1775
1267
1708
2205
317
1664
931
645
478
1561
1142
1516
1922
1339
0
2175
1572
645
455
1541
913
1509
812
786
0
1304
0
1214
1431
1149
0
2042
2283
538
786
455
2068
1208
381
0
51
1725
0
811
1334
1510
1792
1664
0
455
1930
614
1509
678
538
1076
782
744
678
913
614
1155
1546
0
1054
2289
678
2063
1009
2126
1464
786
1389
1911
1255
2213
846
883
39
2154
1277
931
2213
1292
756
1431
1297
280
1369
1431
614
1720
762
1976
0
913
2154
0
473
786
1664
1369
811
1828
1032
3257
0
2022
814
1174
1193
1059
1713
1113
865
1546
786
0
0
0
4157
920
869
697
285
930
1725
0
1674
1290
974
1449
899
633
865
446
782
1637
1065
113
0
913
1237
2248
0
387
0
1411
1561
2716
4029
930
1368
510
0
429
870
908
1019
814
1431
1573
1431
2034
1029
0
61
0
538
1547
1660
2091
906
614
1619
2598
1704
1431
1380
1922
1097
632
632
1165
680
531
869
652
1059
1514
0
1142
6
684
1381
1826
6
2143
2966
788
744
1214
1145
2169
1351
4095
1504
1947
1003
2283
1688
1561
931
837
0
2560
1557
2154
1214
786
1492
780
814
477
869
678
30
1826
0
753
1424
0
1294
2156
814
1006
1316
2711
934
1664
2476
1431
477
2612
873
1321
1375
1560
2508
134
742
2773
1431
1361
1812
1292
1151
1558
2091
613
645
0
1071
1269
1683
1174
477
692
1315
1106
220
1728
0
1020
920
645
2300
1155
0
1131
1764
2405
141
6
920
762
2671
2683
1510
2154
1585
1646
1183
645
1703
1708
914
1389
984
786
875
510
1188
1545
2003
1373
0
1545
0
471
415
1655
110
1149
1290
0
2205
1369
78
786
683
533
1427
1029
1883
1419
1793
487
645
1375
515
141
1841
1558
1598
1674
1708
1916
680
1138
1668
1431
814
2283
6
1431
1509
0
1071
788
2128
645
1438
1968
1312
0
408
2042
2223
2439
1828
1132
477
2205
762
0
1389
1729
1906
2084
1504
2205
387
1935
1290
0
645
811
2344
6
30
1585
0
899
0
1598
2223
846
922
2579
538
1312
529
1334
0
1692
785
2048
414
1317
0
1587
2300
1389
1019
0
99
2248
3243
0
994
1326
415
2172
134
2515
0
1097
1510
1637
697
614
1494
787
1419
1545
1159
0
461
0
1319
678
141
1180
3257
873
1561
913
645
1718
1029
1333
1683
1514
477
533
2064
632
1713
0
786
930
141
1321
285
0
0
134
1514
2405
0
529
1561
2512
2156
1602
927
913
2213
1190
1334
477
994
30
1699
1443
855
1183
1427
825
864
629
645
1342
1536
1664
1317
1352
1708
1883
1123
2454
0
1399
0
684
461
814
1573
0
632
0
2305
0
721
1492
627
1389
0
645
0
1567
6
1145
1864
1911
1483
678
786
795
2264
870
0
6
1431
1847
909
614
420
110
825
1655
632
2373
1301
1149
420
1237
0
1277
1431
1598
1561
585
869
1448
940
2671
78
951
6
909
2283
0
646
827
431
684
0
2454
1183
381
614
1530
900
834
3945
2154
1514
1311
0
1306
869
1834
2205
862
1655
927
2205
2175
3328
2353
1497
51
2682
1032
1142
1431
746
1965
1431
2508
623
1568
1561
1826
2598
530
0
1638
2002
404
869
2213
1032
645
1003
684
2205
2457
875
1006
1158
814
1606
744
1705
1292
1389
477
0
1208
645
1292
1292
1483
1504
2388
869
0
883
1545
0
1545
1431
1828
661
3323
2671
875
1716
1431
4029
352
1149
895
0
678
2353
1431
141
471
1703
2267
1277
1097
1293
1290
1292
1716
0
0
1121
110
0
614
1060
786
1826
0
1674
1592
0
762
0
1300
1464
292
2634
1585
113
637
6
1716
113
1431
614
1142
786
1545
1958
914
1375
1095
613
2000
723
2304
1716
1614
1142
2325
0
684
387
920
916
0
1827
873
0
2524
678
455
0
1226
2305
2612
1524
1443
678
30
0
2344
1424
6
1064
455
1389
614
2628
538
2386
1699
1655
1375
51
1431
678
2156
1149
684
1855
0
1048
4029
1509
289
916
684
874
1510
2616
1652
2084
0
2667
2156
614
1214
1664
2371
1761
1326
1792
538
1186
2283
140
529
1474
2499
869
1431
1371
632
3089
2223
1054
4157
533
1846
914
1431
787
3300
6
30
913
1321
2172
1110
0
914
920
723
645
930
0
909
0
786
706
1834
455
2038
1795
1278
1361
1495
573
613
1317
1277
538
140
865
446
1300
6
1396
1065
965
645
1509
869
538
1528
1032
645
786
895
1315
782
1144
1446
1554
0
0
1068
2064
1317
0
6
790
678
6
786
1321
538
678
137
931
2114
0
782
2291
930
1427
678
1822
477
1542
1585
913
113
1131
1826
492
637
895
787
1167
1705
1713
762
1431
2143
477
113
477
108
134
0
614
461
645
6
2205
1494
0
309
1251
0
1312
1333
1292
538
108
2589
644
914
786
2667
1095
415
492
678
1664
493
1671
1768
1175
812
1282
1209
698
929
1214
1032
1424
786
1306
593
1277
0
0
1674
1431
2310
2175
1431
3282
1368
2545
529
684
914
1009
0
0
1546
415
455
1568
2283
113
644
6
1068
1568
1174
2143
1720
2634
1009
459
786
1668
678
1190
1396
874
1032
814
0
1010
455
1545
791
1664
0
6
2175
1375
2213
387
851
2506
0
1029
0
762
1968
786
2152
914
134
1865
1427
1216
1411
4095
1699
1130
0
614
0
461
1032
529
1494
1029
1879
869
1431
0
1561
461
1384
811
1827
1545
1351
1277
1961
251
0
529
1174
1431
0
645
0
0
814
2632
0
1032
779
0
2755
3243
0
1828
2154
0
1598
1351
0
791
2213
2726
1826
0
1431
0
2063
2290
873
1342
455
865
477
108
339
455
1664
0
1151
1558
0
0
113
2076
1029
1497
593
869
2634
762
1068
1066
1424
782
1278
477
0
1911
1664
1374
1431
984
885
2205
913
786
786
1478
678
645
786
1356
728
814
529
2147
0
0
0
721
1610
1660
1720
1076
619
1664
0
0
900
1182
1585
1183
140
1979
0
914
0
1708
1316
899
0
1826
1242
1324
1431
645
1000
1568
1915
903
1478
684
908
2628
1554
1655
681
0
2506
0
916
0
2560
548
643
1961
107
1651
869
902
1431
862
0
2128
1731
1317
678
645
0
1203
0
703
1545
684
728
4029
1478
811
2612
1431
1946
477
870
1478
6
1292
834
922
0
2267
1237
1277
2037
471
3257
3243
2290
1387
1300
1369
1411
984
483
2000
1547
0
814
2525
6
614
1171
1098
913
1828
0
1316
1095
909
0
0
30
614
1142
1090
2002
1716
1719
1510
529
2128
1826
2223
1960
632
1003
1032
678
867
786
1186
756
1306
914
0
0
2394
529
2140
643
429
1277
1155
467
1699
1369
0
0
645
786
2154
922
30
510
1319
0
6
1567
1059
2344
1319
99
786
922
1427
0
1965
1514
786
1186
1312
6
1151
1419
1561
0
0
0
0
2097
1898
1431
404
930
1070
6
814
1351
922
1792
1292
825
791
1530
1151
1664
1029
614
1846
1323
632
2268
786
1144
1634
2205
285
478
744
1560
652
1357
1431
2128
869
1077
408
381
762
771
697
1312
1668
1546
885
1369
1561
786
1491
1342
1292
2589
2016
1301
1592
0
1319
2344
1317
1427
2039
1357
1574
0
280
530
1915
1171
1019
1976
1592
1655
1321
2205
759
1363
1431
0
107
614
678
1664
2406
788
643
1076
614
837
677
538
788
74
645
1174
1547
2462
1277
110
137
408
614
1174
280
1070
645
415
2154
1993
1510
3257
398
1742
461
1828
2163
2935
0
645
1322
0
1911
632
723
614
1070
1059
1514
1709
1757
2633
786
1092
2634
1911
1326
2016
1380
1546
678
1631
1369
0
0
645
1050
1834
2268
0
0
867
1792
2907
429
1573
1174
2152
107
446
1776
1713
800
1688
2013
908
1610
880
1478
678
1546
1558
1334
0
0
1312
1585
2606
0
1149
786
1424
510
875
1063
538
529
387
1826
814
1879
1980
1431
1389
1680
1427
614
1979
2741
1466
723
791
134
2454
1342
285
1512
614
2325
1315
1110
786
1494
916
2205
873
1577
1510
0
1097
1019
1032
0
762
0
538
408
110
614
1916
1864
1680
782
1431
1174
0
0
1316
455
1545
1694
30
6
643
1515
1427
1408
1403
875
1238
723
678
1431
1979
875
492
914
1006
4029
2136
51
322
2475
429
1317
744
2017
1716
0
316
2213
0
538
965
2016
548
113
1818
1610
614
529
0
2450
0
920
896
1731
1545
0
1862
930
723
856
698
1154
637
1321
0
137
614
6
1517
2140
782
629
531
0
1568
1984
1583
3384
614
837
684
855
593
980
0
1300
0
0
920
846
2453
1077
762
755
1142
1153
471
684
1281
1292
905
1828
673
1431
0
1184
446
867
0
1333
645
632
2064
914
873
2063
1748
1019
1704
1827
455
1574
1445
614
0
788
782
2343
2022
408
1277
0
0
1848
0
1551
1905
1142
6
679
703
1163
914
2063
1009
107
1612
875
1431
461
1375
2628
477
1180
723
0
632
1019
1330
1334
854
6
632
6
6
786
0
1585
1292
1212
645
1541
593
2026
786
1277
1300
1509
0
2300
544
645
520
1273
786
2604
538
0
1335
1826
1300
1516
1516
1613
0
643
1731
762
884
2438
786
953
1828
913
1443
1342
1419
0
1174
1369
751
0
1879
880
141
529
1558
2118
471
0
1575
1290
1554
678
2006
814
2173
1478
471
2598
538
914
791
0
1822
929
791
762
1478
417
0
645
1705
1321
1277
920
1979
477
0
0
2712
782
2006
0
2300
6
1076
814
632
1368
1277
6
2300
548
585
883
0
1864
461
984
538
1352
1388
1883
2634
6
429
1448
1592
429
1664
782
914
614
1720
678
746
141
786
2546
415
1664
1776
703
1561
1720
1295
786
643
3318
140
0
1664
918
538
1431
2749
6
2205
477
884
1334
1390
692
920
1368
896
1290
1478
920
1466
0
0
0
1142
1506
681
1236
0
1664
916
1300
655
1447
4029
967
6
2154
786
2187
1674
2205
2205
529
113
1142
1065
1478
523
1634
0
875
1292
141
1123
1026
856
645
1592
811
786
787
1430
2048
1431
814
2531
645
531
1431
614
762
0
1592
643
2560
637
1510
0
1708
1315
645
680
1375
1815
2143
744
614
883
883
614
538
1471
678
1369
1277
1664
1019
538
1511
1369
786
1473
788
1237
0
0
1000
2022
0
0
1551
790
467
873
645
782
678
1326
814
869
1427
2689
0
1334
786
0
1300
2175
0
678
1705
1300
2107
914
1674
1687
477
914
1251
6
1123
78
478
0
2205
1290
1319
2175
786
1664
110
0
455
2000
655
2475
6
2305
782
0
1068
723
1705
1008
1716
0
1419
3318
1655
1315
2167
927
1220
842
1510
637
455
1585
788
697
0
1150
614
1177
0
6
415
1946
1443
0
461
493
1071
720
0
113
614
920
1322
1384
1688
0
30
786
929
900
786
1466
322
1431
573
478
2413
2107
2158
678
920
931
2290
1828
74
645
2471
1431
0
2205
0
1902
652
477
2683
1237
869
1301
2173
1558
51
1611
759
684
865
510
865
2726
684
2154
684
1183
2471
1226
0
1290
916
0
678
1545
1369
1674
2213
1277
0
1375
1603
1708
0
1320
823
1317
678
645
643
0
786
2300
0
141
529
1390
1561
1958
1068
916
1536
1124
786
2755
1369
788
643
1068
0
1545
2213
1375
1979
751
1714
786
782
2154
632
1492
1431
1572
1443
762
678
1446
1123
4095
1828
842
922
645
1339
1277
0
786
1427
2157
1968
1834
461
614
895
538
1237
614
875
1236
1545
2067
1515
548
680
0
782
141
678
1592
0
1561
762
1510
786
1312
2064
1742
1019
2044
2175
1059
929
678
1558
984
1510
455
84
1098
6
1510
0
1506
0
788
678
614
1961
725
2560
0
1561
0
645
2598
1989
51
913
2345
786
2344
1545
1399
466
1351
1272
632
0
1307
725
0
1273
723
2353
632
0
0
471
1466
920
6
614
661
1374
1742
1137
759
0
0
1264
171
108
0
379
1203
1059
703
613
1071
869
1431
1534
1326
1071
729
684
1664
920
1971
0
1862
2097
1720
1238
795
1182
417
814
2064
1009
746
6
645
1431
1763
632
0
1375
905
1561
884
1182
830
786
6
786
1390
1174
251
1704
927
1402
2450
2126
1315
1019
2024
529
1593
1692
1431
867
1144
2344
0
1502
869
645
1431
1913
2604
645
0
1482
678
931
0
1453
0
1177
6
1032
1530
2159
908
913
6
0
1569
2006
786
1776
1349
1883
1095
1965
2248
885
1528
1326
984
1509
2213
2818
645
678
477
1411
2353
2154
0
875
1237
632
791
920
0
0
1171
6
1431
790
2154
1005
1151
2152
930
678
0
614
0
1699
678
2154
1561
1528
1174
1509
0
0
1128
834
1560
0
1971
6
1447
2726
2634
684
415
0
813
1430
678
1076
1431
909
1177
1828
285
678
1427
1053
1431
614
1482
1237
677
429
1704
1876
786
0
2003
645
1560
1076
404
1123
1306
2388
2300
1290
0
1142
837
515
678
0
1247
782
814
1516
2064
922
762
913
1375
885
1071
678
1300
645
1561
930
2454
0
0
645
529
1501
0
1381
1300
1537
678
1226
2452
1568
1277
678
1048
1220
786
2300
633
1512
782
0
1431
0
1342
1155
1659
873
0
1820
785
343
2344
706
0
1763
930
786
529
867
0
0
1660
2043
6
2154
1827
1349
1300
1819
1097
1326
0
3945
0
1440
2305
692
0
1374
2067
914
678
1958
1321
6
455
461
1510
0
2205
0
36
2283
1403
1178
1431
0
2671
84
417
1032
916
1302
0
2486
2531
322
1379
1915
0
0
1019
0
1494
1947
908
1603
1431
0
2064
645
1860
684
0
1713
6
2506
1587
1174
1556
920
787
1431
643
786
1183
1411
1373
1592
0
1264
1965
0
899
6
6
108
2084
1697
6
1965
108
1834
1065
1973
1123
1969
786
0
1158
1342
2203
643
2264
873
381
614
6
6
3257
1137
1834
837
533
1368
931
1368
2506
814
533
1699
1568
1278
2612
1321
869
1077
3257
2154
873
1888
1155
446
0
1664
1431
1664
4029
930
786
1524
446
0
684
1005
1054
1368
900
1149
1896
914
614
1507
775
2034
1369
920
1434
280
1638
1494
1748
0
1431
1174
0
420
914
869
632
1545
1509
1307
1713
0
1390
1905
554
1655
0
692
1380
913
0
0
0
1419
873
1387
814
1720
2026
645
678
1177
703
2634
1431
2457
931
670
1142
2018
478
6
777
786
1822
678
418
1317
1008
2353
2213
1142
1067
2656
1389
2300
1431
1076
637
885
141
786
869
1319
786
1828
920
2022
2671
471
1431
1655
1022
3384
953
0
1581
140
632
823
830
697
2213
1726
280
0
113
84
1509
0
1668
1572
984
1427
1664
846
1329
0
455
896
1822
684
1369
1554
920
1321
649
0
0
1572
1071
844
477
6
0
786
1567
786
141
57
593
614
1290
455
0
1841
1655
0
2176
1019
920
1290
3384
4157
1447
632
2084
800
548
1009
632
1648
2156
0
461
0
2289
0
1321
1368
2300
674
84
791
703
1262
645
1380
1546
455
1592
755
1568
1720
645
1319
814
1424
1322
0
1558
1008
723
0
6
280
1561
762
0
0
0
6
1292
1133
786
2016
780
786
697
1546
1509
1587
1600
2500
1911
0
1197
529
913
786
1431
1558
1431
1149
1010
1300
1979
2016
3318
0
82
0
231
0
2291
140
1183
931
994
2205
2305
782
860
0
735
446
1262
84
1509
1664
316
529
1504
811
538
0
0
0
0
1742
446
1634
285
2174
920
856
1545
2223
1032
1510
6
1208
873
1059
614
1326
645
1095
0
6
1561
1664
1902
0
74
846
643
1664
0
0
2213
930
1217
1883
2710
645
1334
141
141
994
790
0
1619
1655
1510
1495
643
1389
909
2006
614
1149
137
6
1174
2179
986
1142
645
1509
84
645
1509
0
439
1699
2104
102
782
0
684
446
1808
0
2017
1431
902
1431
1202
1509
1342
1662
1655
2283
1324
1149
1498
1319
1761
1399
1660
2076
1541
3272
2486
1932
3083
2016
652
1008
811
0
0
538
0
471
2344
1384
0
6
0
632
723
538
459
1973
0
1699
548
786
6
0
414
762
1458
1827
137
1334
538
285
1664
1373
231
1032
0
0
678
1237
1203
1300
1463
623
2633
1389
791
1688
1478
529
1826
731
1881
1399
1076
2515
1424
309
725
1142
1973
0
614
0
1317
914
107
0
1697
0
814
1826
0
1447
873
1834
1067
529
869
0
387
1459
0
1828
1152
1032
1154
2413
845
2064
1561
1661
874
1826
645
1431
1068
0
387
1592
529
0
967
417
680
0
1668
922
141
1478
1674
1492
1164
0
0
0
1503
2542
1545
471
6
780
1971
1306
914
1768
814
1293
643
1579
930
2291
1922
782
645
1110
0
1411
780
0
786
141
1558
786
2032
1478
1459
762
964
895
1432
1315
0
1863
1306
0
0
873
0
313
1317
2056
1431
1906
1183
1726
1506
1827
684
107
0
1032
0
1510
2091
1763
2454
645
1688
0
0
1431
684
1326
1032
927
2325
1458
2147
1826
1530
1574
920
0
1503
2612
1292
2325
0
0
1411
0
0
873
0
1155
1517
786
1368
1896
885
1375
2712
1363
2152
678
1598
2088
811
2016
387
684
0
786
1190
352
1431
645
1961
1123
0
1032
785
1482
1969
1573
780
1699
477
869
916
791
0
1306
110
1130
786
786
652
1277
0
920
0
0
684
1558
873
0
0
791
994
1547
1182
2712
1510
1292
1699
1032
175
0
786
417
78
0
661
525
927
1517
317
684
1561
1703
0
645
0
788
2116
0
913
2223
529
908
867
1509
1334
1579
529
723
1292
2578
837
2883
1712
0
1834
1317
791
1106
6
1068
2168
593
837
885
614
1826
866
0
477
723
2226
1655
1431
1492
790
1561
645
2002
2214
645
0
1478
922
1888
520
1509
446
285
592
632
697
637
637
1431
632
2397
0
0
1748
1730
862
855
1174
994
1655
781
1322
102
1368
1301
0
1390
1546
1817
531
2915
1561
0
913
697
1032
0
1326
1294
1699
1752
844
2324
1558
0
1063
1558
837
0
1510
643
1068
2471
678
2154
811
1171
0
1775
0
414
1150
865
2175
1029
3257
1342
2002
0
0
782
984
268
1292
387
645
948
786
1655
0
914
2002
2046
780
1561
2022
523
1506
2344
646
678
1149
1431
762
3317
1485
1742
1277
1459
895
1568
645
913
614
2344
1334
417
1530
1879
1431
2067
1300
827
0
1492
1902
786
614
0
0
1524
692
538
0
461
1342
814
632
746
1561
1177
723
869
2598
723
0
1173
1655
108
834
786
0
1573
900
723
1431
814
1174
786
2172
645
786
1352
1319
1174
1697
885
1976
846
1664
2598
1368
2007
1247
953
1059
1793
6
2616
0
1342
1509
1419
538
1174
1708
869
408
1008
1463
1237
1431
1300
0
1292
1509
0
0
1431
1032
1611
1609
1602
1272
957
1319
2154
1462
1324
984
285
874
755
1319
614
1664
652
446
1568
1699
1536
1650
531
1435
6
1655
1561
786
2104
0
2002
913
414
645
814
0
782
0
2205
477
1716
317
110
916
1561
983
895
1592
593
2634
6
632
0
1545
2156
1277
1142
1430
6
1237
714
786
0
1512
6
862
811
920
1305
914
1720
6
2163
