20
18
18
42
19
20
629
19
137
16
132
57
19
127
450
18
19
236
248
91
28
28
50
19
109
708
20
21
45
467
65
20
19
19
20
19
19
78
19
18
42
18
19
62
329
18
20
412
559
145
315
429
19
47
19
52
20
473
279
20
835
264
33
19
18
64
32
356
19
57
38
49
51
83
29
16
20
72
79
18
353
220
91
672
20
18
18
19
18
689
190
79
21
19
19
19
19
489
55
20
71
62
203
315
33
18
18
35
515
19
836
19
839
19
19
200
315
748
19
215
20
703
240
18
18
27
175
179
292
18
49
110
18
451
35
150
86
18
18
20
19
99
50
56
32
20
19
91
19
282
110
19
20
63
19
56
579
556
309
277
410
46
17
20
20
19
87
24
17
142
238
360
62
296
543
18
209
17
349
19
84
28
18
18
77
424
18
27
233
19
18
18
18
44
168
53
19
65
247
17
178
19
18
79
20
19
18
40
19
344
19
894
18
31
21
18
17
41
17
119
29
355
52
18
63
77
19
20
228
797
364
192
152
452
19
19
240
27
124
65
423
33
43
48
621
310
108
61
132
18
309
35
65
61
297
18
19
41
89
19
18
244
19
18
18
19
16
129
216
18
19
19
142
34
18
76
17
18
17
19
125
18
800
20
214
18
89
917
19
20
80
72
45
19
513
18
150
19
495
325
19
220
616
261
49
558
230
17
43
18
149
19
235
19
20
20
42
19
19
86
50
19
391
19
343
862
19
55
56
17
90
722
19
28
34
18
19
85
108
385
149
17
20
58
18
678
134
97
19
165
133
69
638
18
234
30
20
40
95
219
183
20
497
546
19
18
272
19
20
175
235
86
18
20
561
152
18
371
19
226
198
19
18
55
619
18
34
18
19
121
18
383
59
19
276
19
129
18
18
20
18
323
19
378
40
507
18
19
23
82
139
231
534
19
120
18
82
283
19
19
349
20
410
92
24
18
18
31
337
30
600
302
18
247
16
68
19
20
19
17
18
180
27
58
55
401
40
504
110
19
19
19
509
19
121
270
181
551
662
31
19
19
20
367
18
24
19
89
19
384
19
737
74
247
106
111
54
16
18
19
382
309
631
88
75
67
119
141
19
541
178
64
20
20
30
87
398
19
51
92
39
99
19
20
274
20
19
19
19
569
18
17
51
258
173
20
479
18
19
19
83
330
187
20
87
390
19
18
32
244
21
19
78
260
588
86
19
592
19
19
99
26
19
57
19
18
18
128
18
75
199
18
20
18
17
61
37
17
18
82
17
19
18
131
345
18
19
73
20
91
20
38
15
18
21
19
89
19
63
347
19
855
206
251
359
122
227
18
127
17
18
19
750
20
212
36
19
20
17
19
18
54
32
193
121
19
19
28
80
18
25
177
20
19
20
42
141
17
186
67
31
19
19
83
166
25
18
236
17
20
69
208
54
20
19
456
80
44
20
40
17
155
120
268
26
19
20
20
27
305
660
20
70
51
32
18
26
287
35
25
18
17
17
764
175
70
422
69
19
19
20
18
368
375
120
19
238
18
20
499
288
229
90
765
36
188
100
18
746
20
83
18
118
109
18
75
20
20
17
19
454
82
530
797
19
19
16
19
18
274
17
19
76
34
127
19
18
20
303
20
728
62
175
80
33
43
71
18
33
58
170
274
80
311
92
30
243
85
252
18
141
323
20
19
19
89
52
334
192
22
19
71
19
19
19
19
66
19
242
25
19
19
397
81
43
20
133
20
114
72
18
287
449
17
19
17
19
19
643
38
17
18
18
105
34
134
250
18
261
99
238
19
438
19
58
19
250
27
464
76
188
20
41
19
136
166
18
18
18
20
152
569
212
22
391
106
466
54
37
19
18
53
80
19
84
861
18
19
39
236
37
19
24
45
52
650
82
19
68
20
115
180
19
354
88
185
68
45
19
129
19
84
196
47
236
20
16
91
17
74
43
561
19
18
57
46
59
18
37
18
18
63
19
34
40
691
297
20
19
81
28
219
19
55
525
24
303
19
18
82
20
20
195
182
18
52
164
18
36
84
20
18
18
17
465
186
18
46
488
110
19
17
19
82
224
18
33
19
432
20
749
340
74
82
19
867
20
113
17
19
21
905
33
100
365
917
187
20
68
20
20
160
20
161
75
184
18
86
391
60
19
41
19
19
830
17
372
20
78
17
20
20
18
21
18
73
313
24
19
201
73
82
610
251
17
600
18
30
19
20
175
23
18
19
18
19
235
147
78
81
97
31
118
20
378
19
138
19
20
342
