---19---
1 2
---18---
1 2
1 3
---17---
1 2
1 3
1 4
---16---
1 2
1 3
1 4
1 5
---15---
1 2
1 3
1 4
1 5
1 6
---14---
1 2
1 3
1 4
1 5
2 3
2 4
---13---
1 2
1 3
1 4
1 5
1 6
2 3
2 4
---12---
1 2
1 3
1 4
1 5
1 6
1 7
2 3
2 4
---11---
1 2
1 3
1 4
1 5
1 6
2 3
2 4
2 5
3 4
---10---
1 2
1 3
1 4
1 5
1 6
1 7
2 3
2 4
2 5
3 4
---9---
1 2
1 3
1 4
1 5
1 6
1 7
1 8
2 3
2 4
2 5
3 4
---8---
1 2
1 3
1 4
1 5
1 6
1 7
2 3
2 4
2 5
2 6
3 4
3 5
---7---
1 2
1 3
1 4
1 5
1 6
1 7
1 8
2 3
2 4
2 5
2 6
3 4
3 5
---6---
1 2
1 3
1 4
1 5
1 6
1 7
1 8
1 9
2 3
2 4
2 5
2 6
3 4
3 5
---5---
1 2
1 3
1 4
1 5
1 6
1 7
1 8
2 3
2 4
2 5
2 6
2 7
3 4
3 5
3 6
---4---
1 2
1 3
1 4
1 5
1 6
1 7
1 8
1 9
2 3
2 4
2 5
2 6
2 7
3 4
3 5
3 6
---3---
1 2
1 3
1 4
1 5
1 6
1 7
1 8
1 9
1 10
2 3
2 4
2 5
2 6
2 7
3 4
3 5
3 6
---2---
1 2
1 3
1 4
1 5
1 6
1 7
1 8
1 9
2 3
2 4
2 5
2 6
2 7
2 8
3 4
3 5
3 6
3 7
---1---
1 2
1 3
1 4
1 5
1 6
1 7
1 8
1 9
1 10
2 3
2 4
2 5
2 6
2 7
2 8
3 4
3 5
3 6
3 7
---0---
1 2
1 3
1 4
1 5
1 6
1 7
1 8
1 9
1 10
1 11
2 3
2 4
2 5
2 6
2 7
2 8
3 4
3 5
3 6
3 7
