7022887 647288697
7357604 683509245
8405634 554369724
7618290 563192991
7765622 485371595
7697521 82450674
7606393 989304325
7506764 329710110
6451460 477331131
7375490 261703074
6866624 272656409
8329449 270085500
8569547 277027405
7007852 87041320
7705782 288844102
7851463 242024145
7371456 677385443
7342302 981597552
7746711 478726458
7927808 634238654
7904229 441596073
7937140 700502448
8099820 471432067
7566818 635503725
7827548 938384414
7681381 343231097
7364545 774483519
8024089 82774499
7435087 22436989
7876758 463424119
8498804 713777291
7396664 793864925
7343438 745577870
8282718 304945672
7633147 318702758
7545255 540355554
8110977 937771935
7457567 897596349
7407284 70428645
7913795 328703557
7772332 648509927
7683583 708837499
8170057 468678031
7692038 643044750
8053475 885197527
7789631 555292696
7057832 934482463
7933652 382979090
7584553 615338857
7201148 192087858
7907615 694021133
7649532 199450278
8045022 14384912
7679568 373487303
7722170 958964846
8284017 498252258
7088140 42860047
7464357 43927257
7934323 992829012
6949168 190963840
7404791 813904772
8276918 992966793
8310583 440335708
8337035 245076107
6777607 560893146
7601489 611799881
7829173 50096499
7053106 850359833
7758551 447500195
8189762 54051970
7941627 693230092
7296605 79222033
7995043 96340666
7823059 182092440
8301195 993277296
7172570 258698362
7339416 629352195
8523120 858328898
7765781 480309925
8554483 236953602
7106691 371903579
7828982 916974668
7905846 778567083
8289825 965436292
7612630 644150427
7743556 75195864
7858166 24691707
7540148 755320126
7844554 173356517
6833946 18199410
12506531 710383896
12078940 163937117
12609417 238768235
12061717 691565825
12439158 483295154
11904169 164444165
13366953 825924574
12521610 789939903
12560347 992903050
12965360 855656217
